<?xml version="1.0" encoding="UTF-8"?>
<testsuite xmlns:xsi="http://www.w3.org/2001/XMLSchema-instance" xsi:noNamespaceSchemaLocation="https://maven.apache.org/surefire/maven-surefire-plugin/xsd/surefire-test-report.xsd" name="TestSuite" time="947.562" tests="32" errors="0" skipped="0" failures="15">
  <properties>
    <property name="java.specification.version" value="17"/>
    <property name="sun.jnu.encoding" value="UTF-8"/>
    <property name="java.class.path" value="/Users/unbxd/Downloads/UNBXD-QA-RECSL/target/test-classes:/Users/unbxd/Downloads/UNBXD-QA-RECSL/target/classes:/Users/unbxd/.m2/repository/org/fluentlenium/fluentlenium-core/0.10.3/fluentlenium-core-0.10.3.jar:/Users/unbxd/.m2/repository/org/seleniumhq/selenium/selenium-java/2.44.0/selenium-java-2.44.0.jar:/Users/unbxd/.m2/repository/org/seleniumhq/selenium/selenium-htmlunit-driver/2.44.0/selenium-htmlunit-driver-2.44.0.jar:/Users/unbxd/.m2/repository/org/seleniumhq/selenium/selenium-ie-driver/2.44.0/selenium-ie-driver-2.44.0.jar:/Users/unbxd/.m2/repository/net/java/dev/jna/platform/3.4.0/platform-3.4.0.jar:/Users/unbxd/.m2/repository/org/seleniumhq/selenium/selenium-safari-driver/2.44.0/selenium-safari-driver-2.44.0.jar:/Users/unbxd/.m2/repository/org/webbitserver/webbit/0.4.14/webbit-0.4.14.jar:/Users/unbxd/.m2/repository/io/netty/netty/3.5.2.Final/netty-3.5.2.Final.jar:/Users/unbxd/.m2/repository/org/seleniumhq/selenium/selenium-chrome-driver/2.53.1/selenium-chrome-driver-2.53.1.jar:/Users/unbxd/.m2/repository/org/seleniumhq/selenium/selenium-remote-driver/2.53.1/selenium-remote-driver-2.53.1.jar:/Users/unbxd/.m2/repository/cglib/cglib-nodep/2.1_3/cglib-nodep-2.1_3.jar:/Users/unbxd/.m2/repository/org/seleniumhq/selenium/selenium-api/2.53.1/selenium-api-2.53.1.jar:/Users/unbxd/.m2/repository/com/google/guava/guava/19.0/guava-19.0.jar:/Users/unbxd/.m2/repository/net/java/dev/jna/jna/4.1.0/jna-4.1.0.jar:/Users/unbxd/.m2/repository/net/java/dev/jna/jna-platform/4.1.0/jna-platform-4.1.0.jar:/Users/unbxd/.m2/repository/org/seleniumhq/selenium/selenium-firefox-driver/2.53.1/selenium-firefox-driver-2.53.1.jar:/Users/unbxd/.m2/repository/commons-io/commons-io/2.4/commons-io-2.4.jar:/Users/unbxd/.m2/repository/org/apache/commons/commons-exec/1.3/commons-exec-1.3.jar:/Users/unbxd/.m2/repository/org/seleniumhq/selenium/selenium-support/2.53.1/selenium-support-2.53.1.jar:/Users/unbxd/.m2/repository/net/sourceforge/htmlunit/htmlunit/2.36.0/htmlunit-2.36.0.jar:/Users/unbxd/.m2/repository/xalan/xalan/2.7.2/xalan-2.7.2.jar:/Users/unbxd/.m2/repository/xalan/serializer/2.7.2/serializer-2.7.2.jar:/Users/unbxd/.m2/repository/org/apache/commons/commons-lang3/3.9/commons-lang3-3.9.jar:/Users/unbxd/.m2/repository/org/apache/commons/commons-text/1.7/commons-text-1.7.jar:/Users/unbxd/.m2/repository/org/apache/httpcomponents/httpmime/4.5.9/httpmime-4.5.9.jar:/Users/unbxd/.m2/repository/net/sourceforge/htmlunit/htmlunit-core-js/2.36.0/htmlunit-core-js-2.36.0.jar:/Users/unbxd/.m2/repository/net/sourceforge/htmlunit/neko-htmlunit/2.36.0/neko-htmlunit-2.36.0.jar:/Users/unbxd/.m2/repository/xerces/xercesImpl/2.12.0/xercesImpl-2.12.0.jar:/Users/unbxd/.m2/repository/xml-apis/xml-apis/1.4.01/xml-apis-1.4.01.jar:/Users/unbxd/.m2/repository/net/sourceforge/htmlunit/htmlunit-cssparser/1.5.0/htmlunit-cssparser-1.5.0.jar:/Users/unbxd/.m2/repository/commons-logging/commons-logging/1.2/commons-logging-1.2.jar:/Users/unbxd/.m2/repository/commons-net/commons-net/3.6/commons-net-3.6.jar:/Users/unbxd/.m2/repository/org/brotli/dec/0.1.2/dec-0.1.2.jar:/Users/unbxd/.m2/repository/org/eclipse/jetty/websocket/websocket-client/9.4.20.v20190813/websocket-client-9.4.20.v20190813.jar:/Users/unbxd/.m2/repository/org/eclipse/jetty/jetty-client/9.4.20.v20190813/jetty-client-9.4.20.v20190813.jar:/Users/unbxd/.m2/repository/org/eclipse/jetty/jetty-http/9.4.20.v20190813/jetty-http-9.4.20.v20190813.jar:/Users/unbxd/.m2/repository/org/eclipse/jetty/jetty-xml/9.4.20.v20190813/jetty-xml-9.4.20.v20190813.jar:/Users/unbxd/.m2/repository/org/eclipse/jetty/jetty-util/9.4.20.v20190813/jetty-util-9.4.20.v20190813.jar:/Users/unbxd/.m2/repository/org/eclipse/jetty/jetty-io/9.4.20.v20190813/jetty-io-9.4.20.v20190813.jar:/Users/unbxd/.m2/repository/org/eclipse/jetty/websocket/websocket-common/9.4.20.v20190813/websocket-common-9.4.20.v20190813.jar:/Users/unbxd/.m2/repository/org/eclipse/jetty/websocket/websocket-api/9.4.20.v20190813/websocket-api-9.4.20.v20190813.jar:/Users/unbxd/.m2/repository/commons-configuration/commons-configuration/1.10/commons-configuration-1.10.jar:/Users/unbxd/.m2/repository/log4j/log4j/1.2.17/log4j-1.2.17.jar:/Users/unbxd/.m2/repository/commons-lang/commons-lang/2.6/commons-lang-2.6.jar:/Users/unbxd/.m2/repository/org/testng/testng/7.7.1/testng-7.7.1.jar:/Users/unbxd/.m2/repository/org/slf4j/slf4j-api/1.7.36/slf4j-api-1.7.36.jar:/Users/unbxd/.m2/repository/com/beust/jcommander/1.82/jcommander-1.82.jar:/Users/unbxd/.m2/repository/org/webjars/jquery/3.6.1/jquery-3.6.1.jar:/Users/unbxd/.m2/repository/com/ullink/slack/simpleslackapi/1.2.0/simpleslackapi-1.2.0.jar:/Users/unbxd/.m2/repository/com/google/code/gson/gson/2.8.0/gson-2.8.0.jar:/Users/unbxd/.m2/repository/org/apache/httpcomponents/httpclient/4.5.3/httpclient-4.5.3.jar:/Users/unbxd/.m2/repository/org/apache/httpcomponents/httpcore/4.4.6/httpcore-4.4.6.jar:/Users/unbxd/.m2/repository/commons-codec/commons-codec/1.9/commons-codec-1.9.jar:/Users/unbxd/.m2/repository/org/threeten/threetenbp/1.3.1/threetenbp-1.3.1.jar:/Users/unbxd/.m2/repository/org/glassfish/tyrus/bundles/tyrus-standalone-client/1.13.1/tyrus-standalone-client-1.13.1.jar:/Users/unbxd/.m2/repository/javax/websocket/javax.websocket-api/1.1/javax.websocket-api-1.1.jar:/Users/unbxd/.m2/repository/javax/mail/javax.mail-api/1.5.5/javax.mail-api-1.5.5.jar:/Users/unbxd/.m2/repository/com/sun/mail/javax.mail/1.5.5/javax.mail-1.5.5.jar:/Users/unbxd/.m2/repository/javax/activation/activation/1.1/activation-1.1.jar:/Users/unbxd/.m2/repository/au/com/bytecode/opencsv/2.4/opencsv-2.4.jar:/Users/unbxd/.m2/repository/com/mysql/mysql-connector-j/8.0.33/mysql-connector-j-8.0.33.jar:/Users/unbxd/.m2/repository/com/google/protobuf/protobuf-java/3.21.9/protobuf-java-3.21.9.jar:/Users/unbxd/.m2/repository/org/projectlombok/lombok/1.18.30/lombok-1.18.30.jar:/Users/unbxd/.m2/repository/com/aventstack/extentreports/5.1.1/extentreports-5.1.1.jar:/Users/unbxd/.m2/repository/io/reactivex/rxjava3/rxjava/3.1.6/rxjava-3.1.6.jar:/Users/unbxd/.m2/repository/org/reactivestreams/reactive-streams/1.0.4/reactive-streams-1.0.4.jar:/Users/unbxd/.m2/repository/org/freemarker/freemarker/2.3.32/freemarker-2.3.32.jar:/Users/unbxd/.m2/repository/com/github/javafaker/javafaker/1.0.2/javafaker-1.0.2.jar:/Users/unbxd/.m2/repository/org/yaml/snakeyaml/1.23/snakeyaml-1.23-android.jar:/Users/unbxd/.m2/repository/com/github/mifmif/generex/1.0.2/generex-1.0.2.jar:/Users/unbxd/.m2/repository/dk/brics/automaton/automaton/1.11-8/automaton-1.11-8.jar:/Users/unbxd/.m2/repository/org/yaml/snakeyaml/1.29/snakeyaml-1.29.jar:/Users/unbxd/.m2/repository/io/rest-assured/rest-assured/4.5.1/rest-assured-4.5.1.jar:/Users/unbxd/.m2/repository/org/codehaus/groovy/groovy/3.0.9/groovy-3.0.9.jar:/Users/unbxd/.m2/repository/org/codehaus/groovy/groovy-xml/3.0.9/groovy-xml-3.0.9.jar:/Users/unbxd/.m2/repository/org/hamcrest/hamcrest/2.1/hamcrest-2.1.jar:/Users/unbxd/.m2/repository/org/ccil/cowan/tagsoup/tagsoup/1.2.1/tagsoup-1.2.1.jar:/Users/unbxd/.m2/repository/io/rest-assured/json-path/4.5.1/json-path-4.5.1.jar:/Users/unbxd/.m2/repository/org/codehaus/groovy/groovy-json/3.0.9/groovy-json-3.0.9.jar:/Users/unbxd/.m2/repository/io/rest-assured/rest-assured-common/4.5.1/rest-assured-common-4.5.1.jar:/Users/unbxd/.m2/repository/io/rest-assured/xml-path/4.5.1/xml-path-4.5.1.jar:"/>
    <property name="java.vm.vendor" value="OpenLogic"/>
    <property name="sun.arch.data.model" value="64"/>
    <property name="java.vendor.url" value="https://openlogic.com/"/>
    <property name="suiteXmlFile" value="src/test/resources/testng.xml"/>
    <property name="os.name" value="Mac OS X"/>
    <property name="java.vm.specification.version" value="17"/>
    <property name="sun.java.launcher" value="SUN_STANDARD"/>
    <property name="user.country" value="IN"/>
    <property name="sun.boot.library.path" value="/Users/unbxd/Library/Application Support/fire-flink-client/JDK/jdk-11.1/Contents/Home/lib"/>
    <property name="sun.java.command" value="/Users/unbxd/Downloads/UNBXD-QA-RECSL/target/surefire/surefirebooter13753826332158975934.jar /Users/unbxd/Downloads/UNBXD-QA-RECSL/target/surefire 2025-07-16T10-38-32_343-jvmRun1 surefire1063986156356915281tmp surefire_05175100348196090546tmp"/>
    <property name="http.nonProxyHosts" value="local|*.local|169.254/16|*.169.254/16"/>
    <property name="jdk.debug" value="release"/>
    <property name="surefire.test.class.path" value="/Users/unbxd/Downloads/UNBXD-QA-RECSL/target/test-classes:/Users/unbxd/Downloads/UNBXD-QA-RECSL/target/classes:/Users/unbxd/.m2/repository/org/fluentlenium/fluentlenium-core/0.10.3/fluentlenium-core-0.10.3.jar:/Users/unbxd/.m2/repository/org/seleniumhq/selenium/selenium-java/2.44.0/selenium-java-2.44.0.jar:/Users/unbxd/.m2/repository/org/seleniumhq/selenium/selenium-htmlunit-driver/2.44.0/selenium-htmlunit-driver-2.44.0.jar:/Users/unbxd/.m2/repository/org/seleniumhq/selenium/selenium-ie-driver/2.44.0/selenium-ie-driver-2.44.0.jar:/Users/unbxd/.m2/repository/net/java/dev/jna/platform/3.4.0/platform-3.4.0.jar:/Users/unbxd/.m2/repository/org/seleniumhq/selenium/selenium-safari-driver/2.44.0/selenium-safari-driver-2.44.0.jar:/Users/unbxd/.m2/repository/org/webbitserver/webbit/0.4.14/webbit-0.4.14.jar:/Users/unbxd/.m2/repository/io/netty/netty/3.5.2.Final/netty-3.5.2.Final.jar:/Users/unbxd/.m2/repository/org/seleniumhq/selenium/selenium-chrome-driver/2.53.1/selenium-chrome-driver-2.53.1.jar:/Users/unbxd/.m2/repository/org/seleniumhq/selenium/selenium-remote-driver/2.53.1/selenium-remote-driver-2.53.1.jar:/Users/unbxd/.m2/repository/cglib/cglib-nodep/2.1_3/cglib-nodep-2.1_3.jar:/Users/unbxd/.m2/repository/org/seleniumhq/selenium/selenium-api/2.53.1/selenium-api-2.53.1.jar:/Users/unbxd/.m2/repository/com/google/guava/guava/19.0/guava-19.0.jar:/Users/unbxd/.m2/repository/net/java/dev/jna/jna/4.1.0/jna-4.1.0.jar:/Users/unbxd/.m2/repository/net/java/dev/jna/jna-platform/4.1.0/jna-platform-4.1.0.jar:/Users/unbxd/.m2/repository/org/seleniumhq/selenium/selenium-firefox-driver/2.53.1/selenium-firefox-driver-2.53.1.jar:/Users/unbxd/.m2/repository/commons-io/commons-io/2.4/commons-io-2.4.jar:/Users/unbxd/.m2/repository/org/apache/commons/commons-exec/1.3/commons-exec-1.3.jar:/Users/unbxd/.m2/repository/org/seleniumhq/selenium/selenium-support/2.53.1/selenium-support-2.53.1.jar:/Users/unbxd/.m2/repository/net/sourceforge/htmlunit/htmlunit/2.36.0/htmlunit-2.36.0.jar:/Users/unbxd/.m2/repository/xalan/xalan/2.7.2/xalan-2.7.2.jar:/Users/unbxd/.m2/repository/xalan/serializer/2.7.2/serializer-2.7.2.jar:/Users/unbxd/.m2/repository/org/apache/commons/commons-lang3/3.9/commons-lang3-3.9.jar:/Users/unbxd/.m2/repository/org/apache/commons/commons-text/1.7/commons-text-1.7.jar:/Users/unbxd/.m2/repository/org/apache/httpcomponents/httpmime/4.5.9/httpmime-4.5.9.jar:/Users/unbxd/.m2/repository/net/sourceforge/htmlunit/htmlunit-core-js/2.36.0/htmlunit-core-js-2.36.0.jar:/Users/unbxd/.m2/repository/net/sourceforge/htmlunit/neko-htmlunit/2.36.0/neko-htmlunit-2.36.0.jar:/Users/unbxd/.m2/repository/xerces/xercesImpl/2.12.0/xercesImpl-2.12.0.jar:/Users/unbxd/.m2/repository/xml-apis/xml-apis/1.4.01/xml-apis-1.4.01.jar:/Users/unbxd/.m2/repository/net/sourceforge/htmlunit/htmlunit-cssparser/1.5.0/htmlunit-cssparser-1.5.0.jar:/Users/unbxd/.m2/repository/commons-logging/commons-logging/1.2/commons-logging-1.2.jar:/Users/unbxd/.m2/repository/commons-net/commons-net/3.6/commons-net-3.6.jar:/Users/unbxd/.m2/repository/org/brotli/dec/0.1.2/dec-0.1.2.jar:/Users/unbxd/.m2/repository/org/eclipse/jetty/websocket/websocket-client/9.4.20.v20190813/websocket-client-9.4.20.v20190813.jar:/Users/unbxd/.m2/repository/org/eclipse/jetty/jetty-client/9.4.20.v20190813/jetty-client-9.4.20.v20190813.jar:/Users/unbxd/.m2/repository/org/eclipse/jetty/jetty-http/9.4.20.v20190813/jetty-http-9.4.20.v20190813.jar:/Users/unbxd/.m2/repository/org/eclipse/jetty/jetty-xml/9.4.20.v20190813/jetty-xml-9.4.20.v20190813.jar:/Users/unbxd/.m2/repository/org/eclipse/jetty/jetty-util/9.4.20.v20190813/jetty-util-9.4.20.v20190813.jar:/Users/unbxd/.m2/repository/org/eclipse/jetty/jetty-io/9.4.20.v20190813/jetty-io-9.4.20.v20190813.jar:/Users/unbxd/.m2/repository/org/eclipse/jetty/websocket/websocket-common/9.4.20.v20190813/websocket-common-9.4.20.v20190813.jar:/Users/unbxd/.m2/repository/org/eclipse/jetty/websocket/websocket-api/9.4.20.v20190813/websocket-api-9.4.20.v20190813.jar:/Users/unbxd/.m2/repository/commons-configuration/commons-configuration/1.10/commons-configuration-1.10.jar:/Users/unbxd/.m2/repository/log4j/log4j/1.2.17/log4j-1.2.17.jar:/Users/unbxd/.m2/repository/commons-lang/commons-lang/2.6/commons-lang-2.6.jar:/Users/unbxd/.m2/repository/org/testng/testng/7.7.1/testng-7.7.1.jar:/Users/unbxd/.m2/repository/org/slf4j/slf4j-api/1.7.36/slf4j-api-1.7.36.jar:/Users/unbxd/.m2/repository/com/beust/jcommander/1.82/jcommander-1.82.jar:/Users/unbxd/.m2/repository/org/webjars/jquery/3.6.1/jquery-3.6.1.jar:/Users/unbxd/.m2/repository/com/ullink/slack/simpleslackapi/1.2.0/simpleslackapi-1.2.0.jar:/Users/unbxd/.m2/repository/com/google/code/gson/gson/2.8.0/gson-2.8.0.jar:/Users/unbxd/.m2/repository/org/apache/httpcomponents/httpclient/4.5.3/httpclient-4.5.3.jar:/Users/unbxd/.m2/repository/org/apache/httpcomponents/httpcore/4.4.6/httpcore-4.4.6.jar:/Users/unbxd/.m2/repository/commons-codec/commons-codec/1.9/commons-codec-1.9.jar:/Users/unbxd/.m2/repository/org/threeten/threetenbp/1.3.1/threetenbp-1.3.1.jar:/Users/unbxd/.m2/repository/org/glassfish/tyrus/bundles/tyrus-standalone-client/1.13.1/tyrus-standalone-client-1.13.1.jar:/Users/unbxd/.m2/repository/javax/websocket/javax.websocket-api/1.1/javax.websocket-api-1.1.jar:/Users/unbxd/.m2/repository/javax/mail/javax.mail-api/1.5.5/javax.mail-api-1.5.5.jar:/Users/unbxd/.m2/repository/com/sun/mail/javax.mail/1.5.5/javax.mail-1.5.5.jar:/Users/unbxd/.m2/repository/javax/activation/activation/1.1/activation-1.1.jar:/Users/unbxd/.m2/repository/au/com/bytecode/opencsv/2.4/opencsv-2.4.jar:/Users/unbxd/.m2/repository/com/mysql/mysql-connector-j/8.0.33/mysql-connector-j-8.0.33.jar:/Users/unbxd/.m2/repository/com/google/protobuf/protobuf-java/3.21.9/protobuf-java-3.21.9.jar:/Users/unbxd/.m2/repository/org/projectlombok/lombok/1.18.30/lombok-1.18.30.jar:/Users/unbxd/.m2/repository/com/aventstack/extentreports/5.1.1/extentreports-5.1.1.jar:/Users/unbxd/.m2/repository/io/reactivex/rxjava3/rxjava/3.1.6/rxjava-3.1.6.jar:/Users/unbxd/.m2/repository/org/reactivestreams/reactive-streams/1.0.4/reactive-streams-1.0.4.jar:/Users/unbxd/.m2/repository/org/freemarker/freemarker/2.3.32/freemarker-2.3.32.jar:/Users/unbxd/.m2/repository/com/github/javafaker/javafaker/1.0.2/javafaker-1.0.2.jar:/Users/unbxd/.m2/repository/org/yaml/snakeyaml/1.23/snakeyaml-1.23-android.jar:/Users/unbxd/.m2/repository/com/github/mifmif/generex/1.0.2/generex-1.0.2.jar:/Users/unbxd/.m2/repository/dk/brics/automaton/automaton/1.11-8/automaton-1.11-8.jar:/Users/unbxd/.m2/repository/org/yaml/snakeyaml/1.29/snakeyaml-1.29.jar:/Users/unbxd/.m2/repository/io/rest-assured/rest-assured/4.5.1/rest-assured-4.5.1.jar:/Users/unbxd/.m2/repository/org/codehaus/groovy/groovy/3.0.9/groovy-3.0.9.jar:/Users/unbxd/.m2/repository/org/codehaus/groovy/groovy-xml/3.0.9/groovy-xml-3.0.9.jar:/Users/unbxd/.m2/repository/org/hamcrest/hamcrest/2.1/hamcrest-2.1.jar:/Users/unbxd/.m2/repository/org/ccil/cowan/tagsoup/tagsoup/1.2.1/tagsoup-1.2.1.jar:/Users/unbxd/.m2/repository/io/rest-assured/json-path/4.5.1/json-path-4.5.1.jar:/Users/unbxd/.m2/repository/org/codehaus/groovy/groovy-json/3.0.9/groovy-json-3.0.9.jar:/Users/unbxd/.m2/repository/io/rest-assured/rest-assured-common/4.5.1/rest-assured-common-4.5.1.jar:/Users/unbxd/.m2/repository/io/rest-assured/xml-path/4.5.1/xml-path-4.5.1.jar:"/>
    <property name="sun.cpu.endian" value="little"/>
    <property name="user.home" value="/Users/unbxd"/>
    <property name="user.language" value="en"/>
    <property name="java.specification.vendor" value="Oracle Corporation"/>
    <property name="java.version.date" value="2024-04-16"/>
    <property name="java.home" value="/Users/unbxd/Library/Application Support/fire-flink-client/JDK/jdk-11.1/Contents/Home"/>
    <property name="file.separator" value="/"/>
    <property name="basedir" value="/Users/unbxd/Downloads/UNBXD-QA-RECSL"/>
    <property name="java.vm.compressedOopsMode" value="Zero based"/>
    <property name="line.separator" value="&#10;"/>
    <property name="java.vm.specification.vendor" value="Oracle Corporation"/>
    <property name="java.specification.name" value="Java Platform API Specification"/>
    <property name="surefire.real.class.path" value="/Users/unbxd/Downloads/UNBXD-QA-RECSL/target/surefire/surefirebooter13753826332158975934.jar"/>
    <property name="sun.management.compiler" value="HotSpot 64-Bit Tiered Compilers"/>
    <property name="ftp.nonProxyHosts" value="local|*.local|169.254/16|*.169.254/16"/>
    <property name="java.runtime.version" value="17.0.11+9-adhoc.admin.jdk17u"/>
    <property name="user.name" value="unbxd"/>
    <property name="path.separator" value=":"/>
    <property name="os.version" value="14.7.6"/>
    <property name="java.runtime.name" value="OpenJDK Runtime Environment"/>
    <property name="file.encoding" value="UTF-8"/>
    <property name="java.vm.name" value="OpenJDK 64-Bit Server VM"/>
    <property name="java.vendor.version" value="OpenLogic-OpenJDK"/>
    <property name="localRepository" value="/Users/unbxd/.m2/repository"/>
    <property name="java.vendor.url.bug" value="https://techsupport.roguewave.com/"/>
    <property name="java.io.tmpdir" value="/var/folders/jq/g7t0y59s7lnbqlgfqv3kgyph0000gn/T/"/>
    <property name="java.version" value="17.0.11"/>
    <property name="user.dir" value="/Users/unbxd/Downloads/UNBXD-QA-RECSL"/>
    <property name="os.arch" value="x86_64"/>
    <property name="java.vm.specification.name" value="Java Virtual Machine Specification"/>
    <property name="env" value="ProdAPAC"/>
    <property name="native.encoding" value="UTF-8"/>
    <property name="java.library.path" value="/Users/unbxd/Library/Java/Extensions:/Library/Java/Extensions:/Network/Library/Java/Extensions:/System/Library/Java/Extensions:/usr/lib/java:."/>
    <property name="java.vm.info" value="mixed mode, sharing"/>
    <property name="java.vendor" value="OpenLogic"/>
    <property name="java.vm.version" value="17.0.11+9-adhoc.admin.jdk17u"/>
    <property name="sun.io.unicode.encoding" value="UnicodeBig"/>
    <property name="socksNonProxyHosts" value="local|*.local|169.254/16|*.169.254/16"/>
    <property name="java.class.version" value="61.0"/>
  </properties>
  <testcase name="loginAndSaveCookies" classname="UnbxdTests.testNG.login.LoginTest" time="16.337"/>
  <testcase name="createBoutiqueExperience" classname="UnbxdTests.testNG.consoleui.BoutiqueExperienceTest" time="20.525">
    <failure message="Failed to set experience name after retries" type="java.lang.RuntimeException">java.lang.RuntimeException: Failed to set experience name after retries
	at UnbxdTests.testNG.consoleui.BoutiqueExperienceTest.createBoutiqueExperience(BoutiqueExperienceTest.java:49)
</failure>
    <system-out><![CDATA[Removing the Context userId: 1 , SiteId: 1Starting setUp in BaseTest...
Creating BrowserInitializer...
Starting setUp in BaseTest...
Creating BrowserInitializer...
Initializing browser...
Initializing browser...
[DEBUG] Browser from config: chrome
[DEBUG] Browser from config: chrome
Starting setUp in BaseTest...
Creating BrowserInitializer...
Initializing browser...
[DEBUG] Browser from config: chrome
[DEBUG] initDriver called for browser: CHROME
[DEBUG] initDriver called for browser: CHROME
[DEBUG] Using ChromeDriver path: src/main/resources/driver/chromedriver
[DEBUG] Using ChromeDriver path: src/main/resources/driver/chromedriver
[DEBUG] initDriver called for browser: CHROME
[DEBUG] Using ChromeDriver path: src/main/resources/driver/chromedriver
Starting setUp in BaseTest...
Creating BrowserInitializer...
Initializing browser...
[DEBUG] Browser from config: chrome
[DEBUG] initDriver called for browser: CHROME
[DEBUG] Using ChromeDriver path: src/main/resources/driver/chromedriver
Starting setUp in BaseTest...
Creating BrowserInitializer...
Initializing browser...
[DEBUG] Browser from config: chrome
[DEBUG] initDriver called for browser: CHROME
[DEBUG] Using ChromeDriver path: src/main/resources/driver/chromedriver
Starting setUp in BaseTest...
Creating BrowserInitializer...
Initializing browser...
[DEBUG] Browser from config: chrome
[DEBUG] initDriver called for browser: CHROME
[DEBUG] Using ChromeDriver path: src/main/resources/driver/chromedriver
Starting setUp in BaseTest...
Creating BrowserInitializer...
Initializing browser...
[DEBUG] Browser from config: chrome
[DEBUG] initDriver called for browser: CHROME
[DEBUG] Using ChromeDriver path: src/main/resources/driver/chromedriver
Starting setUp in BaseTest...
Creating BrowserInitializer...
Initializing browser...
[DEBUG] Browser from config: chrome
[DEBUG] initDriver called for browser: CHROME
[DEBUG] Using ChromeDriver path: src/main/resources/driver/chromedriver
Starting setUp in BaseTest...
Creating BrowserInitializer...
Initializing browser...
[DEBUG] Browser from config: chrome
[DEBUG] initDriver called for browser: CHROME
[DEBUG] Using ChromeDriver path: src/main/resources/driver/chromedriver
Starting setUp in BaseTest...
Creating BrowserInitializer...
Initializing browser...
[DEBUG] Browser from config: chrome
[DEBUG] initDriver called for browser: CHROME
[DEBUG] Using ChromeDriver path: src/main/resources/driver/chromedriver
[DEBUG] WebDriver successfully created: org.openqa.selenium.chrome.ChromeDriver
[DEBUG] WebDriver successfully created: org.openqa.selenium.chrome.ChromeDriver
[DEBUG] WebDriver successfully created: org.openqa.selenium.chrome.ChromeDriver
[DEBUG] WebDriver successfully created: org.openqa.selenium.chrome.ChromeDriver
[DEBUG] WebDriver successfully created: org.openqa.selenium.chrome.ChromeDriver
[DEBUG] WebDriver successfully created: org.openqa.selenium.chrome.ChromeDriver
[DEBUG] WebDriver successfully created: org.openqa.selenium.chrome.ChromeDriver
[DEBUG] WebDriver successfully created: org.openqa.selenium.chrome.ChromeDriver
[DEBUG] WebDriver successfully created: org.openqa.selenium.chrome.ChromeDriver
[DEBUG] WebDriver successfully created: org.openqa.selenium.chrome.ChromeDriver
Getting driver from initializer...
Driver status after initialization: Driver exists
Initializing FluentLenium adapter...
FluentLenium initialization completed
Initializing test...
Getting driver from initializer...
Driver status after initialization: Driver exists
Initializing FluentLenium adapter...
FluentLenium initialization completed
Initializing test...
Getting driver from initializer...
Driver status after initialization: Driver exists
Initializing FluentLenium adapter...
FluentLenium initialization completed
Initializing test...
Getting driver from initializer...
Driver status after initialization: Driver exists
Initializing FluentLenium adapter...
FluentLenium initialization completed
Initializing test...
Getting driver from initializer...
Driver status after initialization: Driver exists
Initializing FluentLenium adapter...
FluentLenium initialization completed
Initializing test...
Getting driver from initializer...
Driver status after initialization: Driver exists
Initializing FluentLenium adapter...
FluentLenium initialization completed
Initializing test...
Test initialization completed
Setting the Context UserId:1 , siteId : 1
Test initialization completed
Setting the Context UserId:1 , siteId : 1
Test initialization completed
Setting the Context UserId:1 , siteId : 1
Test initialization completed
Setting the Context UserId:1 , siteId : 1
Test initialization completed
Setting the Context UserId:1 , siteId : 1
Test initialization completed
Setting the Context UserId:1 , siteId : 1
Getting driver from initializer...
Driver status after initialization: Driver exists
Initializing FluentLenium adapter...
FluentLenium initialization completed
Initializing test...
Getting driver from initializer...
Driver status after initialization: Driver exists
Initializing FluentLenium adapter...
FluentLenium initialization completed
Initializing test...
Getting driver from initializer...
Driver status after initialization: Driver exists
Initializing FluentLenium adapter...
FluentLenium initialization completed
Initializing test...
Getting driver from initializer...
Driver status after initialization: Driver exists
Initializing FluentLenium adapter...
FluentLenium initialization completed
Initializing test...
Test initialization completed
Setting the Context UserId:1 , siteId : 1
Test initialization completed
Setting the Context UserId:1 , siteId : 1
Test initialization completed
Setting the Context UserId:1 , siteId : 1
Test initialization completed
Setting the Context UserId:1 , siteId : 1
[Helper] Cookies restored from: cookies.json
[Helper] Cookies restored from: cookies.json
[Helper] Cookies restored from: cookies.json
[Helper] Cookies restored from: cookies.json
[Helper] Cookies restored from: cookies.json
[Helper] Cookies restored from: cookies.json
[Helper] Cookies restored from: cookies.json
[Helper] Cookies restored from: cookies.json
[Helper] Cookies restored from: cookies.json
[Helper] Cookies restored from: cookies.json
Closed 'No Thanks' popup.
Closed 'No Thanks' popup.
Closed 'No Thanks' popup.
Closed 'No Thanks' popup.
Closed 'No Thanks' popup.
Closed 'No Thanks' popup.
[DEBUG] Attempt 1: Before clearing, value='Untitled-experience-1'
[DEBUG] Attempt 1: Before clearing, value='Untitled-experience-1'
Closed 'No Thanks' popup.
Screenshot saved at: /Users/unbxd/Downloads/UNBXD-QA-RECSL/./target/screenshots/before_clearing_attempt_0_1752642565326.png
Screenshot saved at: /Users/unbxd/Downloads/UNBXD-QA-RECSL/./target/screenshots/before_clearing_attempt_0_1752642565618.png
[DEBUG] Attempt 1: Before clearing, value='Untitled-experience-1'
[DEBUG] Attempt 1: After clearing, value=''
Screenshot saved at: /Users/unbxd/Downloads/UNBXD-QA-RECSL/./target/screenshots/before_clearing_attempt_0_1752642566514.png
[DEBUG] Attempt 1: After clearing, value='Untitled-experience-1'
Screenshot saved at: /Users/unbxd/Downloads/UNBXD-QA-RECSL/./target/screenshots/after_clearing_attempt_0_1752642566635.png
[DEBUG] Attempt 2: Before clearing, value='Untitled-experience-1'
Closed 'No Thanks' popup.
Screenshot saved at: /Users/unbxd/Downloads/UNBXD-QA-RECSL/./target/screenshots/after_clearing_attempt_0_1752642567378.png
[DEBUG] Attempt 2: Before clearing, value='Untitled-experience-1'
[DEBUG] Attempt 1: After clearing, value='Untitled-experience-1'
Screenshot saved at: /Users/unbxd/Downloads/UNBXD-QA-RECSL/./target/screenshots/before_clearing_attempt_1_1752642568044.png
[DEBUG] Attempt 1: Before clearing, value='Untitled-experience-1'
Screenshot saved at: /Users/unbxd/Downloads/UNBXD-QA-RECSL/./target/screenshots/after_clearing_attempt_0_1752642568563.png
Screenshot saved at: /Users/unbxd/Downloads/UNBXD-QA-RECSL/./target/screenshots/before_clearing_attempt_1_1752642568570.png
[DEBUG] Attempt 2: Before clearing, value='Untitled-experience-1'
Screenshot saved at: /Users/unbxd/Downloads/UNBXD-QA-RECSL/./target/screenshots/before_clearing_attempt_0_1752642568919.png
[DEBUG] Attempt 2: After clearing, value='Untitled-experience-1'
Screenshot saved at: /Users/unbxd/Downloads/UNBXD-QA-RECSL/./target/screenshots/before_clearing_attempt_1_1752642569612.png
Screenshot saved at: /Users/unbxd/Downloads/UNBXD-QA-RECSL/./target/screenshots/after_clearing_attempt_1_1752642569634.png
[DEBUG] Attempt 2: After clearing, value='Untitled-experience-1'
[DEBUG] Attempt 3: Before clearing, value='Untitled-experience-1'
[DEBUG] Attempt 1: After clearing, value='Untitled-experience-1'
Screenshot saved at: /Users/unbxd/Downloads/UNBXD-QA-RECSL/./target/screenshots/after_clearing_attempt_1_1752642570313.png
[DEBUG] Attempt 3: Before clearing, value='Untitled-experience-1'
[DEBUG] Attempt 2: After clearing, value='Untitled-experience-1'
Screenshot saved at: /Users/unbxd/Downloads/UNBXD-QA-RECSL/./target/screenshots/before_clearing_attempt_2_1752642570770.png
Screenshot saved at: /Users/unbxd/Downloads/UNBXD-QA-RECSL/./target/screenshots/after_clearing_attempt_0_1752642570775.png
[DEBUG] Attempt 2: Before clearing, value='Untitled-experience-1'
Screenshot saved at: /Users/unbxd/Downloads/UNBXD-QA-RECSL/./target/screenshots/after_clearing_attempt_1_1752642571301.png
Screenshot saved at: /Users/unbxd/Downloads/UNBXD-QA-RECSL/./target/screenshots/before_clearing_attempt_2_1752642571414.png
[DEBUG] Attempt 3: Before clearing, value='Untitled-experience-1'
Screenshot saved at: /Users/unbxd/Downloads/UNBXD-QA-RECSL/./target/screenshots/before_clearing_attempt_1_1752642571725.png
[DEBUG] Attempt 3: After clearing, value='Untitled-experience-1'
Screenshot saved at: /Users/unbxd/Downloads/UNBXD-QA-RECSL/./target/screenshots/before_clearing_attempt_2_1752642572245.png
Screenshot saved at: /Users/unbxd/Downloads/UNBXD-QA-RECSL/./target/screenshots/after_clearing_attempt_2_1752642572259.png
[DEBUG] Attempt 3: After clearing, value='Untitled-experience-1'
[DEBUG] Attempt 4: Before clearing, value='Untitled-experience-1'
Screenshot saved at: /Users/unbxd/Downloads/UNBXD-QA-RECSL/./target/screenshots/after_clearing_attempt_2_1752642572748.png
[DEBUG] Attempt 2: After clearing, value='Untitled-experience-1'
Screenshot saved at: /Users/unbxd/Downloads/UNBXD-QA-RECSL/./target/screenshots/before_clearing_attempt_3_1752642572870.png
[DEBUG] Attempt 4: Before clearing, value='Untitled-experience-1'
Screenshot saved at: /Users/unbxd/Downloads/UNBXD-QA-RECSL/./target/screenshots/after_clearing_attempt_1_1752642573137.png
Screenshot saved at: /Users/unbxd/Downloads/UNBXD-QA-RECSL/./target/screenshots/before_clearing_attempt_3_1752642573256.png
[DEBUG] Attempt 3: After clearing, value='Untitled-experience-1'
[DEBUG] Attempt 3: Before clearing, value='Untitled-experience-1'
[DEBUG] Attempt 4: After clearing, value='Untitled-experience-1'
Screenshot saved at: /Users/unbxd/Downloads/UNBXD-QA-RECSL/./target/screenshots/after_clearing_attempt_2_1752642573816.png
[DEBUG] Attempt 4: Before clearing, value='Untitled-experience-1'
Screenshot saved at: /Users/unbxd/Downloads/UNBXD-QA-RECSL/./target/screenshots/before_clearing_attempt_2_1752642574116.png
[DEBUG] Attempt 4: After clearing, value='Untitled-experience-1'
Screenshot saved at: /Users/unbxd/Downloads/UNBXD-QA-RECSL/./target/screenshots/after_clearing_attempt_3_1752642574443.png
[DEBUG] Attempt 5: Before clearing, value='Untitled-experience-1'
Screenshot saved at: /Users/unbxd/Downloads/UNBXD-QA-RECSL/./target/screenshots/before_clearing_attempt_3_1752642574668.png
Screenshot saved at: /Users/unbxd/Downloads/UNBXD-QA-RECSL/./target/screenshots/after_clearing_attempt_3_1752642574703.png
[DEBUG] Attempt 5: Before clearing, value='Untitled-experience-1'
Screenshot saved at: /Users/unbxd/Downloads/UNBXD-QA-RECSL/./target/screenshots/before_clearing_attempt_4_1752642575029.png
[DEBUG] Attempt 3: After clearing, value='Untitled-experience-1'
Screenshot saved at: /Users/unbxd/Downloads/UNBXD-QA-RECSL/./target/screenshots/before_clearing_attempt_4_1752642575194.png
[DEBUG] Attempt 4: After clearing, value='Untitled-experience-1'
Screenshot saved at: /Users/unbxd/Downloads/UNBXD-QA-RECSL/./target/screenshots/after_clearing_attempt_2_1752642575800.png
[DEBUG] Attempt 5: After clearing, value='Untitled-experience-1'
[DEBUG] Attempt 4: Before clearing, value='Untitled-experience-1'
[DEBUG] Attempt 5: After clearing, value='Untitled-experience-1'
Screenshot saved at: /Users/unbxd/Downloads/UNBXD-QA-RECSL/./target/screenshots/after_clearing_attempt_3_1752642576547.png
Screenshot saved at: /Users/unbxd/Downloads/UNBXD-QA-RECSL/./target/screenshots/after_clearing_attempt_4_1752642576928.png
[DEBUG] Attempt 5: Before clearing, value='Untitled-experience-1'
Screenshot saved at: /Users/unbxd/Downloads/UNBXD-QA-RECSL/./target/screenshots/after_clearing_attempt_4_1752642577100.png
Screenshot saved at: /Users/unbxd/Downloads/UNBXD-QA-RECSL/./target/screenshots/before_clearing_attempt_3_1752642577373.png
Screenshot saved at: /Users/unbxd/Downloads/UNBXD-QA-RECSL/./target/screenshots/before_clearing_attempt_4_1752642577883.png
Screenshot saved at: /Users/unbxd/Downloads/UNBXD-QA-RECSL/./target/screenshots/experience_name_not_cleared_1752642578185.png
[ERROR] Final value in experience name field: 'Untitled-experience-1'
]]></system-out>
    <system-err><![CDATA[Starting ChromeDriver 138.0.7204.92 (f079b9bc781e3c2adb1496ea1d72812deb0ddb3d-refs/branch-heads/7204_50@{#8}) on port 21296
Only local connections are allowed.
Please see https://chromedriver.chromium.org/security-considerations for suggestions on keeping ChromeDriver safe.
Starting ChromeDriver 138.0.7204.92 (f079b9bc781e3c2adb1496ea1d72812deb0ddb3d-refs/branch-heads/7204_50@{#8}) on port 23072
Only local connections are allowed.
Please see https://chromedriver.chromium.org/security-considerations for suggestions on keeping ChromeDriver safe.
Starting ChromeDriver 138.0.7204.92 (f079b9bc781e3c2adb1496ea1d72812deb0ddb3d-refs/branch-heads/7204_50@{#8}) on port 18606
Only local connections are allowed.
Please see https://chromedriver.chromium.org/security-considerations for suggestions on keeping ChromeDriver safe.
ChromeDriver was started successfully on port 21296.
ChromeDriver was started successfully on port 23072.
ChromeDriver was started successfully on port 18606.
Starting ChromeDriver 138.0.7204.92 (f079b9bc781e3c2adb1496ea1d72812deb0ddb3d-refs/branch-heads/7204_50@{#8}) on port 30998
Only local connections are allowed.
Please see https://chromedriver.chromium.org/security-considerations for suggestions on keeping ChromeDriver safe.
Starting ChromeDriver 138.0.7204.92 (f079b9bc781e3c2adb1496ea1d72812deb0ddb3d-refs/branch-heads/7204_50@{#8}) on port 15253
Only local connections are allowed.
Please see https://chromedriver.chromium.org/security-considerations for suggestions on keeping ChromeDriver safe.
ChromeDriver was started successfully on port 15253.
Starting ChromeDriver 138.0.7204.92 (f079b9bc781e3c2adb1496ea1d72812deb0ddb3d-refs/branch-heads/7204_50@{#8}) on port 35728
Only local connections are allowed.
Please see https://chromedriver.chromium.org/security-considerations for suggestions on keeping ChromeDriver safe.
ChromeDriver was started successfully on port 30998.
ChromeDriver was started successfully on port 35728.
Starting ChromeDriver 138.0.7204.92 (f079b9bc781e3c2adb1496ea1d72812deb0ddb3d-refs/branch-heads/7204_50@{#8}) on port 16610
Only local connections are allowed.
Please see https://chromedriver.chromium.org/security-considerations for suggestions on keeping ChromeDriver safe.
ChromeDriver was started successfully on port 16610.
Starting ChromeDriver 138.0.7204.92 (f079b9bc781e3c2adb1496ea1d72812deb0ddb3d-refs/branch-heads/7204_50@{#8}) on port 36971
Only local connections are allowed.
Please see https://chromedriver.chromium.org/security-considerations for suggestions on keeping ChromeDriver safe.
ChromeDriver was started successfully on port 36971.
Starting ChromeDriver 138.0.7204.92 (f079b9bc781e3c2adb1496ea1d72812deb0ddb3d-refs/branch-heads/7204_50@{#8}) on port 15766
Only local connections are allowed.
Please see https://chromedriver.chromium.org/security-considerations for suggestions on keeping ChromeDriver safe.
ChromeDriver was started successfully on port 15766.
Starting ChromeDriver 138.0.7204.92 (f079b9bc781e3c2adb1496ea1d72812deb0ddb3d-refs/branch-heads/7204_50@{#8}) on port 43287
Only local connections are allowed.
Please see https://chromedriver.chromium.org/security-considerations for suggestions on keeping ChromeDriver safe.
ChromeDriver was started successfully on port 43287.
]]></system-err>
  </testcase>
  <testcase name="createJourneyExperience" classname="UnbxdTests.testNG.consoleui.JourneyExperienceTest" time="20.822">
    <failure message="Failed to set experience name after retries" type="java.lang.RuntimeException">java.lang.RuntimeException: Failed to set experience name after retries
	at UnbxdTests.testNG.consoleui.JourneyExperienceTest.createJourneyExperience(JourneyExperienceTest.java:49)
</failure>
    <system-out><![CDATA[[DEBUG] Attempt 4: After clearing, value='Untitled-experience-1'
Screenshot saved at: /Users/unbxd/Downloads/UNBXD-QA-RECSL/./target/screenshots/experience_name_not_cleared_1752642578515.png
[ERROR] Final value in experience name field: 'Untitled-experience-1'
]]></system-out>
  </testcase>
  <testcase name="createBroadCastExperience" classname="UnbxdTests.testNG.consoleui.broadCastPageTest" time="23.42">
    <failure message="Failed to set experience name after retries" type="java.lang.RuntimeException">java.lang.RuntimeException: Failed to set experience name after retries
	at UnbxdTests.testNG.consoleui.broadCastPageTest.createBroadCastExperience(broadCastPageTest.java:51)
</failure>
    <system-out><![CDATA[Screenshot saved at: ./target/screenshots/createBoutiqueExperience_20250716103938.png | Exists: true
Screenshot saved at: /Users/unbxd/Downloads/UNBXD-QA-RECSL/./target/screenshots/after_clearing_attempt_3_1752642579056.png
[DEBUG] Attempt 5: After clearing, value='Untitled-experience-1'
[DEBUG] Attempt 5: Before clearing, value='Untitled-experience-1'
Screenshot saved at: ./target/screenshots/createJourneyExperience_20250716103939.png | Exists: true
Screenshot saved at: /Users/unbxd/Downloads/UNBXD-QA-RECSL/./target/screenshots/after_clearing_attempt_4_1752642580132.png
Screenshot saved at: /Users/unbxd/Downloads/UNBXD-QA-RECSL/./target/screenshots/before_clearing_attempt_4_1752642580218.png
Screenshot saved at: /Users/unbxd/Downloads/UNBXD-QA-RECSL/./target/screenshots/experience_name_not_cleared_1752642581113.png
[ERROR] Final value in experience name field: 'Untitled-experience-1'
]]></system-out>
  </testcase>
  <testcase name="createExperienceTest" classname="UnbxdTests.testNG.consoleui.ExpTest" time="25.439">
    <failure message="Failed to set experience name after retries" type="java.lang.RuntimeException">java.lang.RuntimeException: Failed to set experience name after retries
	at UnbxdTests.testNG.consoleui.ExpTest.createExperienceTest(ExpTest.java:59)
</failure>
    <system-out><![CDATA[[DEBUG] Attempt 5: After clearing, value='Untitled-experience-1'
Screenshot saved at: ./target/screenshots/createBroadCastExperience_20250716103941.png | Exists: true
Removing the Context userId: 1 , SiteId: 1Starting setUp in BaseTest...
Creating BrowserInitializer...
Initializing browser...
[DEBUG] Browser from config: chrome
[DEBUG] initDriver called for browser: CHROME
[DEBUG] Using ChromeDriver path: src/main/resources/driver/chromedriver
Screenshot saved at: /Users/unbxd/Downloads/UNBXD-QA-RECSL/./target/screenshots/after_clearing_attempt_4_1752642582340.png
Removing the Context userId: 1 , SiteId: 1Starting setUp in BaseTest...
Creating BrowserInitializer...
Initializing browser...
[DEBUG] Browser from config: chrome
[DEBUG] initDriver called for browser: CHROME
[DEBUG] Using ChromeDriver path: src/main/resources/driver/chromedriver
Screenshot saved at: /Users/unbxd/Downloads/UNBXD-QA-RECSL/./target/screenshots/experience_name_not_cleared_1752642583123.png
[ERROR] Final value in experience name field: 'Untitled-experience-1'
]]></system-out>
    <system-err><![CDATA[Jul 16, 2025 10:39:41 AM org.openqa.selenium.os.UnixProcess destroy
INFO: Command failed to close cleanly. Destroying forcefully (v2). [/Users/unbxd/Downloads/UNBXD-QA-RECSL/src/main/resources/driver/chromedriver, --port=30998][ {}]
Starting ChromeDriver 138.0.7204.92 (f079b9bc781e3c2adb1496ea1d72812deb0ddb3d-refs/branch-heads/7204_50@{#8}) on port 39818
Only local connections are allowed.
Please see https://chromedriver.chromium.org/security-considerations for suggestions on keeping ChromeDriver safe.
ChromeDriver was started successfully on port 39818.
Jul 16, 2025 10:39:42 AM org.openqa.selenium.os.UnixProcess destroy
INFO: Command failed to close cleanly. Destroying forcefully (v2). [/Users/unbxd/Downloads/UNBXD-QA-RECSL/src/main/resources/driver/chromedriver, --port=23072][ {}]
Starting ChromeDriver 138.0.7204.92 (f079b9bc781e3c2adb1496ea1d72812deb0ddb3d-refs/branch-heads/7204_50@{#8}) on port 13950
Only local connections are allowed.
Please see https://chromedriver.chromium.org/security-considerations for suggestions on keeping ChromeDriver safe.
ChromeDriver was started successfully on port 13950.
]]></system-err>
  </testcase>
  <testcase name="createExperienceTest" classname="UnbxdTests.testNG.consoleui.ExpTest" time="22.745"/>
  <testcase name="createExperienceTest" classname="UnbxdTests.testNG.consoleui.ExpTest" time="169.921"/>
  <testcase name="createExperienceTest" classname="UnbxdTests.testNG.consoleui.ExpTest" time="227.79"/>
  <testcase name="createExperienceTest" classname="UnbxdTests.testNG.consoleui.ExpTest" time="211.703"/>
  <testcase name="testCustomAlgorithm" classname="UnbxdTests.testNG.consoleui.topsellersCustomAlgoTest" time="1.236">
    <failure message="Timed out after 20 seconds waiting for visibility of element located by By.cssSelector: input[placeholder=&apos;Search for Custom Algorithm&apos;]&#10;Build info: version: &apos;2.53.1&apos;, revision: &apos;a36b8b1cd5757287168e54b817830adce9b0158d&apos;, time: &apos;2016-06-30 19:26:09&apos;&#10;System info: host: &apos;akhilsurigi.local&apos;, ip: &apos;127.0.0.1&apos;, os.name: &apos;Mac OS X&apos;, os.arch: &apos;x86_64&apos;, os.version: &apos;14.7.6&apos;, java.version: &apos;17.0.11&apos;&#10;Driver info: org.openqa.selenium.chrome.ChromeDriver&#10;Capabilities [{mobileEmulationEnabled=false, timeouts={implicit=0, pageLoad=300000, script=30000}, hasTouchScreen=false, platform=MAC, acceptSslCerts=false, goog:chromeOptions={debuggerAddress=localhost:52186}, webauthn:extension:credBlob=true, acceptInsecureCerts=false, fedcm:accounts=true, webStorageEnabled=true, browserName=chrome, takesScreenshot=true, javascriptEnabled=true, setWindowRect=true, webauthn:extension:largeBlob=true, unexpectedAlertBehaviour=ignore, rotatable=false, networkConnectionEnabled=false, chrome={chromedriverVersion=138.0.7204.92 (f079b9bc781e3c2adb1496ea1d72812deb0ddb3d-refs/branch-heads/7204_50@{#8}), userDataDir=/var/folders/jq/g7t0y59s7lnbqlgfqv3kgyph0000gn/T/.org.chromium.Chromium.sgBCzy}, takesHeapSnapshot=true, pageLoadStrategy=normal, strictFileInteractability=false, databaseEnabled=false, handlesAlerts=true, version=138.0.7204.101, browserConnectionEnabled=false, proxy={}, nativeEvents=true, webauthn:extension:minPinLength=true, webauthn:extension:prf=true, locationContextEnabled=true, cssSelectorsEnabled=true, webauthn:virtualAuthenticators=true}]&#10;Session ID: 1cf9b4e8dc8208fd5d55844a2d7ec1f5" type="org.openqa.selenium.TimeoutException">org.openqa.selenium.TimeoutException: 
Timed out after 20 seconds waiting for visibility of element located by By.cssSelector: input[placeholder='Search for Custom Algorithm']
Build info: version: '2.53.1', revision: 'a36b8b1cd5757287168e54b817830adce9b0158d', time: '2016-06-30 19:26:09'
System info: host: 'akhilsurigi.local', ip: '127.0.0.1', os.name: 'Mac OS X', os.arch: 'x86_64', os.version: '14.7.6', java.version: '17.0.11'
Driver info: org.openqa.selenium.chrome.ChromeDriver
Capabilities [{mobileEmulationEnabled=false, timeouts={implicit=0, pageLoad=300000, script=30000}, hasTouchScreen=false, platform=MAC, acceptSslCerts=false, goog:chromeOptions={debuggerAddress=localhost:52186}, webauthn:extension:credBlob=true, acceptInsecureCerts=false, fedcm:accounts=true, webStorageEnabled=true, browserName=chrome, takesScreenshot=true, javascriptEnabled=true, setWindowRect=true, webauthn:extension:largeBlob=true, unexpectedAlertBehaviour=ignore, rotatable=false, networkConnectionEnabled=false, chrome={chromedriverVersion=138.0.7204.92 (f079b9bc781e3c2adb1496ea1d72812deb0ddb3d-refs/branch-heads/7204_50@{#8}), userDataDir=/var/folders/jq/g7t0y59s7lnbqlgfqv3kgyph0000gn/T/.org.chromium.Chromium.sgBCzy}, takesHeapSnapshot=true, pageLoadStrategy=normal, strictFileInteractability=false, databaseEnabled=false, handlesAlerts=true, version=138.0.7204.101, browserConnectionEnabled=false, proxy={}, nativeEvents=true, webauthn:extension:minPinLength=true, webauthn:extension:prf=true, locationContextEnabled=true, cssSelectorsEnabled=true, webauthn:virtualAuthenticators=true}]
Session ID: 1cf9b4e8dc8208fd5d55844a2d7ec1f5
	at UnbxdTests.testNG.consoleui.topsellersCustomAlgoTest.testCustomAlgorithm(topsellersCustomAlgoTest.java:65)
Caused by: org.openqa.selenium.NoSuchElementException: 
no such element: Unable to locate element: {"method":"css selector","selector":"input[placeholder='Search for Custom Algorithm']"}
  (Session info: chrome=138.0.7204.101)
  (Driver info: chromedriver=138.0.7204.92 (f079b9bc781e3c2adb1496ea1d72812deb0ddb3d-refs/branch-heads/7204_50@{#8}),platform=Mac OS X 14.7.6 x86_64) (WARNING: The server did not provide any stacktrace information)
Command duration or timeout: 20.04 seconds
For documentation on this error, please visit: http://seleniumhq.org/exceptions/no_such_element.html
Build info: version: '2.53.1', revision: 'a36b8b1cd5757287168e54b817830adce9b0158d', time: '2016-06-30 19:26:09'
System info: host: 'akhilsurigi.local', ip: '127.0.0.1', os.name: 'Mac OS X', os.arch: 'x86_64', os.version: '14.7.6', java.version: '17.0.11'
Driver info: org.openqa.selenium.chrome.ChromeDriver
Capabilities [{mobileEmulationEnabled=false, timeouts={implicit=0, pageLoad=300000, script=30000}, hasTouchScreen=false, platform=MAC, acceptSslCerts=false, goog:chromeOptions={debuggerAddress=localhost:52186}, webauthn:extension:credBlob=true, acceptInsecureCerts=false, fedcm:accounts=true, webStorageEnabled=true, browserName=chrome, takesScreenshot=true, javascriptEnabled=true, setWindowRect=true, webauthn:extension:largeBlob=true, unexpectedAlertBehaviour=ignore, rotatable=false, networkConnectionEnabled=false, chrome={chromedriverVersion=138.0.7204.92 (f079b9bc781e3c2adb1496ea1d72812deb0ddb3d-refs/branch-heads/7204_50@{#8}), userDataDir=/var/folders/jq/g7t0y59s7lnbqlgfqv3kgyph0000gn/T/.org.chromium.Chromium.sgBCzy}, takesHeapSnapshot=true, pageLoadStrategy=normal, strictFileInteractability=false, databaseEnabled=false, handlesAlerts=true, version=138.0.7204.101, browserConnectionEnabled=false, proxy={}, nativeEvents=true, webauthn:extension:minPinLength=true, webauthn:extension:prf=true, locationContextEnabled=true, cssSelectorsEnabled=true, webauthn:virtualAuthenticators=true}]
Session ID: 1cf9b4e8dc8208fd5d55844a2d7ec1f5
*** Element info: {Using=css selector, value=input[placeholder='Search for Custom Algorithm']}
	at UnbxdTests.testNG.consoleui.topsellersCustomAlgoTest.testCustomAlgorithm(topsellersCustomAlgoTest.java:65)
</failure>
    <system-out><![CDATA[Screenshot saved at: ./target/screenshots/createExperienceTest_20250716103943.png | Exists: true
Removing the Context userId: 1 , SiteId: 1Starting setUp in BaseTest...
Creating BrowserInitializer...
Initializing browser...
[DEBUG] Browser from config: chrome
[DEBUG] initDriver called for browser: CHROME
[DEBUG] Using ChromeDriver path: src/main/resources/driver/chromedriver
[DEBUG] WebDriver successfully created: org.openqa.selenium.chrome.ChromeDriver
Getting driver from initializer...
Driver status after initialization: Driver exists
Initializing FluentLenium adapter...
FluentLenium initialization completed
Initializing test...
Test initialization completed
Setting the Context UserId:1 , siteId : 1
[DEBUG] WebDriver successfully created: org.openqa.selenium.chrome.ChromeDriver
Getting driver from initializer...
Driver status after initialization: Driver exists
Initializing FluentLenium adapter...
FluentLenium initialization completed
Initializing test...
Test initialization completed
Setting the Context UserId:1 , siteId : 1
[DEBUG] WebDriver successfully created: org.openqa.selenium.chrome.ChromeDriver
Getting driver from initializer...
Driver status after initialization: Driver exists
Initializing FluentLenium adapter...
FluentLenium initialization completed
Initializing test...
Test initialization completed
Setting the Context UserId:1 , siteId : 1
[Helper] Cookies restored from: cookies.json
[Helper] Cookies restored from: cookies.json
[Helper] Cookies restored from: cookies.json
[DEBUG] About to click the Create button in TemplatesActions1.clickCreateButton()
[DEBUG] About to click the Create button in TemplatesActions1.clickCreateButton()
[DEBUG] Template name to be entered: autoTemplate1752642608119
[DEBUG] TemplateType: Standard Widget
[DEBUG] widgetSize: 700
]]></system-out>
    <system-err><![CDATA[Jul 16, 2025 10:39:44 AM org.openqa.selenium.os.UnixProcess destroy
INFO: Command failed to close cleanly. Destroying forcefully (v2). [/Users/unbxd/Downloads/UNBXD-QA-RECSL/src/main/resources/driver/chromedriver, --port=35728][ {}]
Starting ChromeDriver 138.0.7204.92 (f079b9bc781e3c2adb1496ea1d72812deb0ddb3d-refs/branch-heads/7204_50@{#8}) on port 9502
Only local connections are allowed.
Please see https://chromedriver.chromium.org/security-considerations for suggestions on keeping ChromeDriver safe.
ChromeDriver was started successfully on port 9502.
]]></system-err>
  </testcase>
  <testcase name="testCustomAlgorithm" classname="UnbxdTests.testNG.consoleui.topsellersCustomAlgoTest" time="0.489">
    <failure message="Timed out after 20 seconds waiting for visibility of element located by By.cssSelector: input[placeholder=&apos;Search for Custom Algorithm&apos;]&#10;Build info: version: &apos;2.53.1&apos;, revision: &apos;a36b8b1cd5757287168e54b817830adce9b0158d&apos;, time: &apos;2016-06-30 19:26:09&apos;&#10;System info: host: &apos;akhilsurigi.local&apos;, ip: &apos;127.0.0.1&apos;, os.name: &apos;Mac OS X&apos;, os.arch: &apos;x86_64&apos;, os.version: &apos;14.7.6&apos;, java.version: &apos;17.0.11&apos;&#10;Driver info: org.openqa.selenium.chrome.ChromeDriver&#10;Capabilities [{mobileEmulationEnabled=false, timeouts={implicit=0, pageLoad=300000, script=30000}, hasTouchScreen=false, platform=MAC, acceptSslCerts=false, goog:chromeOptions={debuggerAddress=localhost:52186}, webauthn:extension:credBlob=true, acceptInsecureCerts=false, fedcm:accounts=true, webStorageEnabled=true, browserName=chrome, takesScreenshot=true, javascriptEnabled=true, setWindowRect=true, webauthn:extension:largeBlob=true, unexpectedAlertBehaviour=ignore, rotatable=false, networkConnectionEnabled=false, chrome={chromedriverVersion=138.0.7204.92 (f079b9bc781e3c2adb1496ea1d72812deb0ddb3d-refs/branch-heads/7204_50@{#8}), userDataDir=/var/folders/jq/g7t0y59s7lnbqlgfqv3kgyph0000gn/T/.org.chromium.Chromium.sgBCzy}, takesHeapSnapshot=true, pageLoadStrategy=normal, strictFileInteractability=false, databaseEnabled=false, handlesAlerts=true, version=138.0.7204.101, browserConnectionEnabled=false, proxy={}, nativeEvents=true, webauthn:extension:minPinLength=true, webauthn:extension:prf=true, locationContextEnabled=true, cssSelectorsEnabled=true, webauthn:virtualAuthenticators=true}]&#10;Session ID: 1cf9b4e8dc8208fd5d55844a2d7ec1f5" type="org.openqa.selenium.TimeoutException">org.openqa.selenium.TimeoutException: 
Timed out after 20 seconds waiting for visibility of element located by By.cssSelector: input[placeholder='Search for Custom Algorithm']
Build info: version: '2.53.1', revision: 'a36b8b1cd5757287168e54b817830adce9b0158d', time: '2016-06-30 19:26:09'
System info: host: 'akhilsurigi.local', ip: '127.0.0.1', os.name: 'Mac OS X', os.arch: 'x86_64', os.version: '14.7.6', java.version: '17.0.11'
Driver info: org.openqa.selenium.chrome.ChromeDriver
Capabilities [{mobileEmulationEnabled=false, timeouts={implicit=0, pageLoad=300000, script=30000}, hasTouchScreen=false, platform=MAC, acceptSslCerts=false, goog:chromeOptions={debuggerAddress=localhost:52186}, webauthn:extension:credBlob=true, acceptInsecureCerts=false, fedcm:accounts=true, webStorageEnabled=true, browserName=chrome, takesScreenshot=true, javascriptEnabled=true, setWindowRect=true, webauthn:extension:largeBlob=true, unexpectedAlertBehaviour=ignore, rotatable=false, networkConnectionEnabled=false, chrome={chromedriverVersion=138.0.7204.92 (f079b9bc781e3c2adb1496ea1d72812deb0ddb3d-refs/branch-heads/7204_50@{#8}), userDataDir=/var/folders/jq/g7t0y59s7lnbqlgfqv3kgyph0000gn/T/.org.chromium.Chromium.sgBCzy}, takesHeapSnapshot=true, pageLoadStrategy=normal, strictFileInteractability=false, databaseEnabled=false, handlesAlerts=true, version=138.0.7204.101, browserConnectionEnabled=false, proxy={}, nativeEvents=true, webauthn:extension:minPinLength=true, webauthn:extension:prf=true, locationContextEnabled=true, cssSelectorsEnabled=true, webauthn:virtualAuthenticators=true}]
Session ID: 1cf9b4e8dc8208fd5d55844a2d7ec1f5
	at UnbxdTests.testNG.consoleui.topsellersCustomAlgoTest.testCustomAlgorithm(topsellersCustomAlgoTest.java:65)
Caused by: org.openqa.selenium.NoSuchElementException: 
no such element: Unable to locate element: {"method":"css selector","selector":"input[placeholder='Search for Custom Algorithm']"}
  (Session info: chrome=138.0.7204.101)
  (Driver info: chromedriver=138.0.7204.92 (f079b9bc781e3c2adb1496ea1d72812deb0ddb3d-refs/branch-heads/7204_50@{#8}),platform=Mac OS X 14.7.6 x86_64) (WARNING: The server did not provide any stacktrace information)
Command duration or timeout: 20.03 seconds
For documentation on this error, please visit: http://seleniumhq.org/exceptions/no_such_element.html
Build info: version: '2.53.1', revision: 'a36b8b1cd5757287168e54b817830adce9b0158d', time: '2016-06-30 19:26:09'
System info: host: 'akhilsurigi.local', ip: '127.0.0.1', os.name: 'Mac OS X', os.arch: 'x86_64', os.version: '14.7.6', java.version: '17.0.11'
Driver info: org.openqa.selenium.chrome.ChromeDriver
Capabilities [{mobileEmulationEnabled=false, timeouts={implicit=0, pageLoad=300000, script=30000}, hasTouchScreen=false, platform=MAC, acceptSslCerts=false, goog:chromeOptions={debuggerAddress=localhost:52186}, webauthn:extension:credBlob=true, acceptInsecureCerts=false, fedcm:accounts=true, webStorageEnabled=true, browserName=chrome, takesScreenshot=true, javascriptEnabled=true, setWindowRect=true, webauthn:extension:largeBlob=true, unexpectedAlertBehaviour=ignore, rotatable=false, networkConnectionEnabled=false, chrome={chromedriverVersion=138.0.7204.92 (f079b9bc781e3c2adb1496ea1d72812deb0ddb3d-refs/branch-heads/7204_50@{#8}), userDataDir=/var/folders/jq/g7t0y59s7lnbqlgfqv3kgyph0000gn/T/.org.chromium.Chromium.sgBCzy}, takesHeapSnapshot=true, pageLoadStrategy=normal, strictFileInteractability=false, databaseEnabled=false, handlesAlerts=true, version=138.0.7204.101, browserConnectionEnabled=false, proxy={}, nativeEvents=true, webauthn:extension:minPinLength=true, webauthn:extension:prf=true, locationContextEnabled=true, cssSelectorsEnabled=true, webauthn:virtualAuthenticators=true}]
Session ID: 1cf9b4e8dc8208fd5d55844a2d7ec1f5
*** Element info: {Using=css selector, value=input[placeholder='Search for Custom Algorithm']}
	at UnbxdTests.testNG.consoleui.topsellersCustomAlgoTest.testCustomAlgorithm(topsellersCustomAlgoTest.java:65)
</failure>
    <system-out><![CDATA[Screenshot saved at: ./target/screenshots/testCustomAlgorithm_20250716104116.png | Exists: true
Closed 'No Thanks' popup.
]]></system-out>
  </testcase>
  <testcase name="testCustomAlgorithm" classname="UnbxdTests.testNG.consoleui.CustomAlgorithmsTest" time="0.507">
    <failure message="Timed out after 20 seconds waiting for visibility of element located by By.cssSelector: input[placeholder=&apos;Search for Custom Algorithm&apos;]&#10;Build info: version: &apos;2.53.1&apos;, revision: &apos;a36b8b1cd5757287168e54b817830adce9b0158d&apos;, time: &apos;2016-06-30 19:26:09&apos;&#10;System info: host: &apos;akhilsurigi.local&apos;, ip: &apos;127.0.0.1&apos;, os.name: &apos;Mac OS X&apos;, os.arch: &apos;x86_64&apos;, os.version: &apos;14.7.6&apos;, java.version: &apos;17.0.11&apos;&#10;Driver info: org.openqa.selenium.chrome.ChromeDriver&#10;Capabilities [{mobileEmulationEnabled=false, timeouts={implicit=0, pageLoad=300000, script=30000}, hasTouchScreen=false, platform=MAC, acceptSslCerts=false, goog:chromeOptions={debuggerAddress=localhost:52187}, webauthn:extension:credBlob=true, acceptInsecureCerts=false, fedcm:accounts=true, webStorageEnabled=true, browserName=chrome, takesScreenshot=true, javascriptEnabled=true, setWindowRect=true, webauthn:extension:largeBlob=true, unexpectedAlertBehaviour=ignore, rotatable=false, networkConnectionEnabled=false, chrome={chromedriverVersion=138.0.7204.92 (f079b9bc781e3c2adb1496ea1d72812deb0ddb3d-refs/branch-heads/7204_50@{#8}), userDataDir=/var/folders/jq/g7t0y59s7lnbqlgfqv3kgyph0000gn/T/.org.chromium.Chromium.8JtbKK}, takesHeapSnapshot=true, pageLoadStrategy=normal, strictFileInteractability=false, databaseEnabled=false, handlesAlerts=true, version=138.0.7204.101, browserConnectionEnabled=false, proxy={}, nativeEvents=true, webauthn:extension:minPinLength=true, webauthn:extension:prf=true, locationContextEnabled=true, cssSelectorsEnabled=true, webauthn:virtualAuthenticators=true}]&#10;Session ID: 7380baa7017f14962294d192a3ef5706" type="org.openqa.selenium.TimeoutException">org.openqa.selenium.TimeoutException: 
Timed out after 20 seconds waiting for visibility of element located by By.cssSelector: input[placeholder='Search for Custom Algorithm']
Build info: version: '2.53.1', revision: 'a36b8b1cd5757287168e54b817830adce9b0158d', time: '2016-06-30 19:26:09'
System info: host: 'akhilsurigi.local', ip: '127.0.0.1', os.name: 'Mac OS X', os.arch: 'x86_64', os.version: '14.7.6', java.version: '17.0.11'
Driver info: org.openqa.selenium.chrome.ChromeDriver
Capabilities [{mobileEmulationEnabled=false, timeouts={implicit=0, pageLoad=300000, script=30000}, hasTouchScreen=false, platform=MAC, acceptSslCerts=false, goog:chromeOptions={debuggerAddress=localhost:52187}, webauthn:extension:credBlob=true, acceptInsecureCerts=false, fedcm:accounts=true, webStorageEnabled=true, browserName=chrome, takesScreenshot=true, javascriptEnabled=true, setWindowRect=true, webauthn:extension:largeBlob=true, unexpectedAlertBehaviour=ignore, rotatable=false, networkConnectionEnabled=false, chrome={chromedriverVersion=138.0.7204.92 (f079b9bc781e3c2adb1496ea1d72812deb0ddb3d-refs/branch-heads/7204_50@{#8}), userDataDir=/var/folders/jq/g7t0y59s7lnbqlgfqv3kgyph0000gn/T/.org.chromium.Chromium.8JtbKK}, takesHeapSnapshot=true, pageLoadStrategy=normal, strictFileInteractability=false, databaseEnabled=false, handlesAlerts=true, version=138.0.7204.101, browserConnectionEnabled=false, proxy={}, nativeEvents=true, webauthn:extension:minPinLength=true, webauthn:extension:prf=true, locationContextEnabled=true, cssSelectorsEnabled=true, webauthn:virtualAuthenticators=true}]
Session ID: 7380baa7017f14962294d192a3ef5706
	at UnbxdTests.testNG.consoleui.CustomAlgorithmsTest.testCustomAlgorithm(CustomAlgorithmsTest.java:65)
Caused by: org.openqa.selenium.NoSuchElementException: 
no such element: Unable to locate element: {"method":"css selector","selector":"input[placeholder='Search for Custom Algorithm']"}
  (Session info: chrome=138.0.7204.101)
  (Driver info: chromedriver=138.0.7204.92 (f079b9bc781e3c2adb1496ea1d72812deb0ddb3d-refs/branch-heads/7204_50@{#8}),platform=Mac OS X 14.7.6 x86_64) (WARNING: The server did not provide any stacktrace information)
Command duration or timeout: 20.03 seconds
For documentation on this error, please visit: http://seleniumhq.org/exceptions/no_such_element.html
Build info: version: '2.53.1', revision: 'a36b8b1cd5757287168e54b817830adce9b0158d', time: '2016-06-30 19:26:09'
System info: host: 'akhilsurigi.local', ip: '127.0.0.1', os.name: 'Mac OS X', os.arch: 'x86_64', os.version: '14.7.6', java.version: '17.0.11'
Driver info: org.openqa.selenium.chrome.ChromeDriver
Capabilities [{mobileEmulationEnabled=false, timeouts={implicit=0, pageLoad=300000, script=30000}, hasTouchScreen=false, platform=MAC, acceptSslCerts=false, goog:chromeOptions={debuggerAddress=localhost:52187}, webauthn:extension:credBlob=true, acceptInsecureCerts=false, fedcm:accounts=true, webStorageEnabled=true, browserName=chrome, takesScreenshot=true, javascriptEnabled=true, setWindowRect=true, webauthn:extension:largeBlob=true, unexpectedAlertBehaviour=ignore, rotatable=false, networkConnectionEnabled=false, chrome={chromedriverVersion=138.0.7204.92 (f079b9bc781e3c2adb1496ea1d72812deb0ddb3d-refs/branch-heads/7204_50@{#8}), userDataDir=/var/folders/jq/g7t0y59s7lnbqlgfqv3kgyph0000gn/T/.org.chromium.Chromium.8JtbKK}, takesHeapSnapshot=true, pageLoadStrategy=normal, strictFileInteractability=false, databaseEnabled=false, handlesAlerts=true, version=138.0.7204.101, browserConnectionEnabled=false, proxy={}, nativeEvents=true, webauthn:extension:minPinLength=true, webauthn:extension:prf=true, locationContextEnabled=true, cssSelectorsEnabled=true, webauthn:virtualAuthenticators=true}]
Session ID: 7380baa7017f14962294d192a3ef5706
*** Element info: {Using=css selector, value=input[placeholder='Search for Custom Algorithm']}
	at UnbxdTests.testNG.consoleui.CustomAlgorithmsTest.testCustomAlgorithm(CustomAlgorithmsTest.java:65)
</failure>
    <system-out><![CDATA[Screenshot saved at: ./target/screenshots/testCustomAlgorithm_20250716104009.png | Exists: true
Closed 'No Thanks' popup.
]]></system-out>
  </testcase>
  <testcase name="testCustomAlgorithm" classname="UnbxdTests.testNG.consoleui.CustomAlgorithmsTest" time="18.31">
    <failure message="stale element reference: stale element not found in the current frame&#10;  (Session info: chrome=138.0.7204.101)&#10;  (Driver info: chromedriver=138.0.7204.92 (f079b9bc781e3c2adb1496ea1d72812deb0ddb3d-refs/branch-heads/7204_50@{#8}),platform=Mac OS X 14.7.6 x86_64) (WARNING: The server did not provide any stacktrace information)&#10;Command duration or timeout: 236 milliseconds&#10;For documentation on this error, please visit: http://seleniumhq.org/exceptions/stale_element_reference.html&#10;Build info: version: &apos;2.53.1&apos;, revision: &apos;a36b8b1cd5757287168e54b817830adce9b0158d&apos;, time: &apos;2016-06-30 19:26:09&apos;&#10;System info: host: &apos;akhilsurigi.local&apos;, ip: &apos;127.0.0.1&apos;, os.name: &apos;Mac OS X&apos;, os.arch: &apos;x86_64&apos;, os.version: &apos;14.7.6&apos;, java.version: &apos;17.0.11&apos;&#10;Driver info: org.openqa.selenium.chrome.ChromeDriver&#10;Capabilities [{mobileEmulationEnabled=false, timeouts={implicit=0, pageLoad=300000, script=30000}, hasTouchScreen=false, platform=MAC, acceptSslCerts=false, goog:chromeOptions={debuggerAddress=localhost:52187}, webauthn:extension:credBlob=true, acceptInsecureCerts=false, fedcm:accounts=true, webStorageEnabled=true, browserName=chrome, takesScreenshot=true, javascriptEnabled=true, setWindowRect=true, webauthn:extension:largeBlob=true, unexpectedAlertBehaviour=ignore, rotatable=false, networkConnectionEnabled=false, chrome={chromedriverVersion=138.0.7204.92 (f079b9bc781e3c2adb1496ea1d72812deb0ddb3d-refs/branch-heads/7204_50@{#8}), userDataDir=/var/folders/jq/g7t0y59s7lnbqlgfqv3kgyph0000gn/T/.org.chromium.Chromium.8JtbKK}, takesHeapSnapshot=true, pageLoadStrategy=normal, strictFileInteractability=false, databaseEnabled=false, handlesAlerts=true, version=138.0.7204.101, browserConnectionEnabled=false, proxy={}, nativeEvents=true, webauthn:extension:minPinLength=true, webauthn:extension:prf=true, locationContextEnabled=true, cssSelectorsEnabled=true, webauthn:virtualAuthenticators=true}]&#10;Session ID: 7380baa7017f14962294d192a3ef5706" type="org.openqa.selenium.StaleElementReferenceException">org.openqa.selenium.StaleElementReferenceException: 
stale element reference: stale element not found in the current frame
  (Session info: chrome=138.0.7204.101)
  (Driver info: chromedriver=138.0.7204.92 (f079b9bc781e3c2adb1496ea1d72812deb0ddb3d-refs/branch-heads/7204_50@{#8}),platform=Mac OS X 14.7.6 x86_64) (WARNING: The server did not provide any stacktrace information)
Command duration or timeout: 236 milliseconds
For documentation on this error, please visit: http://seleniumhq.org/exceptions/stale_element_reference.html
Build info: version: '2.53.1', revision: 'a36b8b1cd5757287168e54b817830adce9b0158d', time: '2016-06-30 19:26:09'
System info: host: 'akhilsurigi.local', ip: '127.0.0.1', os.name: 'Mac OS X', os.arch: 'x86_64', os.version: '14.7.6', java.version: '17.0.11'
Driver info: org.openqa.selenium.chrome.ChromeDriver
Capabilities [{mobileEmulationEnabled=false, timeouts={implicit=0, pageLoad=300000, script=30000}, hasTouchScreen=false, platform=MAC, acceptSslCerts=false, goog:chromeOptions={debuggerAddress=localhost:52187}, webauthn:extension:credBlob=true, acceptInsecureCerts=false, fedcm:accounts=true, webStorageEnabled=true, browserName=chrome, takesScreenshot=true, javascriptEnabled=true, setWindowRect=true, webauthn:extension:largeBlob=true, unexpectedAlertBehaviour=ignore, rotatable=false, networkConnectionEnabled=false, chrome={chromedriverVersion=138.0.7204.92 (f079b9bc781e3c2adb1496ea1d72812deb0ddb3d-refs/branch-heads/7204_50@{#8}), userDataDir=/var/folders/jq/g7t0y59s7lnbqlgfqv3kgyph0000gn/T/.org.chromium.Chromium.8JtbKK}, takesHeapSnapshot=true, pageLoadStrategy=normal, strictFileInteractability=false, databaseEnabled=false, handlesAlerts=true, version=138.0.7204.101, browserConnectionEnabled=false, proxy={}, nativeEvents=true, webauthn:extension:minPinLength=true, webauthn:extension:prf=true, locationContextEnabled=true, cssSelectorsEnabled=true, webauthn:virtualAuthenticators=true}]
Session ID: 7380baa7017f14962294d192a3ef5706
	at UnbxdTests.testNG.consoleui.CustomAlgorithmsTest.testCustomAlgorithm(CustomAlgorithmsTest.java:88)
</failure>
    <system-out><![CDATA[Screenshot saved at: ./target/screenshots/testNavigateToCoreAlgorithmsPage_20250716104043.png | Exists: true
Removing the Context userId: 1 , SiteId: 1Starting setUp in BaseTest...
Creating BrowserInitializer...
Initializing browser...
[DEBUG] Browser from config: chrome
[DEBUG] initDriver called for browser: CHROME
[DEBUG] Using ChromeDriver path: src/main/resources/driver/chromedriver
[DEBUG] WebDriver successfully created: org.openqa.selenium.chrome.ChromeDriver
Getting driver from initializer...
Driver status after initialization: Driver exists
Initializing FluentLenium adapter...
FluentLenium initialization completed
Initializing test...
Test initialization completed
Setting the Context UserId:1 , siteId : 1
[Helper] Cookies restored from: cookies.json
Debug screenshot saved at: ./target/screenshots/debug_before_click_created_algo_1752642661280.png
Closed 'No Thanks' popup.
Debug screenshot saved at: ./target/screenshots/debug_before_edit_click_1752642663012.png
[DEBUG] Found algo in list: ''
[DEBUG] Found algo in list: 'cursorAlgo1752642655019'
[DEBUG] Found algo in list: 'cursorAlgo1752642582860'
[DEBUG] Found algo in list: 'cursorAlgo1752642588102'
[DEBUG] Found algo in list: 'cursorAlgo1752604622903'
[DEBUG] Found algo in list: 'cursorAlgo1752604619746'
[DEBUG] Found algo in list: 'cursorAlgo1752599392040'
[DEBUG] Found algo in list: 'cursorAlgo1752599293618'
[DEBUG] Found algo in list: 'cursorAlgo1752599295836'
[DEBUG] Found algo in list: 'cursorAlgo1752599015181'
[DEBUG] Found algo in list: 'cursorAlgo1752597915201'
[DEBUG] Found algo in list: 'cursorAlgo1752597556752'
[DEBUG] Found algo in list: 'cursorAlgo1752597259432'
[DEBUG] Found algo in list: 'cursorAlgo1752597056818'
[DEBUG] Found algo in list: 'cursorAlgo1752596910420'
[DEBUG] Found algo in list: 'cursorAlgo1752596802925'
[DEBUG] Found algo in list: 'cursorAlgo1752596734110'
[DEBUG] Found algo in list: 'cursorAlgo1752596451472'
[DEBUG] Found algo in list: 'cursorAlgo1752585189687'
[DEBUG] Found algo in list: 'cursorAlgo1752585188159'
[DEBUG] Found algo in list: 'cursorAlgo1752585095085'
[DEBUG] Found algo in list: 'cursorAlgo1752585094794'
[DEBUG] Found algo in list: 'cursorAlgo1752583816462'
[DEBUG] Found algo in list: 'cursorAlgo1752583578251'
[DEBUG] Found algo in list: 'cursorAlgo1752583477840'
[DEBUG] Found algo in list: 'cursorAlgo1752583479750'
Debug screenshot saved at: ./target/screenshots/debug_before_click_created_algo_1752642675850.png
]]></system-out>
    <system-err><![CDATA[Starting ChromeDriver 138.0.7204.92 (f079b9bc781e3c2adb1496ea1d72812deb0ddb3d-refs/branch-heads/7204_50@{#8}) on port 11115
Only local connections are allowed.
Please see https://chromedriver.chromium.org/security-considerations for suggestions on keeping ChromeDriver safe.
ChromeDriver was started successfully on port 11115.
]]></system-err>
  </testcase>
  <testcase name="testCustomAlgorithm" classname="UnbxdTests.testNG.consoleui.CustomAlgorithmsTest" time="18.26"/>
  <testcase name="testCustomAlgorithm" classname="UnbxdTests.testNG.consoleui.CustomAlgorithmsTest" time="26.253"/>
  <testcase name="testCustomAlgorithm" classname="UnbxdTests.testNG.consoleui.CustomAlgorithmsTest" time="36.838">
    <failure message="Timed out after 20 seconds waiting for visibility of element located by By.cssSelector: input[placeholder=&apos;Search for Custom Algorithm&apos;]&#10;Build info: version: &apos;2.53.1&apos;, revision: &apos;a36b8b1cd5757287168e54b817830adce9b0158d&apos;, time: &apos;2016-06-30 19:26:09&apos;&#10;System info: host: &apos;akhilsurigi.local&apos;, ip: &apos;127.0.0.1&apos;, os.name: &apos;Mac OS X&apos;, os.arch: &apos;x86_64&apos;, os.version: &apos;14.7.6&apos;, java.version: &apos;17.0.11&apos;&#10;Driver info: org.openqa.selenium.chrome.ChromeDriver&#10;Capabilities [{mobileEmulationEnabled=false, timeouts={implicit=0, pageLoad=300000, script=30000}, hasTouchScreen=false, platform=MAC, acceptSslCerts=false, goog:chromeOptions={debuggerAddress=localhost:52187}, webauthn:extension:credBlob=true, acceptInsecureCerts=false, fedcm:accounts=true, webStorageEnabled=true, browserName=chrome, takesScreenshot=true, javascriptEnabled=true, setWindowRect=true, webauthn:extension:largeBlob=true, unexpectedAlertBehaviour=ignore, rotatable=false, networkConnectionEnabled=false, chrome={chromedriverVersion=138.0.7204.92 (f079b9bc781e3c2adb1496ea1d72812deb0ddb3d-refs/branch-heads/7204_50@{#8}), userDataDir=/var/folders/jq/g7t0y59s7lnbqlgfqv3kgyph0000gn/T/.org.chromium.Chromium.8JtbKK}, takesHeapSnapshot=true, pageLoadStrategy=normal, strictFileInteractability=false, databaseEnabled=false, handlesAlerts=true, version=138.0.7204.101, browserConnectionEnabled=false, proxy={}, nativeEvents=true, webauthn:extension:minPinLength=true, webauthn:extension:prf=true, locationContextEnabled=true, cssSelectorsEnabled=true, webauthn:virtualAuthenticators=true}]&#10;Session ID: 7380baa7017f14962294d192a3ef5706" type="org.openqa.selenium.TimeoutException">org.openqa.selenium.TimeoutException: 
Timed out after 20 seconds waiting for visibility of element located by By.cssSelector: input[placeholder='Search for Custom Algorithm']
Build info: version: '2.53.1', revision: 'a36b8b1cd5757287168e54b817830adce9b0158d', time: '2016-06-30 19:26:09'
System info: host: 'akhilsurigi.local', ip: '127.0.0.1', os.name: 'Mac OS X', os.arch: 'x86_64', os.version: '14.7.6', java.version: '17.0.11'
Driver info: org.openqa.selenium.chrome.ChromeDriver
Capabilities [{mobileEmulationEnabled=false, timeouts={implicit=0, pageLoad=300000, script=30000}, hasTouchScreen=false, platform=MAC, acceptSslCerts=false, goog:chromeOptions={debuggerAddress=localhost:52187}, webauthn:extension:credBlob=true, acceptInsecureCerts=false, fedcm:accounts=true, webStorageEnabled=true, browserName=chrome, takesScreenshot=true, javascriptEnabled=true, setWindowRect=true, webauthn:extension:largeBlob=true, unexpectedAlertBehaviour=ignore, rotatable=false, networkConnectionEnabled=false, chrome={chromedriverVersion=138.0.7204.92 (f079b9bc781e3c2adb1496ea1d72812deb0ddb3d-refs/branch-heads/7204_50@{#8}), userDataDir=/var/folders/jq/g7t0y59s7lnbqlgfqv3kgyph0000gn/T/.org.chromium.Chromium.8JtbKK}, takesHeapSnapshot=true, pageLoadStrategy=normal, strictFileInteractability=false, databaseEnabled=false, handlesAlerts=true, version=138.0.7204.101, browserConnectionEnabled=false, proxy={}, nativeEvents=true, webauthn:extension:minPinLength=true, webauthn:extension:prf=true, locationContextEnabled=true, cssSelectorsEnabled=true, webauthn:virtualAuthenticators=true}]
Session ID: 7380baa7017f14962294d192a3ef5706
	at UnbxdTests.testNG.consoleui.CustomAlgorithmsTest.testCustomAlgorithm(CustomAlgorithmsTest.java:65)
Caused by: org.openqa.selenium.NoSuchElementException: 
no such element: Unable to locate element: {"method":"css selector","selector":"input[placeholder='Search for Custom Algorithm']"}
  (Session info: chrome=138.0.7204.101)
  (Driver info: chromedriver=138.0.7204.92 (f079b9bc781e3c2adb1496ea1d72812deb0ddb3d-refs/branch-heads/7204_50@{#8}),platform=Mac OS X 14.7.6 x86_64) (WARNING: The server did not provide any stacktrace information)
Command duration or timeout: 20.01 seconds
For documentation on this error, please visit: http://seleniumhq.org/exceptions/no_such_element.html
Build info: version: '2.53.1', revision: 'a36b8b1cd5757287168e54b817830adce9b0158d', time: '2016-06-30 19:26:09'
System info: host: 'akhilsurigi.local', ip: '127.0.0.1', os.name: 'Mac OS X', os.arch: 'x86_64', os.version: '14.7.6', java.version: '17.0.11'
Driver info: org.openqa.selenium.chrome.ChromeDriver
Capabilities [{mobileEmulationEnabled=false, timeouts={implicit=0, pageLoad=300000, script=30000}, hasTouchScreen=false, platform=MAC, acceptSslCerts=false, goog:chromeOptions={debuggerAddress=localhost:52187}, webauthn:extension:credBlob=true, acceptInsecureCerts=false, fedcm:accounts=true, webStorageEnabled=true, browserName=chrome, takesScreenshot=true, javascriptEnabled=true, setWindowRect=true, webauthn:extension:largeBlob=true, unexpectedAlertBehaviour=ignore, rotatable=false, networkConnectionEnabled=false, chrome={chromedriverVersion=138.0.7204.92 (f079b9bc781e3c2adb1496ea1d72812deb0ddb3d-refs/branch-heads/7204_50@{#8}), userDataDir=/var/folders/jq/g7t0y59s7lnbqlgfqv3kgyph0000gn/T/.org.chromium.Chromium.8JtbKK}, takesHeapSnapshot=true, pageLoadStrategy=normal, strictFileInteractability=false, databaseEnabled=false, handlesAlerts=true, version=138.0.7204.101, browserConnectionEnabled=false, proxy={}, nativeEvents=true, webauthn:extension:minPinLength=true, webauthn:extension:prf=true, locationContextEnabled=true, cssSelectorsEnabled=true, webauthn:virtualAuthenticators=true}]
Session ID: 7380baa7017f14962294d192a3ef5706
*** Element info: {Using=css selector, value=input[placeholder='Search for Custom Algorithm']}
	at UnbxdTests.testNG.consoleui.CustomAlgorithmsTest.testCustomAlgorithm(CustomAlgorithmsTest.java:65)
</failure>
    <system-out><![CDATA[Removing the Context userId: 1 , SiteId: 1[DEBUG] Template name to be entered: autoTemplate1752642813388
[DEBUG] TemplateType: Boutique
[DEBUG] widgetSize: 700
[DEBUG] Template name to be entered: autoTemplate1752642815324
[DEBUG] TemplateType: Boutique
[DEBUG] widgetSize: 700
Closed 'No Thanks' popup.
Closed 'No Thanks' popup.
[DEBUG] About to click the Create button in TemplatesActions1.clickCreateButton()
[DEBUG] Template name to be entered: autoTemplate1752642830979
[DEBUG] TemplateType: Boutique
[DEBUG] widgetSize: 700
[DEBUG] Attempt 1: Before clearing, value='Untitled-experience-1'
Screenshot saved at: /Users/unbxd/Downloads/UNBXD-QA-RECSL/./target/screenshots/before_clearing_attempt_0_1752642849511.png
]]></system-out>
  </testcase>
  <testcase name="testCustomAlgorithm" classname="UnbxdTests.testNG.consoleui.CustomAlgorithmsTest" time="62.898"/>
  <testcase name="testNavigateToCoreAlgorithmsPage" classname="UnbxdTests.testNG.consoleui.CoreAlgorithmsTest" time="32.439">
    <failure message="Timed out after 10 seconds waiting for element to be clickable: By.xpath: //table//td[contains(text(),&apos;AAM15MB01&apos;)]&#10;Build info: version: &apos;2.53.1&apos;, revision: &apos;a36b8b1cd5757287168e54b817830adce9b0158d&apos;, time: &apos;2016-06-30 19:26:09&apos;&#10;System info: host: &apos;akhilsurigi.local&apos;, ip: &apos;127.0.0.1&apos;, os.name: &apos;Mac OS X&apos;, os.arch: &apos;x86_64&apos;, os.version: &apos;14.7.6&apos;, java.version: &apos;17.0.11&apos;&#10;Driver info: org.openqa.selenium.chrome.ChromeDriver&#10;Capabilities [{mobileEmulationEnabled=false, timeouts={implicit=0, pageLoad=300000, script=30000}, hasTouchScreen=false, platform=MAC, acceptSslCerts=false, goog:chromeOptions={debuggerAddress=localhost:52179}, webauthn:extension:credBlob=true, acceptInsecureCerts=false, fedcm:accounts=true, webStorageEnabled=true, browserName=chrome, takesScreenshot=true, javascriptEnabled=true, setWindowRect=true, webauthn:extension:largeBlob=true, unexpectedAlertBehaviour=ignore, rotatable=false, networkConnectionEnabled=false, chrome={chromedriverVersion=138.0.7204.92 (f079b9bc781e3c2adb1496ea1d72812deb0ddb3d-refs/branch-heads/7204_50@{#8}), userDataDir=/var/folders/jq/g7t0y59s7lnbqlgfqv3kgyph0000gn/T/.org.chromium.Chromium.PHSCnZ}, takesHeapSnapshot=true, pageLoadStrategy=normal, strictFileInteractability=false, databaseEnabled=false, handlesAlerts=true, version=138.0.7204.101, browserConnectionEnabled=false, proxy={}, nativeEvents=true, webauthn:extension:minPinLength=true, webauthn:extension:prf=true, locationContextEnabled=true, cssSelectorsEnabled=true, webauthn:virtualAuthenticators=true}]&#10;Session ID: de42aad335dd1d6804cbb1a1057f4d93" type="org.openqa.selenium.TimeoutException">org.openqa.selenium.TimeoutException: 
Timed out after 10 seconds waiting for element to be clickable: By.xpath: //table//td[contains(text(),'AAM15MB01')]
Build info: version: '2.53.1', revision: 'a36b8b1cd5757287168e54b817830adce9b0158d', time: '2016-06-30 19:26:09'
System info: host: 'akhilsurigi.local', ip: '127.0.0.1', os.name: 'Mac OS X', os.arch: 'x86_64', os.version: '14.7.6', java.version: '17.0.11'
Driver info: org.openqa.selenium.chrome.ChromeDriver
Capabilities [{mobileEmulationEnabled=false, timeouts={implicit=0, pageLoad=300000, script=30000}, hasTouchScreen=false, platform=MAC, acceptSslCerts=false, goog:chromeOptions={debuggerAddress=localhost:52179}, webauthn:extension:credBlob=true, acceptInsecureCerts=false, fedcm:accounts=true, webStorageEnabled=true, browserName=chrome, takesScreenshot=true, javascriptEnabled=true, setWindowRect=true, webauthn:extension:largeBlob=true, unexpectedAlertBehaviour=ignore, rotatable=false, networkConnectionEnabled=false, chrome={chromedriverVersion=138.0.7204.92 (f079b9bc781e3c2adb1496ea1d72812deb0ddb3d-refs/branch-heads/7204_50@{#8}), userDataDir=/var/folders/jq/g7t0y59s7lnbqlgfqv3kgyph0000gn/T/.org.chromium.Chromium.PHSCnZ}, takesHeapSnapshot=true, pageLoadStrategy=normal, strictFileInteractability=false, databaseEnabled=false, handlesAlerts=true, version=138.0.7204.101, browserConnectionEnabled=false, proxy={}, nativeEvents=true, webauthn:extension:minPinLength=true, webauthn:extension:prf=true, locationContextEnabled=true, cssSelectorsEnabled=true, webauthn:virtualAuthenticators=true}]
Session ID: de42aad335dd1d6804cbb1a1057f4d93
	at UnbxdTests.testNG.consoleui.CoreAlgorithmsTest.testNavigateToCoreAlgorithmsPage(CoreAlgorithmsTest.java:115)
Caused by: org.openqa.selenium.NoSuchElementException: 
no such element: Unable to locate element: {"method":"xpath","selector":"//table//td[contains(text(),'AAM15MB01')]"}
  (Session info: chrome=138.0.7204.101)
  (Driver info: chromedriver=138.0.7204.92 (f079b9bc781e3c2adb1496ea1d72812deb0ddb3d-refs/branch-heads/7204_50@{#8}),platform=Mac OS X 14.7.6 x86_64) (WARNING: The server did not provide any stacktrace information)
Command duration or timeout: 20.07 seconds
For documentation on this error, please visit: http://seleniumhq.org/exceptions/no_such_element.html
Build info: version: '2.53.1', revision: 'a36b8b1cd5757287168e54b817830adce9b0158d', time: '2016-06-30 19:26:09'
System info: host: 'akhilsurigi.local', ip: '127.0.0.1', os.name: 'Mac OS X', os.arch: 'x86_64', os.version: '14.7.6', java.version: '17.0.11'
Driver info: org.openqa.selenium.chrome.ChromeDriver
Capabilities [{mobileEmulationEnabled=false, timeouts={implicit=0, pageLoad=300000, script=30000}, hasTouchScreen=false, platform=MAC, acceptSslCerts=false, goog:chromeOptions={debuggerAddress=localhost:52179}, webauthn:extension:credBlob=true, acceptInsecureCerts=false, fedcm:accounts=true, webStorageEnabled=true, browserName=chrome, takesScreenshot=true, javascriptEnabled=true, setWindowRect=true, webauthn:extension:largeBlob=true, unexpectedAlertBehaviour=ignore, rotatable=false, networkConnectionEnabled=false, chrome={chromedriverVersion=138.0.7204.92 (f079b9bc781e3c2adb1496ea1d72812deb0ddb3d-refs/branch-heads/7204_50@{#8}), userDataDir=/var/folders/jq/g7t0y59s7lnbqlgfqv3kgyph0000gn/T/.org.chromium.Chromium.PHSCnZ}, takesHeapSnapshot=true, pageLoadStrategy=normal, strictFileInteractability=false, databaseEnabled=false, handlesAlerts=true, version=138.0.7204.101, browserConnectionEnabled=false, proxy={}, nativeEvents=true, webauthn:extension:minPinLength=true, webauthn:extension:prf=true, locationContextEnabled=true, cssSelectorsEnabled=true, webauthn:virtualAuthenticators=true}]
Session ID: de42aad335dd1d6804cbb1a1057f4d93
*** Element info: {Using=xpath, value=//table//td[contains(text(),'AAM15MB01')]}
	at UnbxdTests.testNG.consoleui.CoreAlgorithmsTest.testNavigateToCoreAlgorithmsPage(CoreAlgorithmsTest.java:115)
</failure>
    <system-out><![CDATA[[DEBUG] Template name to be entered: autoTemplate1752642610905
Screenshot saved at: ./target/screenshots/testCustomAlgorithm_20250716104010.png | Exists: true
[DEBUG] About to click the Create button in TemplatesActions1.clickCreateButton()
Closed 'No Thanks' popup.
Closed 'No Thanks' popup.
[DEBUG] TemplateType: Exit Intent Pop Up
[DEBUG] widgetSize: 700
[DEBUG] Template name to be entered: autoTemplate1752642616096
[DEBUG] TemplateType: Boutique
[DEBUG] widgetSize: 700
[DEBUG] Attempt 1: Before clearing, value='Untitled-experience-1'
Screenshot saved at: /Users/unbxd/Downloads/UNBXD-QA-RECSL/./target/screenshots/before_clearing_attempt_0_1752642632155.png
[DEBUG] Attempt 1: After clearing, value=''
Screenshot saved at: /Users/unbxd/Downloads/UNBXD-QA-RECSL/./target/screenshots/after_clearing_attempt_0_1752642633130.png
[DEBUG] Attempt 2: Before clearing, value='Untitled-experience-1'
Screenshot saved at: /Users/unbxd/Downloads/UNBXD-QA-RECSL/./target/screenshots/before_clearing_attempt_1_1752642634001.png
[DEBUG] Attempt 2: After clearing, value=''
Screenshot saved at: /Users/unbxd/Downloads/UNBXD-QA-RECSL/./target/screenshots/after_clearing_attempt_1_1752642635151.png
[DEBUG] Experience name set to: EXP16cd75
Screenshot saved at: /Users/unbxd/Downloads/UNBXD-QA-RECSL/./target/screenshots/after_setting_name_1752642636252.png
]]></system-out>
  </testcase>
  <testcase name="testTemplatesPageElementsInteraction" classname="UnbxdTests.testNG.consoleui.DHstandardWidgettemplateTest" time="9.283"/>
  <testcase name="testTemplatesPageElementsInteraction" classname="UnbxdTests.testNG.consoleui.DHexitIntentTemplatetest" time="15.488"/>
  <testcase name="testTemplatesPageElementsInteraction" classname="UnbxdTests.testNG.consoleui.DVstandardWidgetTemplateTest" time="1.926">
    <failure message="Timed out after 10 seconds waiting for visibility of Proxy element for: DefaultElementLocator &apos;By.cssSelector: .name-modifier-container .modifier input[type=&apos;text&apos;]&apos;&#10;Build info: version: &apos;2.53.1&apos;, revision: &apos;a36b8b1cd5757287168e54b817830adce9b0158d&apos;, time: &apos;2016-06-30 19:26:09&apos;&#10;System info: host: &apos;akhilsurigi.local&apos;, ip: &apos;127.0.0.1&apos;, os.name: &apos;Mac OS X&apos;, os.arch: &apos;x86_64&apos;, os.version: &apos;14.7.6&apos;, java.version: &apos;17.0.11&apos;&#10;Driver info: org.openqa.selenium.chrome.ChromeDriver&#10;Capabilities [{mobileEmulationEnabled=false, timeouts={implicit=0, pageLoad=300000, script=30000}, hasTouchScreen=false, platform=MAC, acceptSslCerts=false, goog:chromeOptions={debuggerAddress=localhost:52839}, webauthn:extension:credBlob=true, acceptInsecureCerts=false, fedcm:accounts=true, webStorageEnabled=true, browserName=chrome, takesScreenshot=true, javascriptEnabled=true, setWindowRect=true, webauthn:extension:largeBlob=true, unexpectedAlertBehaviour=ignore, rotatable=false, networkConnectionEnabled=false, chrome={chromedriverVersion=138.0.7204.92 (f079b9bc781e3c2adb1496ea1d72812deb0ddb3d-refs/branch-heads/7204_50@{#8}), userDataDir=/var/folders/jq/g7t0y59s7lnbqlgfqv3kgyph0000gn/T/.org.chromium.Chromium.4r88py}, takesHeapSnapshot=true, pageLoadStrategy=normal, strictFileInteractability=false, databaseEnabled=false, handlesAlerts=true, version=138.0.7204.101, browserConnectionEnabled=false, proxy={}, nativeEvents=true, webauthn:extension:minPinLength=true, webauthn:extension:prf=true, locationContextEnabled=true, cssSelectorsEnabled=true, webauthn:virtualAuthenticators=true}]&#10;Session ID: 54914c8666f54615cf5d9a01129eab1f" type="org.openqa.selenium.TimeoutException">org.openqa.selenium.TimeoutException: 
Timed out after 10 seconds waiting for visibility of Proxy element for: DefaultElementLocator 'By.cssSelector: .name-modifier-container .modifier input[type='text']'
Build info: version: '2.53.1', revision: 'a36b8b1cd5757287168e54b817830adce9b0158d', time: '2016-06-30 19:26:09'
System info: host: 'akhilsurigi.local', ip: '127.0.0.1', os.name: 'Mac OS X', os.arch: 'x86_64', os.version: '14.7.6', java.version: '17.0.11'
Driver info: org.openqa.selenium.chrome.ChromeDriver
Capabilities [{mobileEmulationEnabled=false, timeouts={implicit=0, pageLoad=300000, script=30000}, hasTouchScreen=false, platform=MAC, acceptSslCerts=false, goog:chromeOptions={debuggerAddress=localhost:52839}, webauthn:extension:credBlob=true, acceptInsecureCerts=false, fedcm:accounts=true, webStorageEnabled=true, browserName=chrome, takesScreenshot=true, javascriptEnabled=true, setWindowRect=true, webauthn:extension:largeBlob=true, unexpectedAlertBehaviour=ignore, rotatable=false, networkConnectionEnabled=false, chrome={chromedriverVersion=138.0.7204.92 (f079b9bc781e3c2adb1496ea1d72812deb0ddb3d-refs/branch-heads/7204_50@{#8}), userDataDir=/var/folders/jq/g7t0y59s7lnbqlgfqv3kgyph0000gn/T/.org.chromium.Chromium.4r88py}, takesHeapSnapshot=true, pageLoadStrategy=normal, strictFileInteractability=false, databaseEnabled=false, handlesAlerts=true, version=138.0.7204.101, browserConnectionEnabled=false, proxy={}, nativeEvents=true, webauthn:extension:minPinLength=true, webauthn:extension:prf=true, locationContextEnabled=true, cssSelectorsEnabled=true, webauthn:virtualAuthenticators=true}]
Session ID: 54914c8666f54615cf5d9a01129eab1f
	at UnbxdTests.testNG.consoleui.DVstandardWidgetTemplateTest.testTemplatesPageElementsInteraction(DVstandardWidgetTemplateTest.java:52)
Caused by: org.openqa.selenium.NoSuchElementException: 
no such element: Unable to locate element: {"method":"css selector","selector":".name-modifier-container .modifier input[type='text']"}
  (Session info: chrome=138.0.7204.101)
  (Driver info: chromedriver=138.0.7204.92 (f079b9bc781e3c2adb1496ea1d72812deb0ddb3d-refs/branch-heads/7204_50@{#8}),platform=Mac OS X 14.7.6 x86_64) (WARNING: The server did not provide any stacktrace information)
Command duration or timeout: 20.06 seconds
For documentation on this error, please visit: http://seleniumhq.org/exceptions/no_such_element.html
Build info: version: '2.53.1', revision: 'a36b8b1cd5757287168e54b817830adce9b0158d', time: '2016-06-30 19:26:09'
System info: host: 'akhilsurigi.local', ip: '127.0.0.1', os.name: 'Mac OS X', os.arch: 'x86_64', os.version: '14.7.6', java.version: '17.0.11'
Driver info: org.openqa.selenium.chrome.ChromeDriver
Capabilities [{mobileEmulationEnabled=false, timeouts={implicit=0, pageLoad=300000, script=30000}, hasTouchScreen=false, platform=MAC, acceptSslCerts=false, goog:chromeOptions={debuggerAddress=localhost:52839}, webauthn:extension:credBlob=true, acceptInsecureCerts=false, fedcm:accounts=true, webStorageEnabled=true, browserName=chrome, takesScreenshot=true, javascriptEnabled=true, setWindowRect=true, webauthn:extension:largeBlob=true, unexpectedAlertBehaviour=ignore, rotatable=false, networkConnectionEnabled=false, chrome={chromedriverVersion=138.0.7204.92 (f079b9bc781e3c2adb1496ea1d72812deb0ddb3d-refs/branch-heads/7204_50@{#8}), userDataDir=/var/folders/jq/g7t0y59s7lnbqlgfqv3kgyph0000gn/T/.org.chromium.Chromium.4r88py}, takesHeapSnapshot=true, pageLoadStrategy=normal, strictFileInteractability=false, databaseEnabled=false, handlesAlerts=true, version=138.0.7204.101, browserConnectionEnabled=false, proxy={}, nativeEvents=true, webauthn:extension:minPinLength=true, webauthn:extension:prf=true, locationContextEnabled=true, cssSelectorsEnabled=true, webauthn:virtualAuthenticators=true}]
Session ID: 54914c8666f54615cf5d9a01129eab1f
*** Element info: {Using=css selector, value=.name-modifier-container .modifier input[type='text']}
	at UnbxdTests.testNG.consoleui.DVstandardWidgetTemplateTest.testTemplatesPageElementsInteraction(DVstandardWidgetTemplateTest.java:52)
</failure>
    <system-out><![CDATA[[DEBUG] WebDriver successfully created: org.openqa.selenium.chrome.ChromeDriver
]]></system-out>
  </testcase>
  <testcase name="testTemplatesPageElementsInteraction" classname="UnbxdTests.testNG.consoleui.DHBoutiqueTemplateTest" time="5.795">
    <failure message="no such element: Unable to locate element: {&quot;method&quot;:&quot;css selector&quot;,&quot;selector&quot;:&quot;.search-input-container input[type=&apos;text&apos;][placeholder=&apos;Search by template name&apos;]&quot;}&#10;  (Session info: chrome=138.0.7204.101)&#10;  (Driver info: chromedriver=138.0.7204.92 (f079b9bc781e3c2adb1496ea1d72812deb0ddb3d-refs/branch-heads/7204_50@{#8}),platform=Mac OS X 14.7.6 x86_64) (WARNING: The server did not provide any stacktrace information)&#10;Command duration or timeout: 20.02 seconds&#10;For documentation on this error, please visit: http://seleniumhq.org/exceptions/no_such_element.html&#10;Build info: version: &apos;2.53.1&apos;, revision: &apos;a36b8b1cd5757287168e54b817830adce9b0158d&apos;, time: &apos;2016-06-30 19:26:09&apos;&#10;System info: host: &apos;akhilsurigi.local&apos;, ip: &apos;127.0.0.1&apos;, os.name: &apos;Mac OS X&apos;, os.arch: &apos;x86_64&apos;, os.version: &apos;14.7.6&apos;, java.version: &apos;17.0.11&apos;&#10;Driver info: org.openqa.selenium.chrome.ChromeDriver&#10;Capabilities [{mobileEmulationEnabled=false, timeouts={implicit=0, pageLoad=300000, script=30000}, hasTouchScreen=false, platform=MAC, acceptSslCerts=false, goog:chromeOptions={debuggerAddress=localhost:52176}, webauthn:extension:credBlob=true, acceptInsecureCerts=false, fedcm:accounts=true, webStorageEnabled=true, browserName=chrome, takesScreenshot=true, javascriptEnabled=true, setWindowRect=true, webauthn:extension:largeBlob=true, unexpectedAlertBehaviour=ignore, rotatable=false, networkConnectionEnabled=false, chrome={chromedriverVersion=138.0.7204.92 (f079b9bc781e3c2adb1496ea1d72812deb0ddb3d-refs/branch-heads/7204_50@{#8}), userDataDir=/var/folders/jq/g7t0y59s7lnbqlgfqv3kgyph0000gn/T/.org.chromium.Chromium.P9Bmd5}, takesHeapSnapshot=true, pageLoadStrategy=normal, strictFileInteractability=false, databaseEnabled=false, handlesAlerts=true, version=138.0.7204.101, browserConnectionEnabled=false, proxy={}, nativeEvents=true, webauthn:extension:minPinLength=true, webauthn:extension:prf=true, locationContextEnabled=true, cssSelectorsEnabled=true, webauthn:virtualAuthenticators=true}]&#10;Session ID: bf84166dea5e39e6272856fd4ab2425e&#10;*** Element info: {Using=css selector, value=.search-input-container input[type=&apos;text&apos;][placeholder=&apos;Search by template name&apos;]}" type="org.openqa.selenium.NoSuchElementException">org.openqa.selenium.NoSuchElementException: 
no such element: Unable to locate element: {"method":"css selector","selector":".search-input-container input[type='text'][placeholder='Search by template name']"}
  (Session info: chrome=138.0.7204.101)
  (Driver info: chromedriver=138.0.7204.92 (f079b9bc781e3c2adb1496ea1d72812deb0ddb3d-refs/branch-heads/7204_50@{#8}),platform=Mac OS X 14.7.6 x86_64) (WARNING: The server did not provide any stacktrace information)
Command duration or timeout: 20.02 seconds
For documentation on this error, please visit: http://seleniumhq.org/exceptions/no_such_element.html
Build info: version: '2.53.1', revision: 'a36b8b1cd5757287168e54b817830adce9b0158d', time: '2016-06-30 19:26:09'
System info: host: 'akhilsurigi.local', ip: '127.0.0.1', os.name: 'Mac OS X', os.arch: 'x86_64', os.version: '14.7.6', java.version: '17.0.11'
Driver info: org.openqa.selenium.chrome.ChromeDriver
Capabilities [{mobileEmulationEnabled=false, timeouts={implicit=0, pageLoad=300000, script=30000}, hasTouchScreen=false, platform=MAC, acceptSslCerts=false, goog:chromeOptions={debuggerAddress=localhost:52176}, webauthn:extension:credBlob=true, acceptInsecureCerts=false, fedcm:accounts=true, webStorageEnabled=true, browserName=chrome, takesScreenshot=true, javascriptEnabled=true, setWindowRect=true, webauthn:extension:largeBlob=true, unexpectedAlertBehaviour=ignore, rotatable=false, networkConnectionEnabled=false, chrome={chromedriverVersion=138.0.7204.92 (f079b9bc781e3c2adb1496ea1d72812deb0ddb3d-refs/branch-heads/7204_50@{#8}), userDataDir=/var/folders/jq/g7t0y59s7lnbqlgfqv3kgyph0000gn/T/.org.chromium.Chromium.P9Bmd5}, takesHeapSnapshot=true, pageLoadStrategy=normal, strictFileInteractability=false, databaseEnabled=false, handlesAlerts=true, version=138.0.7204.101, browserConnectionEnabled=false, proxy={}, nativeEvents=true, webauthn:extension:minPinLength=true, webauthn:extension:prf=true, locationContextEnabled=true, cssSelectorsEnabled=true, webauthn:virtualAuthenticators=true}]
Session ID: bf84166dea5e39e6272856fd4ab2425e
*** Element info: {Using=css selector, value=.search-input-container input[type='text'][placeholder='Search by template name']}
	at UnbxdTests.testNG.consoleui.DHBoutiqueTemplateTest.testTemplatesPageElementsInteraction(DHBoutiqueTemplateTest.java:76)
</failure>
    <system-out><![CDATA[Getting driver from initializer...
Driver status after initialization: Driver exists
Initializing FluentLenium adapter...
FluentLenium initialization completed
Initializing test...
Test initialization completed
Setting the Context UserId:1 , siteId : 1
Screenshot saved at: ./target/screenshots/testTemplatesPageElementsInteraction_20250716104202.png | Exists: true
Removing the Context userId: 1 , SiteId: 1Starting setUp in BaseTest...
Creating BrowserInitializer...
Initializing browser...
[DEBUG] Browser from config: chrome
[DEBUG] initDriver called for browser: CHROME
[DEBUG] Using ChromeDriver path: src/main/resources/driver/chromedriver
[Helper] Cookies restored from: cookies.json
[DEBUG] WebDriver successfully created: org.openqa.selenium.chrome.ChromeDriver
Getting driver from initializer...
Driver status after initialization: Driver exists
Initializing FluentLenium adapter...
FluentLenium initialization completed
Initializing test...
Test initialization completed
Setting the Context UserId:1 , siteId : 1
[Helper] Cookies restored from: cookies.json
[WARN] Could not find radio button or label for value: Mobile
Closed 'No Thanks' popup.
[Helper] Cookies restored from: cookies.json
]]></system-out>
    <system-err><![CDATA[Starting ChromeDriver 138.0.7204.92 (f079b9bc781e3c2adb1496ea1d72812deb0ddb3d-refs/branch-heads/7204_50@{#8}) on port 5553
Only local connections are allowed.
Please see https://chromedriver.chromium.org/security-considerations for suggestions on keeping ChromeDriver safe.
ChromeDriver was started successfully on port 5553.
]]></system-err>
  </testcase>
  <testcase name="testTemplatesPageElementsInteraction" classname="UnbxdTests.testNG.consoleui.DVexitIntentTemplateTest" time="9.011"/>
  <testcase name="testTemplatesPageElementsInteraction" classname="UnbxdTests.testNG.consoleui.MHboutiqueTemplateTest" time="11.29">
    <failure message="no such element: Unable to locate element: {&quot;method&quot;:&quot;css selector&quot;,&quot;selector&quot;:&quot;.unbxd-side-drawer-footer button[type=&apos;button&apos;]&quot;}&#10;  (Session info: chrome=138.0.7204.101)&#10;  (Driver info: chromedriver=138.0.7204.92 (f079b9bc781e3c2adb1496ea1d72812deb0ddb3d-refs/branch-heads/7204_50@{#8}),platform=Mac OS X 14.7.6 x86_64) (WARNING: The server did not provide any stacktrace information)&#10;Command duration or timeout: 20.07 seconds&#10;For documentation on this error, please visit: http://seleniumhq.org/exceptions/no_such_element.html&#10;Build info: version: &apos;2.53.1&apos;, revision: &apos;a36b8b1cd5757287168e54b817830adce9b0158d&apos;, time: &apos;2016-06-30 19:26:09&apos;&#10;System info: host: &apos;akhilsurigi.local&apos;, ip: &apos;127.0.0.1&apos;, os.name: &apos;Mac OS X&apos;, os.arch: &apos;x86_64&apos;, os.version: &apos;14.7.6&apos;, java.version: &apos;17.0.11&apos;&#10;Driver info: org.openqa.selenium.chrome.ChromeDriver&#10;Capabilities [{mobileEmulationEnabled=false, timeouts={implicit=0, pageLoad=300000, script=30000}, hasTouchScreen=false, platform=MAC, acceptSslCerts=false, goog:chromeOptions={debuggerAddress=localhost:53451}, webauthn:extension:credBlob=true, acceptInsecureCerts=false, fedcm:accounts=true, webStorageEnabled=true, browserName=chrome, takesScreenshot=true, javascriptEnabled=true, setWindowRect=true, webauthn:extension:largeBlob=true, unexpectedAlertBehaviour=ignore, rotatable=false, networkConnectionEnabled=false, chrome={chromedriverVersion=138.0.7204.92 (f079b9bc781e3c2adb1496ea1d72812deb0ddb3d-refs/branch-heads/7204_50@{#8}), userDataDir=/var/folders/jq/g7t0y59s7lnbqlgfqv3kgyph0000gn/T/.org.chromium.Chromium.ECUNRx}, takesHeapSnapshot=true, pageLoadStrategy=normal, strictFileInteractability=false, databaseEnabled=false, handlesAlerts=true, version=138.0.7204.101, browserConnectionEnabled=false, proxy={}, nativeEvents=true, webauthn:extension:minPinLength=true, webauthn:extension:prf=true, locationContextEnabled=true, cssSelectorsEnabled=true, webauthn:virtualAuthenticators=true}]&#10;Session ID: c3dea2e8ebfffaf85369a76fd7ba45dc&#10;*** Element info: {Using=css selector, value=.unbxd-side-drawer-footer button[type=&apos;button&apos;]}" type="org.openqa.selenium.NoSuchElementException">org.openqa.selenium.NoSuchElementException: 
no such element: Unable to locate element: {"method":"css selector","selector":".unbxd-side-drawer-footer button[type='button']"}
  (Session info: chrome=138.0.7204.101)
  (Driver info: chromedriver=138.0.7204.92 (f079b9bc781e3c2adb1496ea1d72812deb0ddb3d-refs/branch-heads/7204_50@{#8}),platform=Mac OS X 14.7.6 x86_64) (WARNING: The server did not provide any stacktrace information)
Command duration or timeout: 20.07 seconds
For documentation on this error, please visit: http://seleniumhq.org/exceptions/no_such_element.html
Build info: version: '2.53.1', revision: 'a36b8b1cd5757287168e54b817830adce9b0158d', time: '2016-06-30 19:26:09'
System info: host: 'akhilsurigi.local', ip: '127.0.0.1', os.name: 'Mac OS X', os.arch: 'x86_64', os.version: '14.7.6', java.version: '17.0.11'
Driver info: org.openqa.selenium.chrome.ChromeDriver
Capabilities [{mobileEmulationEnabled=false, timeouts={implicit=0, pageLoad=300000, script=30000}, hasTouchScreen=false, platform=MAC, acceptSslCerts=false, goog:chromeOptions={debuggerAddress=localhost:53451}, webauthn:extension:credBlob=true, acceptInsecureCerts=false, fedcm:accounts=true, webStorageEnabled=true, browserName=chrome, takesScreenshot=true, javascriptEnabled=true, setWindowRect=true, webauthn:extension:largeBlob=true, unexpectedAlertBehaviour=ignore, rotatable=false, networkConnectionEnabled=false, chrome={chromedriverVersion=138.0.7204.92 (f079b9bc781e3c2adb1496ea1d72812deb0ddb3d-refs/branch-heads/7204_50@{#8}), userDataDir=/var/folders/jq/g7t0y59s7lnbqlgfqv3kgyph0000gn/T/.org.chromium.Chromium.ECUNRx}, takesHeapSnapshot=true, pageLoadStrategy=normal, strictFileInteractability=false, databaseEnabled=false, handlesAlerts=true, version=138.0.7204.101, browserConnectionEnabled=false, proxy={}, nativeEvents=true, webauthn:extension:minPinLength=true, webauthn:extension:prf=true, locationContextEnabled=true, cssSelectorsEnabled=true, webauthn:virtualAuthenticators=true}]
Session ID: c3dea2e8ebfffaf85369a76fd7ba45dc
*** Element info: {Using=css selector, value=.unbxd-side-drawer-footer button[type='button']}
	at UnbxdTests.testNG.consoleui.MHboutiqueTemplateTest.testTemplatesPageElementsInteraction(MHboutiqueTemplateTest.java:52)
</failure>
    <system-out><![CDATA[Removing the Context userId: 1 , SiteId: 1]]></system-out>
  </testcase>
  <testcase name="testTemplatesPageElementsInteraction" classname="UnbxdTests.testNG.consoleui.DVBoutiqueTemplateTest" time="7.085"/>
  <testcase name="testTemplatesPageElementsInteraction" classname="UnbxdTests.testNG.consoleui.MHinstagramLikeBehaaviorTemplateTest" time="14.178"/>
  <testcase name="testTemplatesPageElementsInteraction" classname="UnbxdTests.testNG.consoleui.MHstandardWidgettemplateTest" time="38.58"/>
  <testcase name="testTemplatesPageElementsInteraction" classname="UnbxdTests.testNG.consoleui.MVstandardWidgetTemplateTest" time="60.012">
    <failure message="no such element: Unable to locate element: {&quot;method&quot;:&quot;css selector&quot;,&quot;selector&quot;:&quot;.template-dropdown-select.unbxd-new-dropdown button#dropdown-basic&quot;}&#10;  (Session info: chrome=138.0.7204.101)&#10;  (Driver info: chromedriver=138.0.7204.92 (f079b9bc781e3c2adb1496ea1d72812deb0ddb3d-refs/branch-heads/7204_50@{#8}),platform=Mac OS X 14.7.6 x86_64) (WARNING: The server did not provide any stacktrace information)&#10;Command duration or timeout: 20.04 seconds&#10;For documentation on this error, please visit: http://seleniumhq.org/exceptions/no_such_element.html&#10;Build info: version: &apos;2.53.1&apos;, revision: &apos;a36b8b1cd5757287168e54b817830adce9b0158d&apos;, time: &apos;2016-06-30 19:26:09&apos;&#10;System info: host: &apos;akhilsurigi.local&apos;, ip: &apos;127.0.0.1&apos;, os.name: &apos;Mac OS X&apos;, os.arch: &apos;x86_64&apos;, os.version: &apos;14.7.6&apos;, java.version: &apos;17.0.11&apos;&#10;Driver info: org.openqa.selenium.chrome.ChromeDriver&#10;Capabilities [{mobileEmulationEnabled=false, timeouts={implicit=0, pageLoad=300000, script=30000}, hasTouchScreen=false, platform=MAC, acceptSslCerts=false, goog:chromeOptions={debuggerAddress=localhost:54929}, webauthn:extension:credBlob=true, acceptInsecureCerts=false, fedcm:accounts=true, webStorageEnabled=true, browserName=chrome, takesScreenshot=true, javascriptEnabled=true, setWindowRect=true, webauthn:extension:largeBlob=true, unexpectedAlertBehaviour=ignore, rotatable=false, networkConnectionEnabled=false, chrome={chromedriverVersion=138.0.7204.92 (f079b9bc781e3c2adb1496ea1d72812deb0ddb3d-refs/branch-heads/7204_50@{#8}), userDataDir=/var/folders/jq/g7t0y59s7lnbqlgfqv3kgyph0000gn/T/.org.chromium.Chromium.vgc0de}, takesHeapSnapshot=true, pageLoadStrategy=normal, strictFileInteractability=false, databaseEnabled=false, handlesAlerts=true, version=138.0.7204.101, browserConnectionEnabled=false, proxy={}, nativeEvents=true, webauthn:extension:minPinLength=true, webauthn:extension:prf=true, locationContextEnabled=true, cssSelectorsEnabled=true, webauthn:virtualAuthenticators=true}]&#10;Session ID: 91449f69df9592a126787ae1a703fb41&#10;*** Element info: {Using=css selector, value=.template-dropdown-select.unbxd-new-dropdown button#dropdown-basic}" type="org.openqa.selenium.NoSuchElementException">org.openqa.selenium.NoSuchElementException: 
no such element: Unable to locate element: {"method":"css selector","selector":".template-dropdown-select.unbxd-new-dropdown button#dropdown-basic"}
  (Session info: chrome=138.0.7204.101)
  (Driver info: chromedriver=138.0.7204.92 (f079b9bc781e3c2adb1496ea1d72812deb0ddb3d-refs/branch-heads/7204_50@{#8}),platform=Mac OS X 14.7.6 x86_64) (WARNING: The server did not provide any stacktrace information)
Command duration or timeout: 20.04 seconds
For documentation on this error, please visit: http://seleniumhq.org/exceptions/no_such_element.html
Build info: version: '2.53.1', revision: 'a36b8b1cd5757287168e54b817830adce9b0158d', time: '2016-06-30 19:26:09'
System info: host: 'akhilsurigi.local', ip: '127.0.0.1', os.name: 'Mac OS X', os.arch: 'x86_64', os.version: '14.7.6', java.version: '17.0.11'
Driver info: org.openqa.selenium.chrome.ChromeDriver
Capabilities [{mobileEmulationEnabled=false, timeouts={implicit=0, pageLoad=300000, script=30000}, hasTouchScreen=false, platform=MAC, acceptSslCerts=false, goog:chromeOptions={debuggerAddress=localhost:54929}, webauthn:extension:credBlob=true, acceptInsecureCerts=false, fedcm:accounts=true, webStorageEnabled=true, browserName=chrome, takesScreenshot=true, javascriptEnabled=true, setWindowRect=true, webauthn:extension:largeBlob=true, unexpectedAlertBehaviour=ignore, rotatable=false, networkConnectionEnabled=false, chrome={chromedriverVersion=138.0.7204.92 (f079b9bc781e3c2adb1496ea1d72812deb0ddb3d-refs/branch-heads/7204_50@{#8}), userDataDir=/var/folders/jq/g7t0y59s7lnbqlgfqv3kgyph0000gn/T/.org.chromium.Chromium.vgc0de}, takesHeapSnapshot=true, pageLoadStrategy=normal, strictFileInteractability=false, databaseEnabled=false, handlesAlerts=true, version=138.0.7204.101, browserConnectionEnabled=false, proxy={}, nativeEvents=true, webauthn:extension:minPinLength=true, webauthn:extension:prf=true, locationContextEnabled=true, cssSelectorsEnabled=true, webauthn:virtualAuthenticators=true}]
Session ID: 91449f69df9592a126787ae1a703fb41
*** Element info: {Using=css selector, value=.template-dropdown-select.unbxd-new-dropdown button#dropdown-basic}
	at UnbxdTests.testNG.consoleui.MVstandardWidgetTemplateTest.testTemplatesPageElementsInteraction(MVstandardWidgetTemplateTest.java:51)
</failure>
    <system-out><![CDATA[Removing the Context userId: 1 , SiteId: 1[DEBUG] Template name to be entered: autoTemplate1752642889862
Debug screenshot saved at: ./target/screenshots/debug_before_click_created_algo_1752642902688.png
Debug screenshot saved at: ./target/screenshots/debug_before_edit_click_1752642904345.png
]]></system-out>
  </testcase>
  <testcase name="testTemplatesPageElementsInteraction" classname="UnbxdTests.testNG.consoleui.MHtinderLikeBehaviorTemplateTest" time="70.543"/>
  <testcase name="testTemplatesPageElementsInteraction" classname="UnbxdTests.testNG.consoleui.MVboutiqueTemplateTest" time="72.401"/>
  <testcase name="testTemplatesPageElementsInteraction" classname="UnbxdTests.testNG.consoleui.MVtinderLikeBehaviorTemplateTest" time="92.733">
    <failure message="no such element: Unable to locate element: {&quot;method&quot;:&quot;css selector&quot;,&quot;selector&quot;:&quot;.unbxd-side-drawer-footer button[type=&apos;button&apos;]&quot;}&#10;  (Session info: chrome=138.0.7204.101)&#10;  (Driver info: chromedriver=138.0.7204.92 (f079b9bc781e3c2adb1496ea1d72812deb0ddb3d-refs/branch-heads/7204_50@{#8}),platform=Mac OS X 14.7.6 x86_64) (WARNING: The server did not provide any stacktrace information)&#10;Command duration or timeout: 20.05 seconds&#10;For documentation on this error, please visit: http://seleniumhq.org/exceptions/no_such_element.html&#10;Build info: version: &apos;2.53.1&apos;, revision: &apos;a36b8b1cd5757287168e54b817830adce9b0158d&apos;, time: &apos;2016-06-30 19:26:09&apos;&#10;System info: host: &apos;akhilsurigi.local&apos;, ip: &apos;127.0.0.1&apos;, os.name: &apos;Mac OS X&apos;, os.arch: &apos;x86_64&apos;, os.version: &apos;14.7.6&apos;, java.version: &apos;17.0.11&apos;&#10;Driver info: org.openqa.selenium.chrome.ChromeDriver&#10;Capabilities [{mobileEmulationEnabled=false, timeouts={implicit=0, pageLoad=300000, script=30000}, hasTouchScreen=false, platform=MAC, acceptSslCerts=false, goog:chromeOptions={debuggerAddress=localhost:54932}, webauthn:extension:credBlob=true, acceptInsecureCerts=false, fedcm:accounts=true, webStorageEnabled=true, browserName=chrome, takesScreenshot=true, javascriptEnabled=true, setWindowRect=true, webauthn:extension:largeBlob=true, unexpectedAlertBehaviour=ignore, rotatable=false, networkConnectionEnabled=false, chrome={chromedriverVersion=138.0.7204.92 (f079b9bc781e3c2adb1496ea1d72812deb0ddb3d-refs/branch-heads/7204_50@{#8}), userDataDir=/var/folders/jq/g7t0y59s7lnbqlgfqv3kgyph0000gn/T/.org.chromium.Chromium.gMfw4C}, takesHeapSnapshot=true, pageLoadStrategy=normal, strictFileInteractability=false, databaseEnabled=false, handlesAlerts=true, version=138.0.7204.101, browserConnectionEnabled=false, proxy={}, nativeEvents=true, webauthn:extension:minPinLength=true, webauthn:extension:prf=true, locationContextEnabled=true, cssSelectorsEnabled=true, webauthn:virtualAuthenticators=true}]&#10;Session ID: f4286174cdeecf152fcc6171ab1dc897&#10;*** Element info: {Using=css selector, value=.unbxd-side-drawer-footer button[type=&apos;button&apos;]}" type="org.openqa.selenium.NoSuchElementException">org.openqa.selenium.NoSuchElementException: 
no such element: Unable to locate element: {"method":"css selector","selector":".unbxd-side-drawer-footer button[type='button']"}
  (Session info: chrome=138.0.7204.101)
  (Driver info: chromedriver=138.0.7204.92 (f079b9bc781e3c2adb1496ea1d72812deb0ddb3d-refs/branch-heads/7204_50@{#8}),platform=Mac OS X 14.7.6 x86_64) (WARNING: The server did not provide any stacktrace information)
Command duration or timeout: 20.05 seconds
For documentation on this error, please visit: http://seleniumhq.org/exceptions/no_such_element.html
Build info: version: '2.53.1', revision: 'a36b8b1cd5757287168e54b817830adce9b0158d', time: '2016-06-30 19:26:09'
System info: host: 'akhilsurigi.local', ip: '127.0.0.1', os.name: 'Mac OS X', os.arch: 'x86_64', os.version: '14.7.6', java.version: '17.0.11'
Driver info: org.openqa.selenium.chrome.ChromeDriver
Capabilities [{mobileEmulationEnabled=false, timeouts={implicit=0, pageLoad=300000, script=30000}, hasTouchScreen=false, platform=MAC, acceptSslCerts=false, goog:chromeOptions={debuggerAddress=localhost:54932}, webauthn:extension:credBlob=true, acceptInsecureCerts=false, fedcm:accounts=true, webStorageEnabled=true, browserName=chrome, takesScreenshot=true, javascriptEnabled=true, setWindowRect=true, webauthn:extension:largeBlob=true, unexpectedAlertBehaviour=ignore, rotatable=false, networkConnectionEnabled=false, chrome={chromedriverVersion=138.0.7204.92 (f079b9bc781e3c2adb1496ea1d72812deb0ddb3d-refs/branch-heads/7204_50@{#8}), userDataDir=/var/folders/jq/g7t0y59s7lnbqlgfqv3kgyph0000gn/T/.org.chromium.Chromium.gMfw4C}, takesHeapSnapshot=true, pageLoadStrategy=normal, strictFileInteractability=false, databaseEnabled=false, handlesAlerts=true, version=138.0.7204.101, browserConnectionEnabled=false, proxy={}, nativeEvents=true, webauthn:extension:minPinLength=true, webauthn:extension:prf=true, locationContextEnabled=true, cssSelectorsEnabled=true, webauthn:virtualAuthenticators=true}]
Session ID: f4286174cdeecf152fcc6171ab1dc897
*** Element info: {Using=css selector, value=.unbxd-side-drawer-footer button[type='button']}
	at UnbxdTests.testNG.consoleui.MVtinderLikeBehaviorTemplateTest.testTemplatesPageElementsInteraction(MVtinderLikeBehaviorTemplateTest.java:52)
</failure>
    <system-out><![CDATA[Removing the Context userId: 1 , SiteId: 1[WARN] Could not find radio button or label for value: Vertical
[DEBUG] About to click the Create button in TemplatesActions1.clickCreateButton()
]]></system-out>
  </testcase>
  <testcase name="testTemplatesPageElementsInteraction" classname="UnbxdTests.testNG.consoleui.MVinstagramLikeBehaviorTemplateTest" time="103.706"/>
</testsuite>