<?xml version="1.0" encoding="UTF-8"?>
<testsuite xmlns:xsi="http://www.w3.org/2001/XMLSchema-instance" xsi:noNamespaceSchemaLocation="https://maven.apache.org/surefire/maven-surefire-plugin/xsd/surefire-test-report.xsd" name="UnbxdTests.testNG.consoleui.GBFiltersTest" time="88.186" tests="5" errors="0" skipped="3" failures="2">
  <properties>
    <property name="java.specification.version" value="17"/>
    <property name="sun.jnu.encoding" value="UTF-8"/>
    <property name="java.class.path" value="/Users/unbxd/Downloads/recsAkhil/target/test-classes:/Users/unbxd/Downloads/recsAkhil/target/classes:/Users/unbxd/.m2/repository/org/fluentlenium/fluentlenium-core/0.10.3/fluentlenium-core-0.10.3.jar:/Users/unbxd/.m2/repository/org/seleniumhq/selenium/selenium-java/2.44.0/selenium-java-2.44.0.jar:/Users/unbxd/.m2/repository/org/seleniumhq/selenium/selenium-htmlunit-driver/2.44.0/selenium-htmlunit-driver-2.44.0.jar:/Users/unbxd/.m2/repository/org/seleniumhq/selenium/selenium-ie-driver/2.44.0/selenium-ie-driver-2.44.0.jar:/Users/unbxd/.m2/repository/net/java/dev/jna/platform/3.4.0/platform-3.4.0.jar:/Users/unbxd/.m2/repository/org/seleniumhq/selenium/selenium-safari-driver/2.44.0/selenium-safari-driver-2.44.0.jar:/Users/unbxd/.m2/repository/org/webbitserver/webbit/0.4.14/webbit-0.4.14.jar:/Users/unbxd/.m2/repository/io/netty/netty/3.5.2.Final/netty-3.5.2.Final.jar:/Users/unbxd/.m2/repository/org/seleniumhq/selenium/selenium-chrome-driver/2.53.1/selenium-chrome-driver-2.53.1.jar:/Users/unbxd/.m2/repository/org/seleniumhq/selenium/selenium-remote-driver/2.53.1/selenium-remote-driver-2.53.1.jar:/Users/unbxd/.m2/repository/cglib/cglib-nodep/2.1_3/cglib-nodep-2.1_3.jar:/Users/unbxd/.m2/repository/org/seleniumhq/selenium/selenium-api/2.53.1/selenium-api-2.53.1.jar:/Users/unbxd/.m2/repository/com/google/guava/guava/19.0/guava-19.0.jar:/Users/unbxd/.m2/repository/net/java/dev/jna/jna/4.1.0/jna-4.1.0.jar:/Users/unbxd/.m2/repository/net/java/dev/jna/jna-platform/4.1.0/jna-platform-4.1.0.jar:/Users/unbxd/.m2/repository/org/seleniumhq/selenium/selenium-firefox-driver/2.53.1/selenium-firefox-driver-2.53.1.jar:/Users/unbxd/.m2/repository/commons-io/commons-io/2.4/commons-io-2.4.jar:/Users/unbxd/.m2/repository/org/apache/commons/commons-exec/1.3/commons-exec-1.3.jar:/Users/unbxd/.m2/repository/org/seleniumhq/selenium/selenium-support/2.53.1/selenium-support-2.53.1.jar:/Users/unbxd/.m2/repository/net/sourceforge/htmlunit/htmlunit/2.36.0/htmlunit-2.36.0.jar:/Users/unbxd/.m2/repository/xalan/xalan/2.7.2/xalan-2.7.2.jar:/Users/unbxd/.m2/repository/xalan/serializer/2.7.2/serializer-2.7.2.jar:/Users/unbxd/.m2/repository/org/apache/commons/commons-lang3/3.9/commons-lang3-3.9.jar:/Users/unbxd/.m2/repository/org/apache/commons/commons-text/1.7/commons-text-1.7.jar:/Users/unbxd/.m2/repository/org/apache/httpcomponents/httpmime/4.5.9/httpmime-4.5.9.jar:/Users/unbxd/.m2/repository/net/sourceforge/htmlunit/htmlunit-core-js/2.36.0/htmlunit-core-js-2.36.0.jar:/Users/unbxd/.m2/repository/net/sourceforge/htmlunit/neko-htmlunit/2.36.0/neko-htmlunit-2.36.0.jar:/Users/unbxd/.m2/repository/xerces/xercesImpl/2.12.0/xercesImpl-2.12.0.jar:/Users/unbxd/.m2/repository/xml-apis/xml-apis/1.4.01/xml-apis-1.4.01.jar:/Users/unbxd/.m2/repository/net/sourceforge/htmlunit/htmlunit-cssparser/1.5.0/htmlunit-cssparser-1.5.0.jar:/Users/unbxd/.m2/repository/commons-logging/commons-logging/1.2/commons-logging-1.2.jar:/Users/unbxd/.m2/repository/commons-net/commons-net/3.6/commons-net-3.6.jar:/Users/unbxd/.m2/repository/org/brotli/dec/0.1.2/dec-0.1.2.jar:/Users/unbxd/.m2/repository/org/eclipse/jetty/websocket/websocket-client/9.4.20.v20190813/websocket-client-9.4.20.v20190813.jar:/Users/unbxd/.m2/repository/org/eclipse/jetty/jetty-client/9.4.20.v20190813/jetty-client-9.4.20.v20190813.jar:/Users/unbxd/.m2/repository/org/eclipse/jetty/jetty-http/9.4.20.v20190813/jetty-http-9.4.20.v20190813.jar:/Users/unbxd/.m2/repository/org/eclipse/jetty/jetty-xml/9.4.20.v20190813/jetty-xml-9.4.20.v20190813.jar:/Users/unbxd/.m2/repository/org/eclipse/jetty/jetty-util/9.4.20.v20190813/jetty-util-9.4.20.v20190813.jar:/Users/unbxd/.m2/repository/org/eclipse/jetty/jetty-io/9.4.20.v20190813/jetty-io-9.4.20.v20190813.jar:/Users/unbxd/.m2/repository/org/eclipse/jetty/websocket/websocket-common/9.4.20.v20190813/websocket-common-9.4.20.v20190813.jar:/Users/unbxd/.m2/repository/org/eclipse/jetty/websocket/websocket-api/9.4.20.v20190813/websocket-api-9.4.20.v20190813.jar:/Users/unbxd/.m2/repository/commons-configuration/commons-configuration/1.10/commons-configuration-1.10.jar:/Users/unbxd/.m2/repository/log4j/log4j/1.2.17/log4j-1.2.17.jar:/Users/unbxd/.m2/repository/commons-lang/commons-lang/2.6/commons-lang-2.6.jar:/Users/unbxd/.m2/repository/org/testng/testng/7.7.1/testng-7.7.1.jar:/Users/unbxd/.m2/repository/org/slf4j/slf4j-api/1.7.36/slf4j-api-1.7.36.jar:/Users/unbxd/.m2/repository/com/beust/jcommander/1.82/jcommander-1.82.jar:/Users/unbxd/.m2/repository/org/webjars/jquery/3.6.1/jquery-3.6.1.jar:/Users/unbxd/.m2/repository/com/ullink/slack/simpleslackapi/1.2.0/simpleslackapi-1.2.0.jar:/Users/unbxd/.m2/repository/com/google/code/gson/gson/2.8.0/gson-2.8.0.jar:/Users/unbxd/.m2/repository/org/apache/httpcomponents/httpclient/4.5.3/httpclient-4.5.3.jar:/Users/unbxd/.m2/repository/org/apache/httpcomponents/httpcore/4.4.6/httpcore-4.4.6.jar:/Users/unbxd/.m2/repository/commons-codec/commons-codec/1.9/commons-codec-1.9.jar:/Users/unbxd/.m2/repository/org/threeten/threetenbp/1.3.1/threetenbp-1.3.1.jar:/Users/unbxd/.m2/repository/org/glassfish/tyrus/bundles/tyrus-standalone-client/1.13.1/tyrus-standalone-client-1.13.1.jar:/Users/unbxd/.m2/repository/javax/websocket/javax.websocket-api/1.1/javax.websocket-api-1.1.jar:/Users/unbxd/.m2/repository/javax/mail/javax.mail-api/1.5.5/javax.mail-api-1.5.5.jar:/Users/unbxd/.m2/repository/com/sun/mail/javax.mail/1.5.5/javax.mail-1.5.5.jar:/Users/unbxd/.m2/repository/javax/activation/activation/1.1/activation-1.1.jar:/Users/unbxd/.m2/repository/au/com/bytecode/opencsv/2.4/opencsv-2.4.jar:/Users/unbxd/.m2/repository/com/mysql/mysql-connector-j/8.0.33/mysql-connector-j-8.0.33.jar:/Users/unbxd/.m2/repository/com/google/protobuf/protobuf-java/3.21.9/protobuf-java-3.21.9.jar:/Users/unbxd/.m2/repository/org/projectlombok/lombok/1.18.30/lombok-1.18.30.jar:/Users/unbxd/.m2/repository/com/aventstack/extentreports/5.1.1/extentreports-5.1.1.jar:/Users/unbxd/.m2/repository/io/reactivex/rxjava3/rxjava/3.1.6/rxjava-3.1.6.jar:/Users/unbxd/.m2/repository/org/reactivestreams/reactive-streams/1.0.4/reactive-streams-1.0.4.jar:/Users/unbxd/.m2/repository/org/freemarker/freemarker/2.3.32/freemarker-2.3.32.jar:/Users/unbxd/.m2/repository/com/github/javafaker/javafaker/1.0.2/javafaker-1.0.2.jar:/Users/unbxd/.m2/repository/org/yaml/snakeyaml/1.23/snakeyaml-1.23-android.jar:/Users/unbxd/.m2/repository/com/github/mifmif/generex/1.0.2/generex-1.0.2.jar:/Users/unbxd/.m2/repository/dk/brics/automaton/automaton/1.11-8/automaton-1.11-8.jar:/Users/unbxd/.m2/repository/org/yaml/snakeyaml/1.29/snakeyaml-1.29.jar:/Users/unbxd/.m2/repository/io/rest-assured/rest-assured/4.5.1/rest-assured-4.5.1.jar:/Users/unbxd/.m2/repository/org/codehaus/groovy/groovy/3.0.9/groovy-3.0.9.jar:/Users/unbxd/.m2/repository/org/codehaus/groovy/groovy-xml/3.0.9/groovy-xml-3.0.9.jar:/Users/unbxd/.m2/repository/org/hamcrest/hamcrest/2.1/hamcrest-2.1.jar:/Users/unbxd/.m2/repository/org/ccil/cowan/tagsoup/tagsoup/1.2.1/tagsoup-1.2.1.jar:/Users/unbxd/.m2/repository/io/rest-assured/json-path/4.5.1/json-path-4.5.1.jar:/Users/unbxd/.m2/repository/org/codehaus/groovy/groovy-json/3.0.9/groovy-json-3.0.9.jar:/Users/unbxd/.m2/repository/io/rest-assured/rest-assured-common/4.5.1/rest-assured-common-4.5.1.jar:/Users/unbxd/.m2/repository/io/rest-assured/xml-path/4.5.1/xml-path-4.5.1.jar:"/>
    <property name="java.vm.vendor" value="OpenLogic"/>
    <property name="sun.arch.data.model" value="64"/>
    <property name="java.vendor.url" value="https://openlogic.com/"/>
    <property name="os.name" value="Mac OS X"/>
    <property name="java.vm.specification.version" value="17"/>
    <property name="sun.java.launcher" value="SUN_STANDARD"/>
    <property name="user.country" value="IN"/>
    <property name="sun.boot.library.path" value="/Users/unbxd/Library/Application Support/fire-flink-client/JDK/jdk-11.1/Contents/Home/lib"/>
    <property name="sun.java.command" value="/Users/unbxd/Downloads/recsAkhil/target/surefire/surefirebooter11164060583871655747.jar /Users/unbxd/Downloads/recsAkhil/target/surefire 2025-06-12T13-06-29_246-jvmRun1 surefire13896974469107509393tmp surefire_09846647580863573411tmp"/>
    <property name="http.nonProxyHosts" value="local|*.local|169.254/16|*.169.254/16"/>
    <property name="jdk.debug" value="release"/>
    <property name="test" value="UnbxdTests.testNG.consoleui.GBFiltersTest"/>
    <property name="surefire.test.class.path" value="/Users/unbxd/Downloads/recsAkhil/target/test-classes:/Users/unbxd/Downloads/recsAkhil/target/classes:/Users/unbxd/.m2/repository/org/fluentlenium/fluentlenium-core/0.10.3/fluentlenium-core-0.10.3.jar:/Users/unbxd/.m2/repository/org/seleniumhq/selenium/selenium-java/2.44.0/selenium-java-2.44.0.jar:/Users/unbxd/.m2/repository/org/seleniumhq/selenium/selenium-htmlunit-driver/2.44.0/selenium-htmlunit-driver-2.44.0.jar:/Users/unbxd/.m2/repository/org/seleniumhq/selenium/selenium-ie-driver/2.44.0/selenium-ie-driver-2.44.0.jar:/Users/unbxd/.m2/repository/net/java/dev/jna/platform/3.4.0/platform-3.4.0.jar:/Users/unbxd/.m2/repository/org/seleniumhq/selenium/selenium-safari-driver/2.44.0/selenium-safari-driver-2.44.0.jar:/Users/unbxd/.m2/repository/org/webbitserver/webbit/0.4.14/webbit-0.4.14.jar:/Users/unbxd/.m2/repository/io/netty/netty/3.5.2.Final/netty-3.5.2.Final.jar:/Users/unbxd/.m2/repository/org/seleniumhq/selenium/selenium-chrome-driver/2.53.1/selenium-chrome-driver-2.53.1.jar:/Users/unbxd/.m2/repository/org/seleniumhq/selenium/selenium-remote-driver/2.53.1/selenium-remote-driver-2.53.1.jar:/Users/unbxd/.m2/repository/cglib/cglib-nodep/2.1_3/cglib-nodep-2.1_3.jar:/Users/unbxd/.m2/repository/org/seleniumhq/selenium/selenium-api/2.53.1/selenium-api-2.53.1.jar:/Users/unbxd/.m2/repository/com/google/guava/guava/19.0/guava-19.0.jar:/Users/unbxd/.m2/repository/net/java/dev/jna/jna/4.1.0/jna-4.1.0.jar:/Users/unbxd/.m2/repository/net/java/dev/jna/jna-platform/4.1.0/jna-platform-4.1.0.jar:/Users/unbxd/.m2/repository/org/seleniumhq/selenium/selenium-firefox-driver/2.53.1/selenium-firefox-driver-2.53.1.jar:/Users/unbxd/.m2/repository/commons-io/commons-io/2.4/commons-io-2.4.jar:/Users/unbxd/.m2/repository/org/apache/commons/commons-exec/1.3/commons-exec-1.3.jar:/Users/unbxd/.m2/repository/org/seleniumhq/selenium/selenium-support/2.53.1/selenium-support-2.53.1.jar:/Users/unbxd/.m2/repository/net/sourceforge/htmlunit/htmlunit/2.36.0/htmlunit-2.36.0.jar:/Users/unbxd/.m2/repository/xalan/xalan/2.7.2/xalan-2.7.2.jar:/Users/unbxd/.m2/repository/xalan/serializer/2.7.2/serializer-2.7.2.jar:/Users/unbxd/.m2/repository/org/apache/commons/commons-lang3/3.9/commons-lang3-3.9.jar:/Users/unbxd/.m2/repository/org/apache/commons/commons-text/1.7/commons-text-1.7.jar:/Users/unbxd/.m2/repository/org/apache/httpcomponents/httpmime/4.5.9/httpmime-4.5.9.jar:/Users/unbxd/.m2/repository/net/sourceforge/htmlunit/htmlunit-core-js/2.36.0/htmlunit-core-js-2.36.0.jar:/Users/unbxd/.m2/repository/net/sourceforge/htmlunit/neko-htmlunit/2.36.0/neko-htmlunit-2.36.0.jar:/Users/unbxd/.m2/repository/xerces/xercesImpl/2.12.0/xercesImpl-2.12.0.jar:/Users/unbxd/.m2/repository/xml-apis/xml-apis/1.4.01/xml-apis-1.4.01.jar:/Users/unbxd/.m2/repository/net/sourceforge/htmlunit/htmlunit-cssparser/1.5.0/htmlunit-cssparser-1.5.0.jar:/Users/unbxd/.m2/repository/commons-logging/commons-logging/1.2/commons-logging-1.2.jar:/Users/unbxd/.m2/repository/commons-net/commons-net/3.6/commons-net-3.6.jar:/Users/unbxd/.m2/repository/org/brotli/dec/0.1.2/dec-0.1.2.jar:/Users/unbxd/.m2/repository/org/eclipse/jetty/websocket/websocket-client/9.4.20.v20190813/websocket-client-9.4.20.v20190813.jar:/Users/unbxd/.m2/repository/org/eclipse/jetty/jetty-client/9.4.20.v20190813/jetty-client-9.4.20.v20190813.jar:/Users/unbxd/.m2/repository/org/eclipse/jetty/jetty-http/9.4.20.v20190813/jetty-http-9.4.20.v20190813.jar:/Users/unbxd/.m2/repository/org/eclipse/jetty/jetty-xml/9.4.20.v20190813/jetty-xml-9.4.20.v20190813.jar:/Users/unbxd/.m2/repository/org/eclipse/jetty/jetty-util/9.4.20.v20190813/jetty-util-9.4.20.v20190813.jar:/Users/unbxd/.m2/repository/org/eclipse/jetty/jetty-io/9.4.20.v20190813/jetty-io-9.4.20.v20190813.jar:/Users/unbxd/.m2/repository/org/eclipse/jetty/websocket/websocket-common/9.4.20.v20190813/websocket-common-9.4.20.v20190813.jar:/Users/unbxd/.m2/repository/org/eclipse/jetty/websocket/websocket-api/9.4.20.v20190813/websocket-api-9.4.20.v20190813.jar:/Users/unbxd/.m2/repository/commons-configuration/commons-configuration/1.10/commons-configuration-1.10.jar:/Users/unbxd/.m2/repository/log4j/log4j/1.2.17/log4j-1.2.17.jar:/Users/unbxd/.m2/repository/commons-lang/commons-lang/2.6/commons-lang-2.6.jar:/Users/unbxd/.m2/repository/org/testng/testng/7.7.1/testng-7.7.1.jar:/Users/unbxd/.m2/repository/org/slf4j/slf4j-api/1.7.36/slf4j-api-1.7.36.jar:/Users/unbxd/.m2/repository/com/beust/jcommander/1.82/jcommander-1.82.jar:/Users/unbxd/.m2/repository/org/webjars/jquery/3.6.1/jquery-3.6.1.jar:/Users/unbxd/.m2/repository/com/ullink/slack/simpleslackapi/1.2.0/simpleslackapi-1.2.0.jar:/Users/unbxd/.m2/repository/com/google/code/gson/gson/2.8.0/gson-2.8.0.jar:/Users/unbxd/.m2/repository/org/apache/httpcomponents/httpclient/4.5.3/httpclient-4.5.3.jar:/Users/unbxd/.m2/repository/org/apache/httpcomponents/httpcore/4.4.6/httpcore-4.4.6.jar:/Users/unbxd/.m2/repository/commons-codec/commons-codec/1.9/commons-codec-1.9.jar:/Users/unbxd/.m2/repository/org/threeten/threetenbp/1.3.1/threetenbp-1.3.1.jar:/Users/unbxd/.m2/repository/org/glassfish/tyrus/bundles/tyrus-standalone-client/1.13.1/tyrus-standalone-client-1.13.1.jar:/Users/unbxd/.m2/repository/javax/websocket/javax.websocket-api/1.1/javax.websocket-api-1.1.jar:/Users/unbxd/.m2/repository/javax/mail/javax.mail-api/1.5.5/javax.mail-api-1.5.5.jar:/Users/unbxd/.m2/repository/com/sun/mail/javax.mail/1.5.5/javax.mail-1.5.5.jar:/Users/unbxd/.m2/repository/javax/activation/activation/1.1/activation-1.1.jar:/Users/unbxd/.m2/repository/au/com/bytecode/opencsv/2.4/opencsv-2.4.jar:/Users/unbxd/.m2/repository/com/mysql/mysql-connector-j/8.0.33/mysql-connector-j-8.0.33.jar:/Users/unbxd/.m2/repository/com/google/protobuf/protobuf-java/3.21.9/protobuf-java-3.21.9.jar:/Users/unbxd/.m2/repository/org/projectlombok/lombok/1.18.30/lombok-1.18.30.jar:/Users/unbxd/.m2/repository/com/aventstack/extentreports/5.1.1/extentreports-5.1.1.jar:/Users/unbxd/.m2/repository/io/reactivex/rxjava3/rxjava/3.1.6/rxjava-3.1.6.jar:/Users/unbxd/.m2/repository/org/reactivestreams/reactive-streams/1.0.4/reactive-streams-1.0.4.jar:/Users/unbxd/.m2/repository/org/freemarker/freemarker/2.3.32/freemarker-2.3.32.jar:/Users/unbxd/.m2/repository/com/github/javafaker/javafaker/1.0.2/javafaker-1.0.2.jar:/Users/unbxd/.m2/repository/org/yaml/snakeyaml/1.23/snakeyaml-1.23-android.jar:/Users/unbxd/.m2/repository/com/github/mifmif/generex/1.0.2/generex-1.0.2.jar:/Users/unbxd/.m2/repository/dk/brics/automaton/automaton/1.11-8/automaton-1.11-8.jar:/Users/unbxd/.m2/repository/org/yaml/snakeyaml/1.29/snakeyaml-1.29.jar:/Users/unbxd/.m2/repository/io/rest-assured/rest-assured/4.5.1/rest-assured-4.5.1.jar:/Users/unbxd/.m2/repository/org/codehaus/groovy/groovy/3.0.9/groovy-3.0.9.jar:/Users/unbxd/.m2/repository/org/codehaus/groovy/groovy-xml/3.0.9/groovy-xml-3.0.9.jar:/Users/unbxd/.m2/repository/org/hamcrest/hamcrest/2.1/hamcrest-2.1.jar:/Users/unbxd/.m2/repository/org/ccil/cowan/tagsoup/tagsoup/1.2.1/tagsoup-1.2.1.jar:/Users/unbxd/.m2/repository/io/rest-assured/json-path/4.5.1/json-path-4.5.1.jar:/Users/unbxd/.m2/repository/org/codehaus/groovy/groovy-json/3.0.9/groovy-json-3.0.9.jar:/Users/unbxd/.m2/repository/io/rest-assured/rest-assured-common/4.5.1/rest-assured-common-4.5.1.jar:/Users/unbxd/.m2/repository/io/rest-assured/xml-path/4.5.1/xml-path-4.5.1.jar:"/>
    <property name="sun.cpu.endian" value="little"/>
    <property name="user.home" value="/Users/unbxd"/>
    <property name="user.language" value="en"/>
    <property name="java.specification.vendor" value="Oracle Corporation"/>
    <property name="java.version.date" value="2024-04-16"/>
    <property name="java.home" value="/Users/unbxd/Library/Application Support/fire-flink-client/JDK/jdk-11.1/Contents/Home"/>
    <property name="file.separator" value="/"/>
    <property name="basedir" value="/Users/unbxd/Downloads/recsAkhil"/>
    <property name="java.vm.compressedOopsMode" value="Zero based"/>
    <property name="line.separator" value="&#10;"/>
    <property name="java.vm.specification.vendor" value="Oracle Corporation"/>
    <property name="java.specification.name" value="Java Platform API Specification"/>
    <property name="surefire.real.class.path" value="/Users/unbxd/Downloads/recsAkhil/target/surefire/surefirebooter11164060583871655747.jar"/>
    <property name="sun.management.compiler" value="HotSpot 64-Bit Tiered Compilers"/>
    <property name="ftp.nonProxyHosts" value="local|*.local|169.254/16|*.169.254/16"/>
    <property name="java.runtime.version" value="17.0.11+9-adhoc.admin.jdk17u"/>
    <property name="user.name" value="unbxd"/>
    <property name="path.separator" value=":"/>
    <property name="os.version" value="14.7.6"/>
    <property name="java.runtime.name" value="OpenJDK Runtime Environment"/>
    <property name="file.encoding" value="UTF-8"/>
    <property name="java.vm.name" value="OpenJDK 64-Bit Server VM"/>
    <property name="java.vendor.version" value="OpenLogic-OpenJDK"/>
    <property name="localRepository" value="/Users/unbxd/.m2/repository"/>
    <property name="java.vendor.url.bug" value="https://techsupport.roguewave.com/"/>
    <property name="java.io.tmpdir" value="/var/folders/jq/g7t0y59s7lnbqlgfqv3kgyph0000gn/T/"/>
    <property name="java.version" value="17.0.11"/>
    <property name="user.dir" value="/Users/unbxd/Downloads/recsAkhil"/>
    <property name="os.arch" value="x86_64"/>
    <property name="java.vm.specification.name" value="Java Virtual Machine Specification"/>
    <property name="native.encoding" value="UTF-8"/>
    <property name="java.library.path" value="/Users/unbxd/Library/Java/Extensions:/Library/Java/Extensions:/Network/Library/Java/Extensions:/System/Library/Java/Extensions:/usr/lib/java:."/>
    <property name="java.vm.info" value="mixed mode, sharing"/>
    <property name="java.vendor" value="OpenLogic"/>
    <property name="java.vm.version" value="17.0.11+9-adhoc.admin.jdk17u"/>
    <property name="sun.io.unicode.encoding" value="UnicodeBig"/>
    <property name="socksNonProxyHosts" value="local|*.local|169.254/16|*.169.254/16"/>
    <property name="java.class.version" value="61.0"/>
  </properties>
  <testcase name="setUp" classname="UnbxdTests.testNG.consoleui.GBFiltersTest" time="74.624">
    <failure message="No constructor found on class core.consoleui.actions.GBFiltersActions" type="org.fluentlenium.core.exception.ConstructionException"><![CDATA[org.fluentlenium.core.exception.ConstructionException: No constructor found on class core.consoleui.actions.GBFiltersActions
	at UnbxdTests.testNG.consoleui.GBFiltersTest.setUp(GBFiltersTest.java:35)
Caused by: java.lang.NoSuchMethodException: core.consoleui.actions.GBFiltersActions.<init>()
	at UnbxdTests.testNG.consoleui.GBFiltersTest.setUp(GBFiltersTest.java:35)
]]></failure>
    <system-out><![CDATA[Starting setUp in BaseTest...
Creating BrowserInitializer...
Trying to load: ProdUS.yaml, InputStream is null? false
Initializing browser...
[DEBUG] Browser from config: chrome
[DEBUG] initDriver called for browser: CHROME
[DEBUG] Using ChromeDriver path: src/main/resources/driver/chromedriver
[DEBUG] WebDriver successfully created: org.openqa.selenium.chrome.ChromeDriver
Getting driver from initializer...
Driver status after initialization: Driver exists
Initializing FluentLenium adapter...
FluentLenium initialization completed
Initializing test...
Browser Initialization is failed with Exception No constructor found on class core.consoleui.actions.GBFiltersActions
]]></system-out>
    <system-err><![CDATA[SLF4J: Failed to load class "org.slf4j.impl.StaticLoggerBinder".
SLF4J: Defaulting to no-operation (NOP) logger implementation
SLF4J: See http://www.slf4j.org/codes.html#StaticLoggerBinder for further details.
log4j:WARN No appenders could be found for logger (org.apache.commons.configuration.PropertiesConfiguration).
log4j:WARN Please initialize the log4j system properly.
log4j:WARN See http://logging.apache.org/log4j/1.2/faq.html#noconfig for more info.
Starting ChromeDriver 136.0.7103.92 (cb81a4cc5087a8303a6c8827ee2b80b71d26e334-refs/branch-heads/7103@{#1840}) on port 47982
Only local connections are allowed.
Please see https://chromedriver.chromium.org/security-considerations for suggestions on keeping ChromeDriver safe.
ChromeDriver was started successfully on port 47982.
[1749713858.895][WARNING]: This version of ChromeDriver has not been tested with Chrome version 137.
org.fluentlenium.core.exception.ConstructionException: No constructor found on class core.consoleui.actions.GBFiltersActions
	at org.fluentlenium.core.FluentAdapter.initClass(FluentAdapter.java:100)
	at org.fluentlenium.core.FluentAdapter.injectPageIntoContainer(FluentAdapter.java:61)
	at org.fluentlenium.core.FluentAdapter.initTest(FluentAdapter.java:42)
	at UnbxdTests.testNG.ui.BaseTest.setUp(BaseTest.java:41)
	at UnbxdTests.testNG.consoleui.GBFiltersTest.setUp(GBFiltersTest.java:33)
	at java.base/jdk.internal.reflect.NativeMethodAccessorImpl.invoke0(Native Method)
	at java.base/jdk.internal.reflect.NativeMethodAccessorImpl.invoke(NativeMethodAccessorImpl.java:77)
	at java.base/jdk.internal.reflect.DelegatingMethodAccessorImpl.invoke(DelegatingMethodAccessorImpl.java:43)
	at java.base/java.lang.reflect.Method.invoke(Method.java:568)
	at org.testng.internal.invokers.MethodInvocationHelper.invokeMethod(MethodInvocationHelper.java:139)
	at org.testng.internal.invokers.MethodInvocationHelper.invokeMethodConsideringTimeout(MethodInvocationHelper.java:69)
	at org.testng.internal.invokers.ConfigInvoker.invokeConfigurationMethod(ConfigInvoker.java:361)
	at org.testng.internal.invokers.ConfigInvoker.invokeConfigurations(ConfigInvoker.java:296)
	at org.testng.internal.invokers.TestMethodWorker.invokeBeforeClassMethods(TestMethodWorker.java:180)
	at org.testng.internal.invokers.TestMethodWorker.run(TestMethodWorker.java:122)
	at java.base/java.util.ArrayList.forEach(ArrayList.java:1511)
	at org.testng.TestRunner.privateRun(TestRunner.java:829)
	at org.testng.TestRunner.run(TestRunner.java:602)
	at org.testng.SuiteRunner.runTest(SuiteRunner.java:437)
	at org.testng.SuiteRunner.runSequentially(SuiteRunner.java:431)
	at org.testng.SuiteRunner.privateRun(SuiteRunner.java:391)
	at org.testng.SuiteRunner.run(SuiteRunner.java:330)
	at org.testng.SuiteRunnerWorker.runSuite(SuiteRunnerWorker.java:52)
	at org.testng.SuiteRunnerWorker.run(SuiteRunnerWorker.java:95)
	at org.testng.TestNG.runSuitesSequentially(TestNG.java:1256)
	at org.testng.TestNG.runSuitesLocally(TestNG.java:1176)
	at org.testng.TestNG.runSuites(TestNG.java:1099)
	at org.testng.TestNG.run(TestNG.java:1067)
	at org.apache.maven.surefire.testng.TestNGExecutor.run(TestNGExecutor.java:135)
	at org.apache.maven.surefire.testng.TestNGDirectoryTestSuite.executeSingleClass(TestNGDirectoryTestSuite.java:112)
	at org.apache.maven.surefire.testng.TestNGDirectoryTestSuite.execute(TestNGDirectoryTestSuite.java:99)
	at org.apache.maven.surefire.testng.TestNGProvider.invoke(TestNGProvider.java:146)
	at org.apache.maven.surefire.booter.ForkedBooter.invokeProviderInSameClassLoader(ForkedBooter.java:384)
	at org.apache.maven.surefire.booter.ForkedBooter.runSuitesInProcess(ForkedBooter.java:345)
	at org.apache.maven.surefire.booter.ForkedBooter.execute(ForkedBooter.java:126)
	at org.apache.maven.surefire.booter.ForkedBooter.main(ForkedBooter.java:418)
Caused by: java.lang.NoSuchMethodException: core.consoleui.actions.GBFiltersActions.<init>()
	at java.base/java.lang.Class.getConstructor0(Class.java:3585)
	at java.base/java.lang.Class.getDeclaredConstructor(Class.java:2754)
	at org.fluentlenium.core.FluentAdapter.initClass(FluentAdapter.java:84)
	... 35 more
]]></system-err>
  </testcase>
  <testcase name="sanityTest" classname="UnbxdTests.testNG.consoleui.GBFiltersTest" time="0">
    <skipped message="No constructor found on class core.consoleui.actions.GBFiltersActions"/>
  </testcase>
  <testcase name="testGBFiltersWorkflow" classname="UnbxdTests.testNG.consoleui.GBFiltersTest" time="0">
    <skipped message="No constructor found on class core.consoleui.actions.GBFiltersActions"/>
  </testcase>
  <testcase name="tearDown" classname="UnbxdTests.testNG.consoleui.GBFiltersTest" time="0">
    <skipped/>
  </testcase>
  <testcase name="removeContextForTest" classname="UnbxdTests.testNG.consoleui.GBFiltersTest" time="0.034">
    <failure message="Cannot invoke &quot;lib.config.Context.getUserId()&quot; because the return value of &quot;java.lang.ThreadLocal.get()&quot; is null" type="java.lang.NullPointerException">java.lang.NullPointerException: Cannot invoke "lib.config.Context.getUserId()" because the return value of "java.lang.ThreadLocal.get()" is null
</failure>
  </testcase>
</testsuite>