<?xml version="1.0" encoding="UTF-8"?>
<testsuite xmlns:xsi="http://www.w3.org/2001/XMLSchema-instance" xsi:noNamespaceSchemaLocation="https://maven.apache.org/surefire/maven-surefire-plugin/xsd/surefire-test-report.xsd" name="TestSuite" time="1,473.771" tests="31" errors="0" skipped="0" failures="10">
  <properties>
    <property name="java.specification.version" value="17"/>
    <property name="sun.jnu.encoding" value="UTF-8"/>
    <property name="java.class.path" value="/Users/unbxd/Downloads/UNBXD-QA-RECS/target/test-classes:/Users/unbxd/Downloads/UNBXD-QA-RECS/target/classes:/Users/unbxd/.m2/repository/org/fluentlenium/fluentlenium-core/0.10.3/fluentlenium-core-0.10.3.jar:/Users/unbxd/.m2/repository/org/seleniumhq/selenium/selenium-java/2.44.0/selenium-java-2.44.0.jar:/Users/unbxd/.m2/repository/org/seleniumhq/selenium/selenium-htmlunit-driver/2.44.0/selenium-htmlunit-driver-2.44.0.jar:/Users/unbxd/.m2/repository/org/seleniumhq/selenium/selenium-ie-driver/2.44.0/selenium-ie-driver-2.44.0.jar:/Users/unbxd/.m2/repository/net/java/dev/jna/platform/3.4.0/platform-3.4.0.jar:/Users/unbxd/.m2/repository/org/seleniumhq/selenium/selenium-safari-driver/2.44.0/selenium-safari-driver-2.44.0.jar:/Users/unbxd/.m2/repository/org/webbitserver/webbit/0.4.14/webbit-0.4.14.jar:/Users/unbxd/.m2/repository/io/netty/netty/3.5.2.Final/netty-3.5.2.Final.jar:/Users/unbxd/.m2/repository/org/seleniumhq/selenium/selenium-chrome-driver/2.53.1/selenium-chrome-driver-2.53.1.jar:/Users/unbxd/.m2/repository/org/seleniumhq/selenium/selenium-remote-driver/2.53.1/selenium-remote-driver-2.53.1.jar:/Users/unbxd/.m2/repository/cglib/cglib-nodep/2.1_3/cglib-nodep-2.1_3.jar:/Users/unbxd/.m2/repository/org/seleniumhq/selenium/selenium-api/2.53.1/selenium-api-2.53.1.jar:/Users/unbxd/.m2/repository/com/google/guava/guava/19.0/guava-19.0.jar:/Users/unbxd/.m2/repository/net/java/dev/jna/jna/4.1.0/jna-4.1.0.jar:/Users/unbxd/.m2/repository/net/java/dev/jna/jna-platform/4.1.0/jna-platform-4.1.0.jar:/Users/unbxd/.m2/repository/org/seleniumhq/selenium/selenium-firefox-driver/2.53.1/selenium-firefox-driver-2.53.1.jar:/Users/unbxd/.m2/repository/commons-io/commons-io/2.4/commons-io-2.4.jar:/Users/unbxd/.m2/repository/org/apache/commons/commons-exec/1.3/commons-exec-1.3.jar:/Users/unbxd/.m2/repository/org/seleniumhq/selenium/selenium-support/2.53.1/selenium-support-2.53.1.jar:/Users/unbxd/.m2/repository/net/sourceforge/htmlunit/htmlunit/2.36.0/htmlunit-2.36.0.jar:/Users/unbxd/.m2/repository/xalan/xalan/2.7.2/xalan-2.7.2.jar:/Users/unbxd/.m2/repository/xalan/serializer/2.7.2/serializer-2.7.2.jar:/Users/unbxd/.m2/repository/org/apache/commons/commons-lang3/3.9/commons-lang3-3.9.jar:/Users/unbxd/.m2/repository/org/apache/commons/commons-text/1.7/commons-text-1.7.jar:/Users/unbxd/.m2/repository/org/apache/httpcomponents/httpmime/4.5.9/httpmime-4.5.9.jar:/Users/unbxd/.m2/repository/net/sourceforge/htmlunit/htmlunit-core-js/2.36.0/htmlunit-core-js-2.36.0.jar:/Users/unbxd/.m2/repository/net/sourceforge/htmlunit/neko-htmlunit/2.36.0/neko-htmlunit-2.36.0.jar:/Users/unbxd/.m2/repository/xerces/xercesImpl/2.12.0/xercesImpl-2.12.0.jar:/Users/unbxd/.m2/repository/xml-apis/xml-apis/1.4.01/xml-apis-1.4.01.jar:/Users/unbxd/.m2/repository/net/sourceforge/htmlunit/htmlunit-cssparser/1.5.0/htmlunit-cssparser-1.5.0.jar:/Users/unbxd/.m2/repository/commons-logging/commons-logging/1.2/commons-logging-1.2.jar:/Users/unbxd/.m2/repository/commons-net/commons-net/3.6/commons-net-3.6.jar:/Users/unbxd/.m2/repository/org/brotli/dec/0.1.2/dec-0.1.2.jar:/Users/unbxd/.m2/repository/org/eclipse/jetty/websocket/websocket-client/9.4.20.v20190813/websocket-client-9.4.20.v20190813.jar:/Users/unbxd/.m2/repository/org/eclipse/jetty/jetty-client/9.4.20.v20190813/jetty-client-9.4.20.v20190813.jar:/Users/unbxd/.m2/repository/org/eclipse/jetty/jetty-http/9.4.20.v20190813/jetty-http-9.4.20.v20190813.jar:/Users/unbxd/.m2/repository/org/eclipse/jetty/jetty-xml/9.4.20.v20190813/jetty-xml-9.4.20.v20190813.jar:/Users/unbxd/.m2/repository/org/eclipse/jetty/jetty-util/9.4.20.v20190813/jetty-util-9.4.20.v20190813.jar:/Users/unbxd/.m2/repository/org/eclipse/jetty/jetty-io/9.4.20.v20190813/jetty-io-9.4.20.v20190813.jar:/Users/unbxd/.m2/repository/org/eclipse/jetty/websocket/websocket-common/9.4.20.v20190813/websocket-common-9.4.20.v20190813.jar:/Users/unbxd/.m2/repository/org/eclipse/jetty/websocket/websocket-api/9.4.20.v20190813/websocket-api-9.4.20.v20190813.jar:/Users/unbxd/.m2/repository/commons-configuration/commons-configuration/1.10/commons-configuration-1.10.jar:/Users/unbxd/.m2/repository/log4j/log4j/1.2.17/log4j-1.2.17.jar:/Users/unbxd/.m2/repository/commons-lang/commons-lang/2.6/commons-lang-2.6.jar:/Users/unbxd/.m2/repository/org/testng/testng/7.7.1/testng-7.7.1.jar:/Users/unbxd/.m2/repository/org/slf4j/slf4j-api/1.7.36/slf4j-api-1.7.36.jar:/Users/unbxd/.m2/repository/com/beust/jcommander/1.82/jcommander-1.82.jar:/Users/unbxd/.m2/repository/org/webjars/jquery/3.6.1/jquery-3.6.1.jar:/Users/unbxd/.m2/repository/com/ullink/slack/simpleslackapi/1.2.0/simpleslackapi-1.2.0.jar:/Users/unbxd/.m2/repository/com/google/code/gson/gson/2.8.0/gson-2.8.0.jar:/Users/unbxd/.m2/repository/org/apache/httpcomponents/httpclient/4.5.3/httpclient-4.5.3.jar:/Users/unbxd/.m2/repository/org/apache/httpcomponents/httpcore/4.4.6/httpcore-4.4.6.jar:/Users/unbxd/.m2/repository/commons-codec/commons-codec/1.9/commons-codec-1.9.jar:/Users/unbxd/.m2/repository/org/threeten/threetenbp/1.3.1/threetenbp-1.3.1.jar:/Users/unbxd/.m2/repository/org/glassfish/tyrus/bundles/tyrus-standalone-client/1.13.1/tyrus-standalone-client-1.13.1.jar:/Users/unbxd/.m2/repository/javax/websocket/javax.websocket-api/1.1/javax.websocket-api-1.1.jar:/Users/unbxd/.m2/repository/javax/mail/javax.mail-api/1.5.5/javax.mail-api-1.5.5.jar:/Users/unbxd/.m2/repository/com/sun/mail/javax.mail/1.5.5/javax.mail-1.5.5.jar:/Users/unbxd/.m2/repository/javax/activation/activation/1.1/activation-1.1.jar:/Users/unbxd/.m2/repository/au/com/bytecode/opencsv/2.4/opencsv-2.4.jar:/Users/unbxd/.m2/repository/com/mysql/mysql-connector-j/8.0.33/mysql-connector-j-8.0.33.jar:/Users/unbxd/.m2/repository/com/google/protobuf/protobuf-java/3.21.9/protobuf-java-3.21.9.jar:/Users/unbxd/.m2/repository/org/projectlombok/lombok/1.18.30/lombok-1.18.30.jar:/Users/unbxd/.m2/repository/com/aventstack/extentreports/5.1.1/extentreports-5.1.1.jar:/Users/unbxd/.m2/repository/io/reactivex/rxjava3/rxjava/3.1.6/rxjava-3.1.6.jar:/Users/unbxd/.m2/repository/org/reactivestreams/reactive-streams/1.0.4/reactive-streams-1.0.4.jar:/Users/unbxd/.m2/repository/org/freemarker/freemarker/2.3.32/freemarker-2.3.32.jar:/Users/unbxd/.m2/repository/com/github/javafaker/javafaker/1.0.2/javafaker-1.0.2.jar:/Users/unbxd/.m2/repository/org/yaml/snakeyaml/1.23/snakeyaml-1.23-android.jar:/Users/unbxd/.m2/repository/com/github/mifmif/generex/1.0.2/generex-1.0.2.jar:/Users/unbxd/.m2/repository/dk/brics/automaton/automaton/1.11-8/automaton-1.11-8.jar:/Users/unbxd/.m2/repository/org/yaml/snakeyaml/1.29/snakeyaml-1.29.jar:/Users/unbxd/.m2/repository/io/rest-assured/rest-assured/4.5.1/rest-assured-4.5.1.jar:/Users/unbxd/.m2/repository/org/codehaus/groovy/groovy/3.0.9/groovy-3.0.9.jar:/Users/unbxd/.m2/repository/org/codehaus/groovy/groovy-xml/3.0.9/groovy-xml-3.0.9.jar:/Users/unbxd/.m2/repository/org/hamcrest/hamcrest/2.1/hamcrest-2.1.jar:/Users/unbxd/.m2/repository/org/ccil/cowan/tagsoup/tagsoup/1.2.1/tagsoup-1.2.1.jar:/Users/unbxd/.m2/repository/io/rest-assured/json-path/4.5.1/json-path-4.5.1.jar:/Users/unbxd/.m2/repository/org/codehaus/groovy/groovy-json/3.0.9/groovy-json-3.0.9.jar:/Users/unbxd/.m2/repository/io/rest-assured/rest-assured-common/4.5.1/rest-assured-common-4.5.1.jar:/Users/unbxd/.m2/repository/io/rest-assured/xml-path/4.5.1/xml-path-4.5.1.jar:"/>
    <property name="java.vm.vendor" value="OpenLogic"/>
    <property name="sun.arch.data.model" value="64"/>
    <property name="java.vendor.url" value="https://openlogic.com/"/>
    <property name="suiteXmlFile" value="src/test/resources/testng.xml"/>
    <property name="os.name" value="Mac OS X"/>
    <property name="java.vm.specification.version" value="17"/>
    <property name="sun.java.launcher" value="SUN_STANDARD"/>
    <property name="user.country" value="IN"/>
    <property name="sun.boot.library.path" value="/Users/unbxd/Library/Application Support/fire-flink-client/JDK/jdk-11.1/Contents/Home/lib"/>
    <property name="sun.java.command" value="/Users/unbxd/Downloads/UNBXD-QA-RECS/target/surefire/surefirebooter8276065671896137570.jar /Users/unbxd/Downloads/UNBXD-QA-RECS/target/surefire 2025-06-29T23-53-16_025-jvmRun1 surefire17443336633763562274tmp surefire_017394328157571428850tmp"/>
    <property name="http.nonProxyHosts" value="local|*.local|169.254/16|*.169.254/16"/>
    <property name="jdk.debug" value="release"/>
    <property name="surefire.test.class.path" value="/Users/unbxd/Downloads/UNBXD-QA-RECS/target/test-classes:/Users/unbxd/Downloads/UNBXD-QA-RECS/target/classes:/Users/unbxd/.m2/repository/org/fluentlenium/fluentlenium-core/0.10.3/fluentlenium-core-0.10.3.jar:/Users/unbxd/.m2/repository/org/seleniumhq/selenium/selenium-java/2.44.0/selenium-java-2.44.0.jar:/Users/unbxd/.m2/repository/org/seleniumhq/selenium/selenium-htmlunit-driver/2.44.0/selenium-htmlunit-driver-2.44.0.jar:/Users/unbxd/.m2/repository/org/seleniumhq/selenium/selenium-ie-driver/2.44.0/selenium-ie-driver-2.44.0.jar:/Users/unbxd/.m2/repository/net/java/dev/jna/platform/3.4.0/platform-3.4.0.jar:/Users/unbxd/.m2/repository/org/seleniumhq/selenium/selenium-safari-driver/2.44.0/selenium-safari-driver-2.44.0.jar:/Users/unbxd/.m2/repository/org/webbitserver/webbit/0.4.14/webbit-0.4.14.jar:/Users/unbxd/.m2/repository/io/netty/netty/3.5.2.Final/netty-3.5.2.Final.jar:/Users/unbxd/.m2/repository/org/seleniumhq/selenium/selenium-chrome-driver/2.53.1/selenium-chrome-driver-2.53.1.jar:/Users/unbxd/.m2/repository/org/seleniumhq/selenium/selenium-remote-driver/2.53.1/selenium-remote-driver-2.53.1.jar:/Users/unbxd/.m2/repository/cglib/cglib-nodep/2.1_3/cglib-nodep-2.1_3.jar:/Users/unbxd/.m2/repository/org/seleniumhq/selenium/selenium-api/2.53.1/selenium-api-2.53.1.jar:/Users/unbxd/.m2/repository/com/google/guava/guava/19.0/guava-19.0.jar:/Users/unbxd/.m2/repository/net/java/dev/jna/jna/4.1.0/jna-4.1.0.jar:/Users/unbxd/.m2/repository/net/java/dev/jna/jna-platform/4.1.0/jna-platform-4.1.0.jar:/Users/unbxd/.m2/repository/org/seleniumhq/selenium/selenium-firefox-driver/2.53.1/selenium-firefox-driver-2.53.1.jar:/Users/unbxd/.m2/repository/commons-io/commons-io/2.4/commons-io-2.4.jar:/Users/unbxd/.m2/repository/org/apache/commons/commons-exec/1.3/commons-exec-1.3.jar:/Users/unbxd/.m2/repository/org/seleniumhq/selenium/selenium-support/2.53.1/selenium-support-2.53.1.jar:/Users/unbxd/.m2/repository/net/sourceforge/htmlunit/htmlunit/2.36.0/htmlunit-2.36.0.jar:/Users/unbxd/.m2/repository/xalan/xalan/2.7.2/xalan-2.7.2.jar:/Users/unbxd/.m2/repository/xalan/serializer/2.7.2/serializer-2.7.2.jar:/Users/unbxd/.m2/repository/org/apache/commons/commons-lang3/3.9/commons-lang3-3.9.jar:/Users/unbxd/.m2/repository/org/apache/commons/commons-text/1.7/commons-text-1.7.jar:/Users/unbxd/.m2/repository/org/apache/httpcomponents/httpmime/4.5.9/httpmime-4.5.9.jar:/Users/unbxd/.m2/repository/net/sourceforge/htmlunit/htmlunit-core-js/2.36.0/htmlunit-core-js-2.36.0.jar:/Users/unbxd/.m2/repository/net/sourceforge/htmlunit/neko-htmlunit/2.36.0/neko-htmlunit-2.36.0.jar:/Users/unbxd/.m2/repository/xerces/xercesImpl/2.12.0/xercesImpl-2.12.0.jar:/Users/unbxd/.m2/repository/xml-apis/xml-apis/1.4.01/xml-apis-1.4.01.jar:/Users/unbxd/.m2/repository/net/sourceforge/htmlunit/htmlunit-cssparser/1.5.0/htmlunit-cssparser-1.5.0.jar:/Users/unbxd/.m2/repository/commons-logging/commons-logging/1.2/commons-logging-1.2.jar:/Users/unbxd/.m2/repository/commons-net/commons-net/3.6/commons-net-3.6.jar:/Users/unbxd/.m2/repository/org/brotli/dec/0.1.2/dec-0.1.2.jar:/Users/unbxd/.m2/repository/org/eclipse/jetty/websocket/websocket-client/9.4.20.v20190813/websocket-client-9.4.20.v20190813.jar:/Users/unbxd/.m2/repository/org/eclipse/jetty/jetty-client/9.4.20.v20190813/jetty-client-9.4.20.v20190813.jar:/Users/unbxd/.m2/repository/org/eclipse/jetty/jetty-http/9.4.20.v20190813/jetty-http-9.4.20.v20190813.jar:/Users/unbxd/.m2/repository/org/eclipse/jetty/jetty-xml/9.4.20.v20190813/jetty-xml-9.4.20.v20190813.jar:/Users/unbxd/.m2/repository/org/eclipse/jetty/jetty-util/9.4.20.v20190813/jetty-util-9.4.20.v20190813.jar:/Users/unbxd/.m2/repository/org/eclipse/jetty/jetty-io/9.4.20.v20190813/jetty-io-9.4.20.v20190813.jar:/Users/unbxd/.m2/repository/org/eclipse/jetty/websocket/websocket-common/9.4.20.v20190813/websocket-common-9.4.20.v20190813.jar:/Users/unbxd/.m2/repository/org/eclipse/jetty/websocket/websocket-api/9.4.20.v20190813/websocket-api-9.4.20.v20190813.jar:/Users/unbxd/.m2/repository/commons-configuration/commons-configuration/1.10/commons-configuration-1.10.jar:/Users/unbxd/.m2/repository/log4j/log4j/1.2.17/log4j-1.2.17.jar:/Users/unbxd/.m2/repository/commons-lang/commons-lang/2.6/commons-lang-2.6.jar:/Users/unbxd/.m2/repository/org/testng/testng/7.7.1/testng-7.7.1.jar:/Users/unbxd/.m2/repository/org/slf4j/slf4j-api/1.7.36/slf4j-api-1.7.36.jar:/Users/unbxd/.m2/repository/com/beust/jcommander/1.82/jcommander-1.82.jar:/Users/unbxd/.m2/repository/org/webjars/jquery/3.6.1/jquery-3.6.1.jar:/Users/unbxd/.m2/repository/com/ullink/slack/simpleslackapi/1.2.0/simpleslackapi-1.2.0.jar:/Users/unbxd/.m2/repository/com/google/code/gson/gson/2.8.0/gson-2.8.0.jar:/Users/unbxd/.m2/repository/org/apache/httpcomponents/httpclient/4.5.3/httpclient-4.5.3.jar:/Users/unbxd/.m2/repository/org/apache/httpcomponents/httpcore/4.4.6/httpcore-4.4.6.jar:/Users/unbxd/.m2/repository/commons-codec/commons-codec/1.9/commons-codec-1.9.jar:/Users/unbxd/.m2/repository/org/threeten/threetenbp/1.3.1/threetenbp-1.3.1.jar:/Users/unbxd/.m2/repository/org/glassfish/tyrus/bundles/tyrus-standalone-client/1.13.1/tyrus-standalone-client-1.13.1.jar:/Users/unbxd/.m2/repository/javax/websocket/javax.websocket-api/1.1/javax.websocket-api-1.1.jar:/Users/unbxd/.m2/repository/javax/mail/javax.mail-api/1.5.5/javax.mail-api-1.5.5.jar:/Users/unbxd/.m2/repository/com/sun/mail/javax.mail/1.5.5/javax.mail-1.5.5.jar:/Users/unbxd/.m2/repository/javax/activation/activation/1.1/activation-1.1.jar:/Users/unbxd/.m2/repository/au/com/bytecode/opencsv/2.4/opencsv-2.4.jar:/Users/unbxd/.m2/repository/com/mysql/mysql-connector-j/8.0.33/mysql-connector-j-8.0.33.jar:/Users/unbxd/.m2/repository/com/google/protobuf/protobuf-java/3.21.9/protobuf-java-3.21.9.jar:/Users/unbxd/.m2/repository/org/projectlombok/lombok/1.18.30/lombok-1.18.30.jar:/Users/unbxd/.m2/repository/com/aventstack/extentreports/5.1.1/extentreports-5.1.1.jar:/Users/unbxd/.m2/repository/io/reactivex/rxjava3/rxjava/3.1.6/rxjava-3.1.6.jar:/Users/unbxd/.m2/repository/org/reactivestreams/reactive-streams/1.0.4/reactive-streams-1.0.4.jar:/Users/unbxd/.m2/repository/org/freemarker/freemarker/2.3.32/freemarker-2.3.32.jar:/Users/unbxd/.m2/repository/com/github/javafaker/javafaker/1.0.2/javafaker-1.0.2.jar:/Users/unbxd/.m2/repository/org/yaml/snakeyaml/1.23/snakeyaml-1.23-android.jar:/Users/unbxd/.m2/repository/com/github/mifmif/generex/1.0.2/generex-1.0.2.jar:/Users/unbxd/.m2/repository/dk/brics/automaton/automaton/1.11-8/automaton-1.11-8.jar:/Users/unbxd/.m2/repository/org/yaml/snakeyaml/1.29/snakeyaml-1.29.jar:/Users/unbxd/.m2/repository/io/rest-assured/rest-assured/4.5.1/rest-assured-4.5.1.jar:/Users/unbxd/.m2/repository/org/codehaus/groovy/groovy/3.0.9/groovy-3.0.9.jar:/Users/unbxd/.m2/repository/org/codehaus/groovy/groovy-xml/3.0.9/groovy-xml-3.0.9.jar:/Users/unbxd/.m2/repository/org/hamcrest/hamcrest/2.1/hamcrest-2.1.jar:/Users/unbxd/.m2/repository/org/ccil/cowan/tagsoup/tagsoup/1.2.1/tagsoup-1.2.1.jar:/Users/unbxd/.m2/repository/io/rest-assured/json-path/4.5.1/json-path-4.5.1.jar:/Users/unbxd/.m2/repository/org/codehaus/groovy/groovy-json/3.0.9/groovy-json-3.0.9.jar:/Users/unbxd/.m2/repository/io/rest-assured/rest-assured-common/4.5.1/rest-assured-common-4.5.1.jar:/Users/unbxd/.m2/repository/io/rest-assured/xml-path/4.5.1/xml-path-4.5.1.jar:"/>
    <property name="sun.cpu.endian" value="little"/>
    <property name="user.home" value="/Users/unbxd"/>
    <property name="user.language" value="en"/>
    <property name="java.specification.vendor" value="Oracle Corporation"/>
    <property name="java.version.date" value="2024-04-16"/>
    <property name="java.home" value="/Users/unbxd/Library/Application Support/fire-flink-client/JDK/jdk-11.1/Contents/Home"/>
    <property name="file.separator" value="/"/>
    <property name="basedir" value="/Users/unbxd/Downloads/UNBXD-QA-RECS"/>
    <property name="java.vm.compressedOopsMode" value="Zero based"/>
    <property name="line.separator" value="&#10;"/>
    <property name="java.vm.specification.vendor" value="Oracle Corporation"/>
    <property name="java.specification.name" value="Java Platform API Specification"/>
    <property name="surefire.real.class.path" value="/Users/unbxd/Downloads/UNBXD-QA-RECS/target/surefire/surefirebooter8276065671896137570.jar"/>
    <property name="sun.management.compiler" value="HotSpot 64-Bit Tiered Compilers"/>
    <property name="ftp.nonProxyHosts" value="local|*.local|169.254/16|*.169.254/16"/>
    <property name="java.runtime.version" value="17.0.11+9-adhoc.admin.jdk17u"/>
    <property name="user.name" value="unbxd"/>
    <property name="path.separator" value=":"/>
    <property name="os.version" value="14.7.6"/>
    <property name="java.runtime.name" value="OpenJDK Runtime Environment"/>
    <property name="file.encoding" value="UTF-8"/>
    <property name="java.vm.name" value="OpenJDK 64-Bit Server VM"/>
    <property name="java.vendor.version" value="OpenLogic-OpenJDK"/>
    <property name="localRepository" value="/Users/unbxd/.m2/repository"/>
    <property name="java.vendor.url.bug" value="https://techsupport.roguewave.com/"/>
    <property name="java.io.tmpdir" value="/var/folders/jq/g7t0y59s7lnbqlgfqv3kgyph0000gn/T/"/>
    <property name="java.version" value="17.0.11"/>
    <property name="user.dir" value="/Users/unbxd/Downloads/UNBXD-QA-RECS"/>
    <property name="os.arch" value="x86_64"/>
    <property name="java.vm.specification.name" value="Java Virtual Machine Specification"/>
    <property name="native.encoding" value="UTF-8"/>
    <property name="java.library.path" value="/Users/unbxd/Library/Java/Extensions:/Library/Java/Extensions:/Network/Library/Java/Extensions:/System/Library/Java/Extensions:/usr/lib/java:."/>
    <property name="java.vm.info" value="mixed mode, sharing"/>
    <property name="java.vendor" value="OpenLogic"/>
    <property name="java.vm.version" value="17.0.11+9-adhoc.admin.jdk17u"/>
    <property name="sun.io.unicode.encoding" value="UnicodeBig"/>
    <property name="socksNonProxyHosts" value="local|*.local|169.254/16|*.169.254/16"/>
    <property name="java.class.version" value="61.0"/>
  </properties>
  <testcase name="testCustomAlgorithm" classname="UnbxdTests.testNG.consoleui.topsellersCustomAlgoTest" time="61.929"/>
  <testcase name="testCustomAlgorithm" classname="UnbxdTests.testNG.consoleui.topsellersCustomAlgoTest" time="42.298"/>
  <testcase name="testCustomAlgorithm" classname="UnbxdTests.testNG.consoleui.CustomAlgorithmsTest" time="8.293"/>
  <testcase name="testCustomAlgorithm" classname="UnbxdTests.testNG.consoleui.CustomAlgorithmsTest" time="58.196"/>
  <testcase name="testCustomAlgorithm" classname="UnbxdTests.testNG.consoleui.CustomAlgorithmsTest" time="78.022"/>
  <testcase name="testCustomAlgorithm" classname="UnbxdTests.testNG.consoleui.CustomAlgorithmsTest" time="77.169"/>
  <testcase name="testCustomAlgorithm" classname="UnbxdTests.testNG.consoleui.CustomAlgorithmsTest" time="78.605"/>
  <testcase name="testCustomAlgorithm" classname="UnbxdTests.testNG.consoleui.CustomAlgorithmsTest" time="78.695"/>
  <testcase name="testNavigateToCoreAlgorithmsPage" classname="UnbxdTests.testNG.consoleui.CoreAlgorithmsTest" time="13.979"/>
  <testcase name="createBoutiqueExperience" classname="UnbxdTests.testNG.consoleui.BoutiqueExperienceTest" time="60.804">
    <failure message="Timed out after 20 seconds waiting for visibility of element located by By.xpath: //*[normalize-space()=&apos;EXPf476a5&apos;]&#10;Build info: version: &apos;2.53.1&apos;, revision: &apos;a36b8b1cd5757287168e54b817830adce9b0158d&apos;, time: &apos;2016-06-30 19:26:09&apos;&#10;System info: host: &apos;akhilsurigi.local&apos;, ip: &apos;127.0.0.1&apos;, os.name: &apos;Mac OS X&apos;, os.arch: &apos;x86_64&apos;, os.version: &apos;14.7.6&apos;, java.version: &apos;17.0.11&apos;&#10;Driver info: org.openqa.selenium.chrome.ChromeDriver&#10;Capabilities [{mobileEmulationEnabled=false, timeouts={implicit=0, pageLoad=300000, script=30000}, hasTouchScreen=false, platform=MAC, acceptSslCerts=false, goog:chromeOptions={debuggerAddress=localhost:59757}, webauthn:extension:credBlob=true, acceptInsecureCerts=false, fedcm:accounts=true, webStorageEnabled=true, browserName=chrome, takesScreenshot=true, javascriptEnabled=true, setWindowRect=true, webauthn:extension:largeBlob=true, unexpectedAlertBehaviour=ignore, rotatable=false, networkConnectionEnabled=false, chrome={chromedriverVersion=136.0.7103.92 (cb81a4cc5087a8303a6c8827ee2b80b71d26e334-refs/branch-heads/7103@{#1840}), userDataDir=/var/folders/jq/g7t0y59s7lnbqlgfqv3kgyph0000gn/T/.org.chromium.Chromium.81y0P4}, takesHeapSnapshot=true, pageLoadStrategy=normal, strictFileInteractability=false, databaseEnabled=false, handlesAlerts=true, version=137.0.7151.120, browserConnectionEnabled=false, proxy={}, nativeEvents=true, webauthn:extension:minPinLength=true, webauthn:extension:prf=true, locationContextEnabled=true, cssSelectorsEnabled=true, webauthn:virtualAuthenticators=true}]&#10;Session ID: 5e60a7cfc3362dc93a6f4679f2c5d5e1" type="org.openqa.selenium.TimeoutException">org.openqa.selenium.TimeoutException: 
Timed out after 20 seconds waiting for visibility of element located by By.xpath: //*[normalize-space()='EXPf476a5']
Build info: version: '2.53.1', revision: 'a36b8b1cd5757287168e54b817830adce9b0158d', time: '2016-06-30 19:26:09'
System info: host: 'akhilsurigi.local', ip: '127.0.0.1', os.name: 'Mac OS X', os.arch: 'x86_64', os.version: '14.7.6', java.version: '17.0.11'
Driver info: org.openqa.selenium.chrome.ChromeDriver
Capabilities [{mobileEmulationEnabled=false, timeouts={implicit=0, pageLoad=300000, script=30000}, hasTouchScreen=false, platform=MAC, acceptSslCerts=false, goog:chromeOptions={debuggerAddress=localhost:59757}, webauthn:extension:credBlob=true, acceptInsecureCerts=false, fedcm:accounts=true, webStorageEnabled=true, browserName=chrome, takesScreenshot=true, javascriptEnabled=true, setWindowRect=true, webauthn:extension:largeBlob=true, unexpectedAlertBehaviour=ignore, rotatable=false, networkConnectionEnabled=false, chrome={chromedriverVersion=136.0.7103.92 (cb81a4cc5087a8303a6c8827ee2b80b71d26e334-refs/branch-heads/7103@{#1840}), userDataDir=/var/folders/jq/g7t0y59s7lnbqlgfqv3kgyph0000gn/T/.org.chromium.Chromium.81y0P4}, takesHeapSnapshot=true, pageLoadStrategy=normal, strictFileInteractability=false, databaseEnabled=false, handlesAlerts=true, version=137.0.7151.120, browserConnectionEnabled=false, proxy={}, nativeEvents=true, webauthn:extension:minPinLength=true, webauthn:extension:prf=true, locationContextEnabled=true, cssSelectorsEnabled=true, webauthn:virtualAuthenticators=true}]
Session ID: 5e60a7cfc3362dc93a6f4679f2c5d5e1
	at UnbxdTests.testNG.consoleui.BoutiqueExperienceTest.createBoutiqueExperience(BoutiqueExperienceTest.java:56)
Caused by: org.openqa.selenium.NoSuchElementException: 
no such element: Unable to locate element: {"method":"xpath","selector":"//*[normalize-space()='EXPf476a5']"}
  (Session info: chrome=137.0.7151.120)
  (Driver info: chromedriver=136.0.7103.92 (cb81a4cc5087a8303a6c8827ee2b80b71d26e334-refs/branch-heads/7103@{#1840}),platform=Mac OS X 14.7.6 x86_64) (WARNING: The server did not provide any stacktrace information)
Command duration or timeout: 20.01 seconds
For documentation on this error, please visit: http://seleniumhq.org/exceptions/no_such_element.html
Build info: version: '2.53.1', revision: 'a36b8b1cd5757287168e54b817830adce9b0158d', time: '2016-06-30 19:26:09'
System info: host: 'akhilsurigi.local', ip: '127.0.0.1', os.name: 'Mac OS X', os.arch: 'x86_64', os.version: '14.7.6', java.version: '17.0.11'
Driver info: org.openqa.selenium.chrome.ChromeDriver
Capabilities [{mobileEmulationEnabled=false, timeouts={implicit=0, pageLoad=300000, script=30000}, hasTouchScreen=false, platform=MAC, acceptSslCerts=false, goog:chromeOptions={debuggerAddress=localhost:59757}, webauthn:extension:credBlob=true, acceptInsecureCerts=false, fedcm:accounts=true, webStorageEnabled=true, browserName=chrome, takesScreenshot=true, javascriptEnabled=true, setWindowRect=true, webauthn:extension:largeBlob=true, unexpectedAlertBehaviour=ignore, rotatable=false, networkConnectionEnabled=false, chrome={chromedriverVersion=136.0.7103.92 (cb81a4cc5087a8303a6c8827ee2b80b71d26e334-refs/branch-heads/7103@{#1840}), userDataDir=/var/folders/jq/g7t0y59s7lnbqlgfqv3kgyph0000gn/T/.org.chromium.Chromium.81y0P4}, takesHeapSnapshot=true, pageLoadStrategy=normal, strictFileInteractability=false, databaseEnabled=false, handlesAlerts=true, version=137.0.7151.120, browserConnectionEnabled=false, proxy={}, nativeEvents=true, webauthn:extension:minPinLength=true, webauthn:extension:prf=true, locationContextEnabled=true, cssSelectorsEnabled=true, webauthn:virtualAuthenticators=true}]
Session ID: 5e60a7cfc3362dc93a6f4679f2c5d5e1
*** Element info: {Using=xpath, value=//*[normalize-space()='EXPf476a5']}
	at UnbxdTests.testNG.consoleui.BoutiqueExperienceTest.createBoutiqueExperience(BoutiqueExperienceTest.java:56)
</failure>
    <system-out><![CDATA[Removing the Context userId: 1 , SiteId: 1Starting setUp in BaseTest...
Creating BrowserInitializer...
Initializing browser...
[DEBUG] Browser from config: chrome
[DEBUG] initDriver called for browser: CHROME
[DEBUG] Using ChromeDriver path: src/main/resources/driver/chromedriver
Starting setUp in BaseTest...
Creating BrowserInitializer...
Initializing browser...
[DEBUG] Browser from config: chrome
[DEBUG] initDriver called for browser: CHROME
[DEBUG] Using ChromeDriver path: src/main/resources/driver/chromedriver
Starting setUp in BaseTest...
Creating BrowserInitializer...
Initializing browser...
[DEBUG] Browser from config: chrome
[DEBUG] initDriver called for browser: CHROME
[DEBUG] Using ChromeDriver path: src/main/resources/driver/chromedriver
Starting setUp in BaseTest...
Creating BrowserInitializer...
Initializing browser...
[DEBUG] Browser from config: chrome
[DEBUG] initDriver called for browser: CHROME
[DEBUG] Using ChromeDriver path: src/main/resources/driver/chromedriver
[DEBUG] WebDriver successfully created: org.openqa.selenium.chrome.ChromeDriver
[DEBUG] WebDriver successfully created: org.openqa.selenium.chrome.ChromeDriver
[DEBUG] WebDriver successfully created: org.openqa.selenium.chrome.ChromeDriver
[DEBUG] WebDriver successfully created: org.openqa.selenium.chrome.ChromeDriver
Getting driver from initializer...
Driver status after initialization: Driver exists
Initializing FluentLenium adapter...
FluentLenium initialization completed
Initializing test...
Test initialization completed
Setting the Context UserId:1 , siteId : 1
Getting driver from initializer...
Driver status after initialization: Driver exists
Initializing FluentLenium adapter...
FluentLenium initialization completed
Initializing test...
Test initialization completed
Setting the Context UserId:1 , siteId : 1
Getting driver from initializer...
Driver status after initialization: Driver exists
Getting driver from initializer...
Driver status after initialization: Driver exists
Initializing FluentLenium adapter...
FluentLenium initialization completed
Initializing test...
Initializing FluentLenium adapter...
FluentLenium initialization completed
Initializing test...
Test initialization completed
Test initialization completed
Setting the Context UserId:2 , siteId : 1
Setting the Context UserId:1 , siteId : 1
Closed 'No Thanks' popup.
Closed 'No Thanks' popup.
Closed 'No Thanks' popup.
Closed 'No Thanks' popup.
Warning: Experience name field not cleared after 3 attempts. Value: 'Untitled-experience-1'
Warning: Experience name field not cleared after 3 attempts. Value: 'Untitled-experience-1'
[DEBUG] Overlay wait took: 20558 ms
[DEBUG] Dropdown items wait took: 13 ms
Available widget options:
''
''
''
''
''
''
''
''
'No Widget'
'WIDGET 1'
Screenshot saved at: ./target/screenshots/before_widget_click_1751221899327.png | Exists: true
HTML saved at: ./target/screenshots/before_widget_click.html
[DEBUG] Overlay wait took: 20543 ms
[DEBUG] Dropdown items wait took: 32 ms
Available widget options:
''
''
''
''
''
''
''
''
'No Widget'
'WIDGET 1'
Screenshot saved at: ./target/screenshots/before_widget_click_1751221901324.png | Exists: true
HTML saved at: ./target/screenshots/before_widget_click.html
[DEBUG] Overlay wait took: 20567 ms
[DEBUG] Dropdown items wait took: 15 ms
Available widget options:
[DEBUG] Overlay wait took: 20548 ms
''
[DEBUG] Dropdown items wait took: 15 ms
Available widget options:
''
''
''
''
''
''
''
''
''
''
''
''
''
''
'No Widget'
''
'WIDGET 1'
'No Widget'
'WIDGET 1'
Screenshot saved at: ./target/screenshots/before_widget_click_1751221902141.png | Exists: true
Screenshot saved at: ./target/screenshots/before_widget_click_1751221902148.png | Exists: true
HTML saved at: ./target/screenshots/before_widget_click.html
HTML saved at: ./target/screenshots/before_widget_click.html
]]></system-out>
    <system-err><![CDATA[Starting ChromeDriver 136.0.7103.92 (cb81a4cc5087a8303a6c8827ee2b80b71d26e334-refs/branch-heads/7103@{#1840}) on port 36467
Only local connections are allowed.
Please see https://chromedriver.chromium.org/security-considerations for suggestions on keeping ChromeDriver safe.
Starting ChromeDriver 136.0.7103.92 (cb81a4cc5087a8303a6c8827ee2b80b71d26e334-refs/branch-heads/7103@{#1840}) on port 12522
Only local connections are allowed.
Please see https://chromedriver.chromium.org/security-considerations for suggestions on keeping ChromeDriver safe.
Starting ChromeDriver 136.0.7103.92 (cb81a4cc5087a8303a6c8827ee2b80b71d26e334-refs/branch-heads/7103@{#1840}) on port 23629
Only local connections are allowed.
Please see https://chromedriver.chromium.org/security-considerations for suggestions on keeping ChromeDriver safe.
StartiCnhromeDriCvhromeDriver was started successfully on port 36467.
ChromeDriver was started successfully on port 12522.
g ChromeDriver 136.0.7103.92 (cb81a4cc5087a8303a6c8827ee2b80b71d26e334-refs/branch-heads/7103@{#1840}) on port 23348
Only local connections are allowed.
Please see https://chromedriver.chromium.org/security-considerations for suggestions on keeping ChromeDriver safe.
er was started successfully on port 23629.
ChromeDriver was started successfully on port 23348.
[1751221854.017][WARNING]: This version of ChromeDriver has not been tested with Chrome version 137.
[1751221854.140][WARNING]: This version of ChromeDriver has not been tested with Chrome version 137.
[1751221854.140][WARNING]: This version of ChromeDriver has not been tested with Chrome version 137.
[1751221854.274][WARNING]: This version of ChromeDriver has not been tested with Chrome version 137.
]]></system-err>
  </testcase>
  <testcase name="createExperienceTest" classname="UnbxdTests.testNG.consoleui.ExpTest" time="61.253">
    <failure message="no such element: Unable to locate element: {&quot;method&quot;:&quot;css selector&quot;,&quot;selector&quot;:&quot;input[placeholder=&apos;Search for Experience&apos;]&quot;}&#10;  (Session info: chrome=137.0.7151.120)&#10;  (Driver info: chromedriver=136.0.7103.92 (cb81a4cc5087a8303a6c8827ee2b80b71d26e334-refs/branch-heads/7103@{#1840}),platform=Mac OS X 14.7.6 x86_64) (WARNING: The server did not provide any stacktrace information)&#10;Command duration or timeout: 20.06 seconds&#10;For documentation on this error, please visit: http://seleniumhq.org/exceptions/no_such_element.html&#10;Build info: version: &apos;2.53.1&apos;, revision: &apos;a36b8b1cd5757287168e54b817830adce9b0158d&apos;, time: &apos;2016-06-30 19:26:09&apos;&#10;System info: host: &apos;akhilsurigi.local&apos;, ip: &apos;127.0.0.1&apos;, os.name: &apos;Mac OS X&apos;, os.arch: &apos;x86_64&apos;, os.version: &apos;14.7.6&apos;, java.version: &apos;17.0.11&apos;&#10;Driver info: org.openqa.selenium.chrome.ChromeDriver&#10;Capabilities [{mobileEmulationEnabled=false, timeouts={implicit=0, pageLoad=300000, script=30000}, hasTouchScreen=false, platform=MAC, acceptSslCerts=false, goog:chromeOptions={debuggerAddress=localhost:59756}, webauthn:extension:credBlob=true, acceptInsecureCerts=false, fedcm:accounts=true, webStorageEnabled=true, browserName=chrome, takesScreenshot=true, javascriptEnabled=true, setWindowRect=true, webauthn:extension:largeBlob=true, unexpectedAlertBehaviour=ignore, rotatable=false, networkConnectionEnabled=false, chrome={chromedriverVersion=136.0.7103.92 (cb81a4cc5087a8303a6c8827ee2b80b71d26e334-refs/branch-heads/7103@{#1840}), userDataDir=/var/folders/jq/g7t0y59s7lnbqlgfqv3kgyph0000gn/T/.org.chromium.Chromium.UfKItt}, takesHeapSnapshot=true, pageLoadStrategy=normal, strictFileInteractability=false, databaseEnabled=false, handlesAlerts=true, version=137.0.7151.120, browserConnectionEnabled=false, proxy={}, nativeEvents=true, webauthn:extension:minPinLength=true, webauthn:extension:prf=true, locationContextEnabled=true, cssSelectorsEnabled=true, webauthn:virtualAuthenticators=true}]&#10;Session ID: c78233738b65f6fb3a7a24ee4cae1648&#10;*** Element info: {Using=css selector, value=input[placeholder=&apos;Search for Experience&apos;]}" type="org.openqa.selenium.NoSuchElementException">org.openqa.selenium.NoSuchElementException: 
no such element: Unable to locate element: {"method":"css selector","selector":"input[placeholder='Search for Experience']"}
  (Session info: chrome=137.0.7151.120)
  (Driver info: chromedriver=136.0.7103.92 (cb81a4cc5087a8303a6c8827ee2b80b71d26e334-refs/branch-heads/7103@{#1840}),platform=Mac OS X 14.7.6 x86_64) (WARNING: The server did not provide any stacktrace information)
Command duration or timeout: 20.06 seconds
For documentation on this error, please visit: http://seleniumhq.org/exceptions/no_such_element.html
Build info: version: '2.53.1', revision: 'a36b8b1cd5757287168e54b817830adce9b0158d', time: '2016-06-30 19:26:09'
System info: host: 'akhilsurigi.local', ip: '127.0.0.1', os.name: 'Mac OS X', os.arch: 'x86_64', os.version: '14.7.6', java.version: '17.0.11'
Driver info: org.openqa.selenium.chrome.ChromeDriver
Capabilities [{mobileEmulationEnabled=false, timeouts={implicit=0, pageLoad=300000, script=30000}, hasTouchScreen=false, platform=MAC, acceptSslCerts=false, goog:chromeOptions={debuggerAddress=localhost:59756}, webauthn:extension:credBlob=true, acceptInsecureCerts=false, fedcm:accounts=true, webStorageEnabled=true, browserName=chrome, takesScreenshot=true, javascriptEnabled=true, setWindowRect=true, webauthn:extension:largeBlob=true, unexpectedAlertBehaviour=ignore, rotatable=false, networkConnectionEnabled=false, chrome={chromedriverVersion=136.0.7103.92 (cb81a4cc5087a8303a6c8827ee2b80b71d26e334-refs/branch-heads/7103@{#1840}), userDataDir=/var/folders/jq/g7t0y59s7lnbqlgfqv3kgyph0000gn/T/.org.chromium.Chromium.UfKItt}, takesHeapSnapshot=true, pageLoadStrategy=normal, strictFileInteractability=false, databaseEnabled=false, handlesAlerts=true, version=137.0.7151.120, browserConnectionEnabled=false, proxy={}, nativeEvents=true, webauthn:extension:minPinLength=true, webauthn:extension:prf=true, locationContextEnabled=true, cssSelectorsEnabled=true, webauthn:virtualAuthenticators=true}]
Session ID: c78233738b65f6fb3a7a24ee4cae1648
*** Element info: {Using=css selector, value=input[placeholder='Search for Experience']}
	at UnbxdTests.testNG.consoleui.ExpTest.createExperienceTest(ExpTest.java:61)
</failure>
  </testcase>
  <testcase name="createExperienceTest" classname="UnbxdTests.testNG.consoleui.ExpTest" time="154.999"/>
  <testcase name="createExperienceTest" classname="UnbxdTests.testNG.consoleui.ExpTest" time="154.998"/>
  <testcase name="createExperienceTest" classname="UnbxdTests.testNG.consoleui.ExpTest" time="154.061"/>
  <testcase name="createExperienceTest" classname="UnbxdTests.testNG.consoleui.ExpTest" time="154.93"/>
  <testcase name="createBroadCastExperience" classname="UnbxdTests.testNG.consoleui.broadCastPageTest" time="61.665"/>
  <testcase name="createJourneyExperience" classname="UnbxdTests.testNG.consoleui.JourneyExperienceTest" time="62.038"/>
  <testcase name="testTemplatesPageElementsInteraction" classname="UnbxdTests.testNG.consoleui.DVstandardWidgetTemplateTest" time="30.682">
    <failure message="stale element reference: stale element not found in the current frame&#10;  (Session info: chrome=137.0.7151.120)&#10;  (Driver info: chromedriver=136.0.7103.92 (cb81a4cc5087a8303a6c8827ee2b80b71d26e334-refs/branch-heads/7103@{#1840}),platform=Mac OS X 14.7.6 x86_64) (WARNING: The server did not provide any stacktrace information)&#10;Command duration or timeout: 3.73 seconds&#10;For documentation on this error, please visit: http://seleniumhq.org/exceptions/stale_element_reference.html&#10;Build info: version: &apos;2.53.1&apos;, revision: &apos;a36b8b1cd5757287168e54b817830adce9b0158d&apos;, time: &apos;2016-06-30 19:26:09&apos;&#10;System info: host: &apos;akhilsurigi.local&apos;, ip: &apos;127.0.0.1&apos;, os.name: &apos;Mac OS X&apos;, os.arch: &apos;x86_64&apos;, os.version: &apos;14.7.6&apos;, java.version: &apos;17.0.11&apos;&#10;Driver info: org.openqa.selenium.chrome.ChromeDriver&#10;Capabilities [{mobileEmulationEnabled=false, timeouts={implicit=0, pageLoad=300000, script=30000}, hasTouchScreen=false, platform=MAC, acceptSslCerts=false, goog:chromeOptions={debuggerAddress=localhost:60748}, webauthn:extension:credBlob=true, acceptInsecureCerts=false, fedcm:accounts=true, webStorageEnabled=true, browserName=chrome, takesScreenshot=true, javascriptEnabled=true, setWindowRect=true, webauthn:extension:largeBlob=true, unexpectedAlertBehaviour=ignore, rotatable=false, networkConnectionEnabled=false, chrome={chromedriverVersion=136.0.7103.92 (cb81a4cc5087a8303a6c8827ee2b80b71d26e334-refs/branch-heads/7103@{#1840}), userDataDir=/var/folders/jq/g7t0y59s7lnbqlgfqv3kgyph0000gn/T/.org.chromium.Chromium.kjLWCr}, takesHeapSnapshot=true, pageLoadStrategy=normal, strictFileInteractability=false, databaseEnabled=false, handlesAlerts=true, version=137.0.7151.120, browserConnectionEnabled=false, proxy={}, nativeEvents=true, webauthn:extension:minPinLength=true, webauthn:extension:prf=true, locationContextEnabled=true, cssSelectorsEnabled=true, webauthn:virtualAuthenticators=true}]&#10;Session ID: f1601829ffdc1f1e4ca688a5dd09b72f" type="org.openqa.selenium.StaleElementReferenceException">org.openqa.selenium.StaleElementReferenceException: 
stale element reference: stale element not found in the current frame
  (Session info: chrome=137.0.7151.120)
  (Driver info: chromedriver=136.0.7103.92 (cb81a4cc5087a8303a6c8827ee2b80b71d26e334-refs/branch-heads/7103@{#1840}),platform=Mac OS X 14.7.6 x86_64) (WARNING: The server did not provide any stacktrace information)
Command duration or timeout: 3.73 seconds
For documentation on this error, please visit: http://seleniumhq.org/exceptions/stale_element_reference.html
Build info: version: '2.53.1', revision: 'a36b8b1cd5757287168e54b817830adce9b0158d', time: '2016-06-30 19:26:09'
System info: host: 'akhilsurigi.local', ip: '127.0.0.1', os.name: 'Mac OS X', os.arch: 'x86_64', os.version: '14.7.6', java.version: '17.0.11'
Driver info: org.openqa.selenium.chrome.ChromeDriver
Capabilities [{mobileEmulationEnabled=false, timeouts={implicit=0, pageLoad=300000, script=30000}, hasTouchScreen=false, platform=MAC, acceptSslCerts=false, goog:chromeOptions={debuggerAddress=localhost:60748}, webauthn:extension:credBlob=true, acceptInsecureCerts=false, fedcm:accounts=true, webStorageEnabled=true, browserName=chrome, takesScreenshot=true, javascriptEnabled=true, setWindowRect=true, webauthn:extension:largeBlob=true, unexpectedAlertBehaviour=ignore, rotatable=false, networkConnectionEnabled=false, chrome={chromedriverVersion=136.0.7103.92 (cb81a4cc5087a8303a6c8827ee2b80b71d26e334-refs/branch-heads/7103@{#1840}), userDataDir=/var/folders/jq/g7t0y59s7lnbqlgfqv3kgyph0000gn/T/.org.chromium.Chromium.kjLWCr}, takesHeapSnapshot=true, pageLoadStrategy=normal, strictFileInteractability=false, databaseEnabled=false, handlesAlerts=true, version=137.0.7151.120, browserConnectionEnabled=false, proxy={}, nativeEvents=true, webauthn:extension:minPinLength=true, webauthn:extension:prf=true, locationContextEnabled=true, cssSelectorsEnabled=true, webauthn:virtualAuthenticators=true}]
Session ID: f1601829ffdc1f1e4ca688a5dd09b72f
	at UnbxdTests.testNG.consoleui.DVstandardWidgetTemplateTest.testTemplatesPageElementsInteraction(DVstandardWidgetTemplateTest.java:45)
</failure>
    <system-out><![CDATA[Removing the Context userId: 1 , SiteId: 1Starting setUp in BaseTest...
Creating BrowserInitializer...
Initializing browser...
[DEBUG] Browser from config: chrome
Starting setUp in BaseTest...
Creating BrowserInitializer...
Starting setUp in BaseTest...
Creating BrowserInitializer...
Initializing browser...
Initializing browser...
[DEBUG] Browser from config: chrome
[DEBUG] Browser from config: chrome
[DEBUG] initDriver called for browser: CHROME
[DEBUG] Using ChromeDriver path: src/main/resources/driver/chromedriver
Starting setUp in BaseTest...
Creating BrowserInitializer...
Initializing browser...
[DEBUG] initDriver called for browser: CHROME
[DEBUG] initDriver called for browser: CHROME
[DEBUG] Browser from config: chrome
[DEBUG] Using ChromeDriver path: src/main/resources/driver/chromedriver
[DEBUG] Using ChromeDriver path: src/main/resources/driver/chromedriver
[DEBUG] initDriver called for browser: CHROME
[DEBUG] Using ChromeDriver path: src/main/resources/driver/chromedriver
Starting setUp in BaseTest...
Creating BrowserInitializer...
Initializing browser...
[DEBUG] Browser from config: chrome
[DEBUG] initDriver called for browser: CHROME
[DEBUG] Using ChromeDriver path: src/main/resources/driver/chromedriver
Starting setUp in BaseTest...
Creating BrowserInitializer...
Initializing browser...
[DEBUG] Browser from config: chrome
[DEBUG] initDriver called for browser: CHROME
[DEBUG] Using ChromeDriver path: src/main/resources/driver/chromedriver
Starting setUp in BaseTest...
Creating BrowserInitializer...
Initializing browser...
[DEBUG] Browser from config: chrome
[DEBUG] initDriver called for browser: CHROME
[DEBUG] Using ChromeDriver path: src/main/resources/driver/chromedriver
Starting setUp in BaseTest...
Creating BrowserInitializer...
Initializing browser...
[DEBUG] Browser from config: chrome
[DEBUG] initDriver called for browser: CHROME
[DEBUG] Using ChromeDriver path: src/main/resources/driver/chromedriver
Starting setUp in BaseTest...
Creating BrowserInitializer...
Initializing browser...
[DEBUG] Browser from config: chrome
[DEBUG] initDriver called for browser: CHROME
[DEBUG] Using ChromeDriver path: src/main/resources/driver/chromedriver
Starting setUp in BaseTest...
Creating BrowserInitializer...
Initializing browser...
[DEBUG] Browser from config: chrome
[DEBUG] initDriver called for browser: CHROME
[DEBUG] Using ChromeDriver path: src/main/resources/driver/chromedriver
[DEBUG] WebDriver successfully created: org.openqa.selenium.chrome.ChromeDriver
[DEBUG] WebDriver successfully created: org.openqa.selenium.chrome.ChromeDriver
[DEBUG] WebDriver successfully created: org.openqa.selenium.chrome.ChromeDriver
[DEBUG] WebDriver successfully created: org.openqa.selenium.chrome.ChromeDriver
[DEBUG] WebDriver successfully created: org.openqa.selenium.chrome.ChromeDriver
[DEBUG] WebDriver successfully created: org.openqa.selenium.chrome.ChromeDriver
[DEBUG] WebDriver successfully created: org.openqa.selenium.chrome.ChromeDriver
Getting driver from initializer...
Driver status after initialization: Driver exists
Initializing FluentLenium adapter...
FluentLenium initialization completed
Initializing test...
Getting driver from initializer...
Driver status after initialization: Driver exists
Initializing FluentLenium adapter...
FluentLenium initialization completed
Initializing test...
Getting driver from initializer...
Driver status after initialization: Driver exists
Initializing FluentLenium adapter...
FluentLenium initialization completed
Initializing test...
Test initialization completed
Setting the Context UserId:1 , siteId : 1
Test initialization completed
Setting the Context UserId:1 , siteId : 1
Test initialization completed
Setting the Context UserId:1 , siteId : 1
Getting driver from initializer...
Driver status after initialization: Driver exists
Initializing FluentLenium adapter...
FluentLenium initialization completed
Initializing test...
Test initialization completed
Setting the Context UserId:1 , siteId : 1
Getting driver from initializer...
Driver status after initialization: Driver exists
Initializing FluentLenium adapter...
FluentLenium initialization completed
Initializing test...
Test initialization completed
Setting the Context UserId:1 , siteId : 1
Getting driver from initializer...
Driver status after initialization: Driver exists
Initializing FluentLenium adapter...
FluentLenium initialization completed
Initializing test...
Test initialization completed
Setting the Context UserId:1 , siteId : 1
Getting driver from initializer...
Driver status after initialization: Driver exists
Initializing FluentLenium adapter...
FluentLenium initialization completed
Initializing test...
Test initialization completed
Setting the Context UserId:1 , siteId : 1
[DEBUG] WebDriver successfully created: org.openqa.selenium.chrome.ChromeDriver
[DEBUG] WebDriver successfully created: org.openqa.selenium.chrome.ChromeDriver
[DEBUG] WebDriver successfully created: org.openqa.selenium.chrome.ChromeDriver
Getting driver from initializer...
Driver status after initialization: Driver exists
Initializing FluentLenium adapter...
FluentLenium initialization completed
Initializing test...
Test initialization completed
Setting the Context UserId:1 , siteId : 1
Getting driver from initializer...
Driver status after initialization: Driver exists
Initializing FluentLenium adapter...
FluentLenium initialization completed
Initializing test...
Test initialization completed
Setting the Context UserId:1 , siteId : 1
Getting driver from initializer...
Driver status after initialization: Driver exists
Initializing FluentLenium adapter...
FluentLenium initialization completed
Initializing test...
Test initialization completed
Setting the Context UserId:1 , siteId : 1
]]></system-out>
    <system-err><![CDATA[Starting ChromeDriver 136.0.7103.92 (cb81a4cc5087a8303a6c8827ee2b80b71d26e334-refs/branch-heads/7103@{#1840}) on port 10940
Only local connections are allowed.
Please see https://chromedriver.chromium.org/security-considerations for suggestions on keeping ChromSeDriver safe.
tarting ChromeDriver 136.0.7103.92 (cb81a4cc5087a8303a6c8827ee2b80b71d26e334-refs/branch-heads/7103@{#1840}) on port 37965
Only local connections are allowed.
Please see https://chromedriver.chromium.org/security-considerations for suggestions on keeping ChromeDriver safe.
ChromeDriver was started successfully on port 37965.
ChromeDriver was started successfully on port 10940.
Starting ChromeDriver 136.0.7103.92 (cb81a4cc5087a8303a6c8827ee2b80b71d26e334-refs/branch-heads/7103@{#1840}) on port 35019
Only local connections are allowed.
Please see https://chromedriver.chromium.org/security-considerations for suggestions on keeping ChromeDriver safe.
Starting ChromeDriver 136.0.7103.92 (cb81a4cc5087a8303a6c8827ee2b80b71d26e334-refs/branch-heads/7103@{#1840}) on port 40681
Only local connections are allowed.
Please see https://chromedriver.chromium.org/security-considerations for suggestions on keeping ChromeDriver safe.
ChromeDriver was started successfully on port 40681.
ChromeDriver was started successfully on port 35019.
Starting ChromeDriver 136.0.7103.92 (cb81a4cc5087a8303a6c8827ee2b80b71d26e334-refs/branch-heads/7103@{#1840}) on port 14278
Only local connections are allowed.
Please see https://chromedriver.chromium.org/security-considerations for suggestions on keeping ChromeDriver safe.
Starting ChromeDriver 136.0.7103.92 (cb81a4cc5087a8303a6c8827ee2b80b71d26e334-refs/branch-heads/7103@{#1840}) on port 5702
Only local connections are allowed.
Please see https://chromedriver.chromium.org/security-considerations for suggestions on keeping ChromeDriver safe.
ChromeDriver was started successfully on port 5702.
Starting ChromeDriver 136.0.7103.92 (cb81a4cc5087a8303a6c8827ee2b80b71d26e334-refs/branch-heads/7103@{#1840}) on port 11376
Only local connections are allowed.
Please see https://chromedriver.chromium.org/security-considerations for suggestions on keeping ChromeDriver safe.
ChromeDriver was started successfully on port 1137ChromeDriver was started successfully on port 14278.
6.
Starting ChromeDriver 136.0.7103.92 (cb81a4cc5087a8303a6c8827ee2b80b71d26e334-refs/branch-heads/7103@{#1840}) on port 1600
Only local connections are allowed.
Please see https://chromedriver.chromium.org/security-considerations for suggestions on keeping ChromeDriver safe.
ChromeDriver was started successfully on port 1600.
Starting ChromeDriver 136.0.7103.92 (cb81a4cc5087a8303a6c8827ee2b80b71d26e334-refs/branch-heads/7103@{#1840}) on port 21833
Only local connections are allowed.
Please see https://chromedriver.chromium.org/security-considerations for suggestions on keeping ChromeDriver safe.
ChromeDriver was started successfully on port 21833.
Starting ChromeDriver 136.0.7103.92 (cb81a4cc5087a8303a6c8827ee2b80b71d26e334-refs/branch-heads/7103@{#1840}) on port 34651
Only local connections are allowed.
Please see https://chromedriver.chromium.org/security-considerations for suggestions on keeping ChromeDriver safe.
ChromeDriver was started successfully on port 34651.
[1751222549.246][WARNING]: This version of ChromeDriver has not been tested with Chrome version 137.
[1751222549.734][WARNING]: This versio[1n 7of ChromeDriver has not been tested with Chrome version 137.
51222549.734][WARNING]: This version of ChromeDriver has not been tested with Chrome version 137.
[1751222549.765][WARNING]: This version of ChromeDriver has not been tested with Chrome version 137.
[1751222551.132][WARNING]: This version of ChromeDriver has not been tested with Chrome version 137.
[1751222551.233][WARNING]: This version of ChromeDriver has not been tested with Chrome version 137.
[1751222551.277][WARNING]: This version of ChromeDriver has not been tested with Chrome version 137.
[1751222551.420][WARNING]: This version of ChromeDriver has not been tested with Chrome version 137.
[1751222551.422][WARNING]: This version of ChromeDriver has not been tested with Chrome version 137.
[1751222552.264][WARNING]: This version of ChromeDriver has not been tested with Chrome version 137.
]]></system-err>
  </testcase>
  <testcase name="testTemplatesPageElementsInteraction" classname="UnbxdTests.testNG.consoleui.MHinstagramLikeBehaaviorTemplateTest" time="35.511">
    <failure message="stale element reference: stale element not found in the current frame&#10;  (Session info: chrome=137.0.7151.120)&#10;  (Driver info: chromedriver=136.0.7103.92 (cb81a4cc5087a8303a6c8827ee2b80b71d26e334-refs/branch-heads/7103@{#1840}),platform=Mac OS X 14.7.6 x86_64) (WARNING: The server did not provide any stacktrace information)&#10;Command duration or timeout: 6.45 seconds&#10;For documentation on this error, please visit: http://seleniumhq.org/exceptions/stale_element_reference.html&#10;Build info: version: &apos;2.53.1&apos;, revision: &apos;a36b8b1cd5757287168e54b817830adce9b0158d&apos;, time: &apos;2016-06-30 19:26:09&apos;&#10;System info: host: &apos;akhilsurigi.local&apos;, ip: &apos;127.0.0.1&apos;, os.name: &apos;Mac OS X&apos;, os.arch: &apos;x86_64&apos;, os.version: &apos;14.7.6&apos;, java.version: &apos;17.0.11&apos;&#10;Driver info: org.openqa.selenium.chrome.ChromeDriver&#10;Capabilities [{mobileEmulationEnabled=false, timeouts={implicit=0, pageLoad=300000, script=30000}, hasTouchScreen=false, platform=MAC, acceptSslCerts=false, goog:chromeOptions={debuggerAddress=localhost:60752}, webauthn:extension:credBlob=true, acceptInsecureCerts=false, fedcm:accounts=true, webStorageEnabled=true, browserName=chrome, takesScreenshot=true, javascriptEnabled=true, setWindowRect=true, webauthn:extension:largeBlob=true, unexpectedAlertBehaviour=ignore, rotatable=false, networkConnectionEnabled=false, chrome={chromedriverVersion=136.0.7103.92 (cb81a4cc5087a8303a6c8827ee2b80b71d26e334-refs/branch-heads/7103@{#1840}), userDataDir=/var/folders/jq/g7t0y59s7lnbqlgfqv3kgyph0000gn/T/.org.chromium.Chromium.WcQVOY}, takesHeapSnapshot=true, pageLoadStrategy=normal, strictFileInteractability=false, databaseEnabled=false, handlesAlerts=true, version=137.0.7151.120, browserConnectionEnabled=false, proxy={}, nativeEvents=true, webauthn:extension:minPinLength=true, webauthn:extension:prf=true, locationContextEnabled=true, cssSelectorsEnabled=true, webauthn:virtualAuthenticators=true}]&#10;Session ID: 96fc9540a25b919f413968f69bb06bb9" type="org.openqa.selenium.StaleElementReferenceException">org.openqa.selenium.StaleElementReferenceException: 
stale element reference: stale element not found in the current frame
  (Session info: chrome=137.0.7151.120)
  (Driver info: chromedriver=136.0.7103.92 (cb81a4cc5087a8303a6c8827ee2b80b71d26e334-refs/branch-heads/7103@{#1840}),platform=Mac OS X 14.7.6 x86_64) (WARNING: The server did not provide any stacktrace information)
Command duration or timeout: 6.45 seconds
For documentation on this error, please visit: http://seleniumhq.org/exceptions/stale_element_reference.html
Build info: version: '2.53.1', revision: 'a36b8b1cd5757287168e54b817830adce9b0158d', time: '2016-06-30 19:26:09'
System info: host: 'akhilsurigi.local', ip: '127.0.0.1', os.name: 'Mac OS X', os.arch: 'x86_64', os.version: '14.7.6', java.version: '17.0.11'
Driver info: org.openqa.selenium.chrome.ChromeDriver
Capabilities [{mobileEmulationEnabled=false, timeouts={implicit=0, pageLoad=300000, script=30000}, hasTouchScreen=false, platform=MAC, acceptSslCerts=false, goog:chromeOptions={debuggerAddress=localhost:60752}, webauthn:extension:credBlob=true, acceptInsecureCerts=false, fedcm:accounts=true, webStorageEnabled=true, browserName=chrome, takesScreenshot=true, javascriptEnabled=true, setWindowRect=true, webauthn:extension:largeBlob=true, unexpectedAlertBehaviour=ignore, rotatable=false, networkConnectionEnabled=false, chrome={chromedriverVersion=136.0.7103.92 (cb81a4cc5087a8303a6c8827ee2b80b71d26e334-refs/branch-heads/7103@{#1840}), userDataDir=/var/folders/jq/g7t0y59s7lnbqlgfqv3kgyph0000gn/T/.org.chromium.Chromium.WcQVOY}, takesHeapSnapshot=true, pageLoadStrategy=normal, strictFileInteractability=false, databaseEnabled=false, handlesAlerts=true, version=137.0.7151.120, browserConnectionEnabled=false, proxy={}, nativeEvents=true, webauthn:extension:minPinLength=true, webauthn:extension:prf=true, locationContextEnabled=true, cssSelectorsEnabled=true, webauthn:virtualAuthenticators=true}]
Session ID: 96fc9540a25b919f413968f69bb06bb9
	at UnbxdTests.testNG.consoleui.MHinstagramLikeBehaaviorTemplateTest.testTemplatesPageElementsInteraction(MHinstagramLikeBehaaviorTemplateTest.java:45)
</failure>
  </testcase>
  <testcase name="testTemplatesPageElementsInteraction" classname="UnbxdTests.testNG.consoleui.MHstandardWidgettemplateTest" time="36.38">
    <failure message="stale element reference: stale element not found in the current frame&#10;  (Session info: chrome=137.0.7151.120)&#10;  (Driver info: chromedriver=136.0.7103.92 (cb81a4cc5087a8303a6c8827ee2b80b71d26e334-refs/branch-heads/7103@{#1840}),platform=Mac OS X 14.7.6 x86_64) (WARNING: The server did not provide any stacktrace information)&#10;Command duration or timeout: 4.41 seconds&#10;For documentation on this error, please visit: http://seleniumhq.org/exceptions/stale_element_reference.html&#10;Build info: version: &apos;2.53.1&apos;, revision: &apos;a36b8b1cd5757287168e54b817830adce9b0158d&apos;, time: &apos;2016-06-30 19:26:09&apos;&#10;System info: host: &apos;akhilsurigi.local&apos;, ip: &apos;127.0.0.1&apos;, os.name: &apos;Mac OS X&apos;, os.arch: &apos;x86_64&apos;, os.version: &apos;14.7.6&apos;, java.version: &apos;17.0.11&apos;&#10;Driver info: org.openqa.selenium.chrome.ChromeDriver&#10;Capabilities [{mobileEmulationEnabled=false, timeouts={implicit=0, pageLoad=300000, script=30000}, hasTouchScreen=false, platform=MAC, acceptSslCerts=false, goog:chromeOptions={debuggerAddress=localhost:60770}, webauthn:extension:credBlob=true, acceptInsecureCerts=false, fedcm:accounts=true, webStorageEnabled=true, browserName=chrome, takesScreenshot=true, javascriptEnabled=true, setWindowRect=true, webauthn:extension:largeBlob=true, unexpectedAlertBehaviour=ignore, rotatable=false, networkConnectionEnabled=false, chrome={chromedriverVersion=136.0.7103.92 (cb81a4cc5087a8303a6c8827ee2b80b71d26e334-refs/branch-heads/7103@{#1840}), userDataDir=/var/folders/jq/g7t0y59s7lnbqlgfqv3kgyph0000gn/T/.org.chromium.Chromium.fz5F4V}, takesHeapSnapshot=true, pageLoadStrategy=normal, strictFileInteractability=false, databaseEnabled=false, handlesAlerts=true, version=137.0.7151.120, browserConnectionEnabled=false, proxy={}, nativeEvents=true, webauthn:extension:minPinLength=true, webauthn:extension:prf=true, locationContextEnabled=true, cssSelectorsEnabled=true, webauthn:virtualAuthenticators=true}]&#10;Session ID: cdd6398b30a2a56a70e8ab34d155120e" type="org.openqa.selenium.StaleElementReferenceException">org.openqa.selenium.StaleElementReferenceException: 
stale element reference: stale element not found in the current frame
  (Session info: chrome=137.0.7151.120)
  (Driver info: chromedriver=136.0.7103.92 (cb81a4cc5087a8303a6c8827ee2b80b71d26e334-refs/branch-heads/7103@{#1840}),platform=Mac OS X 14.7.6 x86_64) (WARNING: The server did not provide any stacktrace information)
Command duration or timeout: 4.41 seconds
For documentation on this error, please visit: http://seleniumhq.org/exceptions/stale_element_reference.html
Build info: version: '2.53.1', revision: 'a36b8b1cd5757287168e54b817830adce9b0158d', time: '2016-06-30 19:26:09'
System info: host: 'akhilsurigi.local', ip: '127.0.0.1', os.name: 'Mac OS X', os.arch: 'x86_64', os.version: '14.7.6', java.version: '17.0.11'
Driver info: org.openqa.selenium.chrome.ChromeDriver
Capabilities [{mobileEmulationEnabled=false, timeouts={implicit=0, pageLoad=300000, script=30000}, hasTouchScreen=false, platform=MAC, acceptSslCerts=false, goog:chromeOptions={debuggerAddress=localhost:60770}, webauthn:extension:credBlob=true, acceptInsecureCerts=false, fedcm:accounts=true, webStorageEnabled=true, browserName=chrome, takesScreenshot=true, javascriptEnabled=true, setWindowRect=true, webauthn:extension:largeBlob=true, unexpectedAlertBehaviour=ignore, rotatable=false, networkConnectionEnabled=false, chrome={chromedriverVersion=136.0.7103.92 (cb81a4cc5087a8303a6c8827ee2b80b71d26e334-refs/branch-heads/7103@{#1840}), userDataDir=/var/folders/jq/g7t0y59s7lnbqlgfqv3kgyph0000gn/T/.org.chromium.Chromium.fz5F4V}, takesHeapSnapshot=true, pageLoadStrategy=normal, strictFileInteractability=false, databaseEnabled=false, handlesAlerts=true, version=137.0.7151.120, browserConnectionEnabled=false, proxy={}, nativeEvents=true, webauthn:extension:minPinLength=true, webauthn:extension:prf=true, locationContextEnabled=true, cssSelectorsEnabled=true, webauthn:virtualAuthenticators=true}]
Session ID: cdd6398b30a2a56a70e8ab34d155120e
	at UnbxdTests.testNG.consoleui.MHstandardWidgettemplateTest.testTemplatesPageElementsInteraction(MHstandardWidgettemplateTest.java:45)
</failure>
  </testcase>
  <testcase name="testTemplatesPageElementsInteraction" classname="UnbxdTests.testNG.consoleui.DHstandardWidgettemplateTest" time="43.984">
    <failure message="stale element reference: stale element not found in the current frame&#10;  (Session info: chrome=137.0.7151.120)&#10;  (Driver info: chromedriver=136.0.7103.92 (cb81a4cc5087a8303a6c8827ee2b80b71d26e334-refs/branch-heads/7103@{#1840}),platform=Mac OS X 14.7.6 x86_64) (WARNING: The server did not provide any stacktrace information)&#10;Command duration or timeout: 27 milliseconds&#10;For documentation on this error, please visit: http://seleniumhq.org/exceptions/stale_element_reference.html&#10;Build info: version: &apos;2.53.1&apos;, revision: &apos;a36b8b1cd5757287168e54b817830adce9b0158d&apos;, time: &apos;2016-06-30 19:26:09&apos;&#10;System info: host: &apos;akhilsurigi.local&apos;, ip: &apos;127.0.0.1&apos;, os.name: &apos;Mac OS X&apos;, os.arch: &apos;x86_64&apos;, os.version: &apos;14.7.6&apos;, java.version: &apos;17.0.11&apos;&#10;Driver info: org.openqa.selenium.chrome.ChromeDriver&#10;Capabilities [{mobileEmulationEnabled=false, timeouts={implicit=0, pageLoad=300000, script=30000}, hasTouchScreen=false, platform=MAC, acceptSslCerts=false, goog:chromeOptions={debuggerAddress=localhost:60750}, webauthn:extension:credBlob=true, acceptInsecureCerts=false, fedcm:accounts=true, webStorageEnabled=true, browserName=chrome, takesScreenshot=true, javascriptEnabled=true, setWindowRect=true, webauthn:extension:largeBlob=true, unexpectedAlertBehaviour=ignore, rotatable=false, networkConnectionEnabled=false, chrome={chromedriverVersion=136.0.7103.92 (cb81a4cc5087a8303a6c8827ee2b80b71d26e334-refs/branch-heads/7103@{#1840}), userDataDir=/var/folders/jq/g7t0y59s7lnbqlgfqv3kgyph0000gn/T/.org.chromium.Chromium.Ys1YtG}, takesHeapSnapshot=true, pageLoadStrategy=normal, strictFileInteractability=false, databaseEnabled=false, handlesAlerts=true, version=137.0.7151.120, browserConnectionEnabled=false, proxy={}, nativeEvents=true, webauthn:extension:minPinLength=true, webauthn:extension:prf=true, locationContextEnabled=true, cssSelectorsEnabled=true, webauthn:virtualAuthenticators=true}]&#10;Session ID: 441d3c23238d98f095b6973365cec10f" type="org.openqa.selenium.StaleElementReferenceException">org.openqa.selenium.StaleElementReferenceException: 
stale element reference: stale element not found in the current frame
  (Session info: chrome=137.0.7151.120)
  (Driver info: chromedriver=136.0.7103.92 (cb81a4cc5087a8303a6c8827ee2b80b71d26e334-refs/branch-heads/7103@{#1840}),platform=Mac OS X 14.7.6 x86_64) (WARNING: The server did not provide any stacktrace information)
Command duration or timeout: 27 milliseconds
For documentation on this error, please visit: http://seleniumhq.org/exceptions/stale_element_reference.html
Build info: version: '2.53.1', revision: 'a36b8b1cd5757287168e54b817830adce9b0158d', time: '2016-06-30 19:26:09'
System info: host: 'akhilsurigi.local', ip: '127.0.0.1', os.name: 'Mac OS X', os.arch: 'x86_64', os.version: '14.7.6', java.version: '17.0.11'
Driver info: org.openqa.selenium.chrome.ChromeDriver
Capabilities [{mobileEmulationEnabled=false, timeouts={implicit=0, pageLoad=300000, script=30000}, hasTouchScreen=false, platform=MAC, acceptSslCerts=false, goog:chromeOptions={debuggerAddress=localhost:60750}, webauthn:extension:credBlob=true, acceptInsecureCerts=false, fedcm:accounts=true, webStorageEnabled=true, browserName=chrome, takesScreenshot=true, javascriptEnabled=true, setWindowRect=true, webauthn:extension:largeBlob=true, unexpectedAlertBehaviour=ignore, rotatable=false, networkConnectionEnabled=false, chrome={chromedriverVersion=136.0.7103.92 (cb81a4cc5087a8303a6c8827ee2b80b71d26e334-refs/branch-heads/7103@{#1840}), userDataDir=/var/folders/jq/g7t0y59s7lnbqlgfqv3kgyph0000gn/T/.org.chromium.Chromium.Ys1YtG}, takesHeapSnapshot=true, pageLoadStrategy=normal, strictFileInteractability=false, databaseEnabled=false, handlesAlerts=true, version=137.0.7151.120, browserConnectionEnabled=false, proxy={}, nativeEvents=true, webauthn:extension:minPinLength=true, webauthn:extension:prf=true, locationContextEnabled=true, cssSelectorsEnabled=true, webauthn:virtualAuthenticators=true}]
Session ID: 441d3c23238d98f095b6973365cec10f
	at UnbxdTests.testNG.consoleui.DHstandardWidgettemplateTest.testTemplatesPageElementsInteraction(DHstandardWidgettemplateTest.java:45)
</failure>
    <system-out><![CDATA[Screenshot saved at: ./target/screenshots/testTemplatesPageElementsInteraction_20250630121334.png | Exists: true
Removing the Context userId: 1 , SiteId: 1Starting setUp in BaseTest...
Creating BrowserInitializer...
Initializing browser...
[DEBUG] Browser from config: chrome
[DEBUG] initDriver called for browser: CHROME
[DEBUG] Using ChromeDriver path: src/main/resources/driver/chromedriver
Screenshot saved at: ./target/screenshots/testTemplatesPageElementsInteraction_20250630121343.png | Exists: true
Removing the Context userId: 1 , SiteId: 1]]></system-out>
    <system-err><![CDATA[Starting ChromeDriver 136.0.7103.92 (cb81a4cc5087a8303a6c8827ee2b80b71d26e334-refs/branch-heads/7103@{#1840}) on port 45928
Only local connections are allowed.
Please see https://chromedriver.chromium.org/security-considerations for suggestions on keeping ChromeDriver safe.
ChromeDriver was started successfully on port 45928.
]]></system-err>
  </testcase>
  <testcase name="testTemplatesPageElementsInteraction" classname="UnbxdTests.testNG.consoleui.DHexitIntentTemplatetest" time="24.479">
    <failure message="no such element: Unable to locate element: {&quot;method&quot;:&quot;css selector&quot;,&quot;selector&quot;:&quot;.template-dropdown-select.unbxd-new-dropdown button#dropdown-basic&quot;}&#10;  (Session info: chrome=137.0.7151.120)&#10;  (Driver info: chromedriver=136.0.7103.92 (cb81a4cc5087a8303a6c8827ee2b80b71d26e334-refs/branch-heads/7103@{#1840}),platform=Mac OS X 14.7.6 x86_64) (WARNING: The server did not provide any stacktrace information)&#10;Command duration or timeout: 20.04 seconds&#10;For documentation on this error, please visit: http://seleniumhq.org/exceptions/no_such_element.html&#10;Build info: version: &apos;2.53.1&apos;, revision: &apos;a36b8b1cd5757287168e54b817830adce9b0158d&apos;, time: &apos;2016-06-30 19:26:09&apos;&#10;System info: host: &apos;akhilsurigi.local&apos;, ip: &apos;127.0.0.1&apos;, os.name: &apos;Mac OS X&apos;, os.arch: &apos;x86_64&apos;, os.version: &apos;14.7.6&apos;, java.version: &apos;17.0.11&apos;&#10;Driver info: org.openqa.selenium.chrome.ChromeDriver&#10;Capabilities [{mobileEmulationEnabled=false, timeouts={implicit=0, pageLoad=300000, script=30000}, hasTouchScreen=false, platform=MAC, acceptSslCerts=false, goog:chromeOptions={debuggerAddress=localhost:60749}, webauthn:extension:credBlob=true, acceptInsecureCerts=false, fedcm:accounts=true, webStorageEnabled=true, browserName=chrome, takesScreenshot=true, javascriptEnabled=true, setWindowRect=true, webauthn:extension:largeBlob=true, unexpectedAlertBehaviour=ignore, rotatable=false, networkConnectionEnabled=false, chrome={chromedriverVersion=136.0.7103.92 (cb81a4cc5087a8303a6c8827ee2b80b71d26e334-refs/branch-heads/7103@{#1840}), userDataDir=/var/folders/jq/g7t0y59s7lnbqlgfqv3kgyph0000gn/T/.org.chromium.Chromium.mRvSdn}, takesHeapSnapshot=true, pageLoadStrategy=normal, strictFileInteractability=false, databaseEnabled=false, handlesAlerts=true, version=137.0.7151.120, browserConnectionEnabled=false, proxy={}, nativeEvents=true, webauthn:extension:minPinLength=true, webauthn:extension:prf=true, locationContextEnabled=true, cssSelectorsEnabled=true, webauthn:virtualAuthenticators=true}]&#10;Session ID: 4fd2c86657135e86bd0d4de89dccf39a&#10;*** Element info: {Using=css selector, value=.template-dropdown-select.unbxd-new-dropdown button#dropdown-basic}" type="org.openqa.selenium.NoSuchElementException">org.openqa.selenium.NoSuchElementException: 
no such element: Unable to locate element: {"method":"css selector","selector":".template-dropdown-select.unbxd-new-dropdown button#dropdown-basic"}
  (Session info: chrome=137.0.7151.120)
  (Driver info: chromedriver=136.0.7103.92 (cb81a4cc5087a8303a6c8827ee2b80b71d26e334-refs/branch-heads/7103@{#1840}),platform=Mac OS X 14.7.6 x86_64) (WARNING: The server did not provide any stacktrace information)
Command duration or timeout: 20.04 seconds
For documentation on this error, please visit: http://seleniumhq.org/exceptions/no_such_element.html
Build info: version: '2.53.1', revision: 'a36b8b1cd5757287168e54b817830adce9b0158d', time: '2016-06-30 19:26:09'
System info: host: 'akhilsurigi.local', ip: '127.0.0.1', os.name: 'Mac OS X', os.arch: 'x86_64', os.version: '14.7.6', java.version: '17.0.11'
Driver info: org.openqa.selenium.chrome.ChromeDriver
Capabilities [{mobileEmulationEnabled=false, timeouts={implicit=0, pageLoad=300000, script=30000}, hasTouchScreen=false, platform=MAC, acceptSslCerts=false, goog:chromeOptions={debuggerAddress=localhost:60749}, webauthn:extension:credBlob=true, acceptInsecureCerts=false, fedcm:accounts=true, webStorageEnabled=true, browserName=chrome, takesScreenshot=true, javascriptEnabled=true, setWindowRect=true, webauthn:extension:largeBlob=true, unexpectedAlertBehaviour=ignore, rotatable=false, networkConnectionEnabled=false, chrome={chromedriverVersion=136.0.7103.92 (cb81a4cc5087a8303a6c8827ee2b80b71d26e334-refs/branch-heads/7103@{#1840}), userDataDir=/var/folders/jq/g7t0y59s7lnbqlgfqv3kgyph0000gn/T/.org.chromium.Chromium.mRvSdn}, takesHeapSnapshot=true, pageLoadStrategy=normal, strictFileInteractability=false, databaseEnabled=false, handlesAlerts=true, version=137.0.7151.120, browserConnectionEnabled=false, proxy={}, nativeEvents=true, webauthn:extension:minPinLength=true, webauthn:extension:prf=true, locationContextEnabled=true, cssSelectorsEnabled=true, webauthn:virtualAuthenticators=true}]
Session ID: 4fd2c86657135e86bd0d4de89dccf39a
*** Element info: {Using=css selector, value=.template-dropdown-select.unbxd-new-dropdown button#dropdown-basic}
	at UnbxdTests.testNG.consoleui.DHexitIntentTemplatetest.testTemplatesPageElementsInteraction(DHexitIntentTemplatetest.java:49)
</failure>
    <system-out><![CDATA[Starting setUp in BaseTest...
Creating BrowserInitializer...
Initializing browser...
[DEBUG] Browser from config: chrome
[DEBUG] initDriver called for browser: CHROME
[DEBUG] Using ChromeDriver path: src/main/resources/driver/chromedriver
Screenshot saved at: ./target/screenshots/testTemplatesPageElementsInteraction_20250630121347.png | Exists: true
Removing the Context userId: 1 , SiteId: 1Starting setUp in BaseTest...
Creating BrowserInitializer...
Initializing browser...
[DEBUG] Browser from config: chrome
[DEBUG] initDriver called for browser: CHROME
[DEBUG] Using ChromeDriver path: src/main/resources/driver/chromedriver
Screenshot saved at: ./target/screenshots/testTemplatesPageElementsInteraction_20250630121349.png | Exists: true
Removing the Context userId: 1 , SiteId: 1Starting setUp in BaseTest...
Creating BrowserInitializer...
Initializing browser...
[DEBUG] Browser from config: chrome
[DEBUG] initDriver called for browser: CHROME
[DEBUG] Using ChromeDriver path: src/main/resources/driver/chromedriver
[DEBUG] WebDriver successfully created: org.openqa.selenium.chrome.ChromeDriver
Getting driver from initializer...
Driver status after initialization: Driver exists
Initializing FluentLenium adapter...
FluentLenium initialization completed
Initializing test...
Test initialization completed
Setting the Context UserId:1 , siteId : 1
[DEBUG] WebDriver successfully created: org.openqa.selenium.chrome.ChromeDriver
Getting driver from initializer...
Driver status after initialization: Driver exists
Initializing FluentLenium adapter...
FluentLenium initialization completed
Initializing test...
Test initialization completed
Setting the Context UserId:1 , siteId : 1
[DEBUG] WebDriver successfully created: org.openqa.selenium.chrome.ChromeDriver
Getting driver from initializer...
Driver status after initialization: Driver exists
Initializing FluentLenium adapter...
FluentLenium initialization completed
Initializing test...
Test initialization completed
Setting the Context UserId:1 , siteId : 1
[DEBUG] WebDriver successfully created: org.openqa.selenium.chrome.ChromeDriver
Getting driver from initializer...
Driver status after initialization: Driver exists
Initializing FluentLenium adapter...
FluentLenium initialization completed
Initializing test...
Test initialization completed
Setting the Context UserId:1 , siteId : 1
[WARN] Could not find radio button or label for value: Desktop
[DEBUG] About to click the Create button in TemplatesActions1.clickCreateButton()
[DEBUG] Template name to be entered: autoTemplate1751222647257
[DEBUG] TemplateType: Boutique
[DEBUG] About to click the Create button in TemplatesActions1.clickCreateButton()
[DEBUG] widgetSize: 700
[WARN] Could not find radio button or label for value: Desktop
[DEBUG] About to click the Create button in TemplatesActions1.clickCreateButton()
Closed 'No Thanks' popup.
Closed 'No Thanks' popup.
Closed 'No Thanks' popup.
[DEBUG] Template name to be entered: autoTemplate1751222655677
[DEBUG] Template name to be entered: autoTemplate1751222656644
Closed 'No Thanks' popup.
[DEBUG] TemplateType: Boutique
[DEBUG] widgetSize: 700
[DEBUG] About to click the Create button in TemplatesActions1.clickCreateButton()
[DEBUG] Template name to be entered: autoTemplate1751222663993
[DEBUG] TemplateType: Boutique
[DEBUG] widgetSize: 700
[DEBUG] About to click the Create button in TemplatesActions1.clickCreateButton()
[DEBUG] About to click the Create button in TemplatesActions1.clickCreateButton()
[DEBUG] Template name to be entered: autoTemplate1751222670458
[DEBUG] TemplateType: Exit Intent Pop Up
[DEBUG] widgetSize: 700
[DEBUG] Template name to be entered: autoTemplate1751222674053
]]></system-out>
    <system-err><![CDATA[Starting ChromeDriver 136.0.7103.92 (cb81a4cc5087a8303a6c8827ee2b80b71d26e334-refs/branch-heads/7103@{#1840}) on port 1203
Only local connections are allowed.
Please see https://chromedriver.chromium.org/security-considerations for suggestions on keeping ChromeDriver safe.
ChromeDriver was started successfully on port 1203.
Starting ChromeDriver 136.0.7103.92 (cb81a4cc5087a8303a6c8827ee2b80b71d26e334-refs/branch-heads/7103@{#1840}) on port 38808
Only local connections are allowed.
Please see https://chromedriver.chromium.org/security-considerations for suggestions on keeping ChromeDriver safe.
ChromeDriver was started successfully on port 38808.
[1751222632.661][WARNING]: This version of ChromeDriver has not been tested with Chrome version 137.
Starting ChromeDriver 136.0.7103.92 (cb81a4cc5087a8303a6c8827ee2b80b71d26e334-refs/branch-heads/7103@{#1840}) on port 19277
Only local connections are allowed.
Please see https://chromedriver.chromium.org/security-considerations for suggestions on keeping ChromeDriver safe.
ChromeDriver was started successfully on port 19277.
[1751222632.948][WARNING]: This version of ChromeDriver has not been tested with Chrome version 137.
[1751222635.551][WARNING]: This version of ChromeDriver has not been tested with Chrome version 137.
[1751222635.640][WARNING]: This version of ChromeDriver has not been tested with Chrome version 137.
]]></system-err>
  </testcase>
  <testcase name="testTemplatesPageElementsInteraction" classname="UnbxdTests.testNG.consoleui.DVBoutiqueTemplateTest" time="41.532">
    <failure message="no such element: Unable to locate element: {&quot;method&quot;:&quot;css selector&quot;,&quot;selector&quot;:&quot;.template-dropdown-select.unbxd-new-dropdown button#dropdown-basic&quot;}&#10;  (Session info: chrome=137.0.7151.120)&#10;  (Driver info: chromedriver=136.0.7103.92 (cb81a4cc5087a8303a6c8827ee2b80b71d26e334-refs/branch-heads/7103@{#1840}),platform=Mac OS X 14.7.6 x86_64) (WARNING: The server did not provide any stacktrace information)&#10;Command duration or timeout: 20.06 seconds&#10;For documentation on this error, please visit: http://seleniumhq.org/exceptions/no_such_element.html&#10;Build info: version: &apos;2.53.1&apos;, revision: &apos;a36b8b1cd5757287168e54b817830adce9b0158d&apos;, time: &apos;2016-06-30 19:26:09&apos;&#10;System info: host: &apos;akhilsurigi.local&apos;, ip: &apos;127.0.0.1&apos;, os.name: &apos;Mac OS X&apos;, os.arch: &apos;x86_64&apos;, os.version: &apos;14.7.6&apos;, java.version: &apos;17.0.11&apos;&#10;Driver info: org.openqa.selenium.chrome.ChromeDriver&#10;Capabilities [{mobileEmulationEnabled=false, timeouts={implicit=0, pageLoad=300000, script=30000}, hasTouchScreen=false, platform=MAC, acceptSslCerts=false, goog:chromeOptions={debuggerAddress=localhost:60751}, webauthn:extension:credBlob=true, acceptInsecureCerts=false, fedcm:accounts=true, webStorageEnabled=true, browserName=chrome, takesScreenshot=true, javascriptEnabled=true, setWindowRect=true, webauthn:extension:largeBlob=true, unexpectedAlertBehaviour=ignore, rotatable=false, networkConnectionEnabled=false, chrome={chromedriverVersion=136.0.7103.92 (cb81a4cc5087a8303a6c8827ee2b80b71d26e334-refs/branch-heads/7103@{#1840}), userDataDir=/var/folders/jq/g7t0y59s7lnbqlgfqv3kgyph0000gn/T/.org.chromium.Chromium.R1Xx1b}, takesHeapSnapshot=true, pageLoadStrategy=normal, strictFileInteractability=false, databaseEnabled=false, handlesAlerts=true, version=137.0.7151.120, browserConnectionEnabled=false, proxy={}, nativeEvents=true, webauthn:extension:minPinLength=true, webauthn:extension:prf=true, locationContextEnabled=true, cssSelectorsEnabled=true, webauthn:virtualAuthenticators=true}]&#10;Session ID: b749c4750bd390c57935c2c051e456a6&#10;*** Element info: {Using=css selector, value=.template-dropdown-select.unbxd-new-dropdown button#dropdown-basic}" type="org.openqa.selenium.NoSuchElementException">org.openqa.selenium.NoSuchElementException: 
no such element: Unable to locate element: {"method":"css selector","selector":".template-dropdown-select.unbxd-new-dropdown button#dropdown-basic"}
  (Session info: chrome=137.0.7151.120)
  (Driver info: chromedriver=136.0.7103.92 (cb81a4cc5087a8303a6c8827ee2b80b71d26e334-refs/branch-heads/7103@{#1840}),platform=Mac OS X 14.7.6 x86_64) (WARNING: The server did not provide any stacktrace information)
Command duration or timeout: 20.06 seconds
For documentation on this error, please visit: http://seleniumhq.org/exceptions/no_such_element.html
Build info: version: '2.53.1', revision: 'a36b8b1cd5757287168e54b817830adce9b0158d', time: '2016-06-30 19:26:09'
System info: host: 'akhilsurigi.local', ip: '127.0.0.1', os.name: 'Mac OS X', os.arch: 'x86_64', os.version: '14.7.6', java.version: '17.0.11'
Driver info: org.openqa.selenium.chrome.ChromeDriver
Capabilities [{mobileEmulationEnabled=false, timeouts={implicit=0, pageLoad=300000, script=30000}, hasTouchScreen=false, platform=MAC, acceptSslCerts=false, goog:chromeOptions={debuggerAddress=localhost:60751}, webauthn:extension:credBlob=true, acceptInsecureCerts=false, fedcm:accounts=true, webStorageEnabled=true, browserName=chrome, takesScreenshot=true, javascriptEnabled=true, setWindowRect=true, webauthn:extension:largeBlob=true, unexpectedAlertBehaviour=ignore, rotatable=false, networkConnectionEnabled=false, chrome={chromedriverVersion=136.0.7103.92 (cb81a4cc5087a8303a6c8827ee2b80b71d26e334-refs/branch-heads/7103@{#1840}), userDataDir=/var/folders/jq/g7t0y59s7lnbqlgfqv3kgyph0000gn/T/.org.chromium.Chromium.R1Xx1b}, takesHeapSnapshot=true, pageLoadStrategy=normal, strictFileInteractability=false, databaseEnabled=false, handlesAlerts=true, version=137.0.7151.120, browserConnectionEnabled=false, proxy={}, nativeEvents=true, webauthn:extension:minPinLength=true, webauthn:extension:prf=true, locationContextEnabled=true, cssSelectorsEnabled=true, webauthn:virtualAuthenticators=true}]
Session ID: b749c4750bd390c57935c2c051e456a6
*** Element info: {Using=css selector, value=.template-dropdown-select.unbxd-new-dropdown button#dropdown-basic}
	at UnbxdTests.testNG.consoleui.DVBoutiqueTemplateTest.testTemplatesPageElementsInteraction(DVBoutiqueTemplateTest.java:47)
</failure>
    <system-out><![CDATA[Screenshot saved at: ./target/screenshots/testTemplatesPageElementsInteraction_20250630121437.png | Exists: true
Removing the Context userId: 1 , SiteId: 1]]></system-out>
  </testcase>
  <testcase name="testTemplatesPageElementsInteraction" classname="UnbxdTests.testNG.consoleui.MHboutiqueTemplateTest" time="114.661"/>
  <testcase name="testTemplatesPageElementsInteraction" classname="UnbxdTests.testNG.consoleui.MHtinderLikeBehaviorTemplateTest" time="120.014"/>
  <testcase name="testTemplatesPageElementsInteraction" classname="UnbxdTests.testNG.consoleui.DVexitIntentTemplateTest" time="121.944"/>
  <testcase name="testTemplatesPageElementsInteraction" classname="UnbxdTests.testNG.consoleui.DHBoutiqueTemplateTest" time="125.179"/>
  <testcase name="testTemplatesPageElementsInteraction" classname="UnbxdTests.testNG.consoleui.MVinstagramLikeBehaviorTemplateTest" time="126.398">
    <failure message="no such element: Unable to locate element: {&quot;method&quot;:&quot;css selector&quot;,&quot;selector&quot;:&quot;.unbxd-side-drawer-footer button[type=&apos;button&apos;]&quot;}&#10;  (Session info: chrome=137.0.7151.120)&#10;  (Driver info: chromedriver=136.0.7103.92 (cb81a4cc5087a8303a6c8827ee2b80b71d26e334-refs/branch-heads/7103@{#1840}),platform=Mac OS X 14.7.6 x86_64) (WARNING: The server did not provide any stacktrace information)&#10;Command duration or timeout: 20.01 seconds&#10;For documentation on this error, please visit: http://seleniumhq.org/exceptions/no_such_element.html&#10;Build info: version: &apos;2.53.1&apos;, revision: &apos;a36b8b1cd5757287168e54b817830adce9b0158d&apos;, time: &apos;2016-06-30 19:26:09&apos;&#10;System info: host: &apos;akhilsurigi.local&apos;, ip: &apos;127.0.0.1&apos;, os.name: &apos;Mac OS X&apos;, os.arch: &apos;x86_64&apos;, os.version: &apos;14.7.6&apos;, java.version: &apos;17.0.11&apos;&#10;Driver info: org.openqa.selenium.chrome.ChromeDriver&#10;Capabilities [{mobileEmulationEnabled=false, timeouts={implicit=0, pageLoad=300000, script=30000}, hasTouchScreen=false, platform=MAC, acceptSslCerts=false, goog:chromeOptions={debuggerAddress=localhost:61498}, webauthn:extension:credBlob=true, acceptInsecureCerts=false, fedcm:accounts=true, webStorageEnabled=true, browserName=chrome, takesScreenshot=true, javascriptEnabled=true, setWindowRect=true, webauthn:extension:largeBlob=true, unexpectedAlertBehaviour=ignore, rotatable=false, networkConnectionEnabled=false, chrome={chromedriverVersion=136.0.7103.92 (cb81a4cc5087a8303a6c8827ee2b80b71d26e334-refs/branch-heads/7103@{#1840}), userDataDir=/var/folders/jq/g7t0y59s7lnbqlgfqv3kgyph0000gn/T/.org.chromium.Chromium.4ghxmB}, takesHeapSnapshot=true, pageLoadStrategy=normal, strictFileInteractability=false, databaseEnabled=false, handlesAlerts=true, version=137.0.7151.120, browserConnectionEnabled=false, proxy={}, nativeEvents=true, webauthn:extension:minPinLength=true, webauthn:extension:prf=true, locationContextEnabled=true, cssSelectorsEnabled=true, webauthn:virtualAuthenticators=true}]&#10;Session ID: 4263cd71f313933c75f9d18f57c4bd49&#10;*** Element info: {Using=css selector, value=.unbxd-side-drawer-footer button[type=&apos;button&apos;]}" type="org.openqa.selenium.NoSuchElementException">org.openqa.selenium.NoSuchElementException: 
no such element: Unable to locate element: {"method":"css selector","selector":".unbxd-side-drawer-footer button[type='button']"}
  (Session info: chrome=137.0.7151.120)
  (Driver info: chromedriver=136.0.7103.92 (cb81a4cc5087a8303a6c8827ee2b80b71d26e334-refs/branch-heads/7103@{#1840}),platform=Mac OS X 14.7.6 x86_64) (WARNING: The server did not provide any stacktrace information)
Command duration or timeout: 20.01 seconds
For documentation on this error, please visit: http://seleniumhq.org/exceptions/no_such_element.html
Build info: version: '2.53.1', revision: 'a36b8b1cd5757287168e54b817830adce9b0158d', time: '2016-06-30 19:26:09'
System info: host: 'akhilsurigi.local', ip: '127.0.0.1', os.name: 'Mac OS X', os.arch: 'x86_64', os.version: '14.7.6', java.version: '17.0.11'
Driver info: org.openqa.selenium.chrome.ChromeDriver
Capabilities [{mobileEmulationEnabled=false, timeouts={implicit=0, pageLoad=300000, script=30000}, hasTouchScreen=false, platform=MAC, acceptSslCerts=false, goog:chromeOptions={debuggerAddress=localhost:61498}, webauthn:extension:credBlob=true, acceptInsecureCerts=false, fedcm:accounts=true, webStorageEnabled=true, browserName=chrome, takesScreenshot=true, javascriptEnabled=true, setWindowRect=true, webauthn:extension:largeBlob=true, unexpectedAlertBehaviour=ignore, rotatable=false, networkConnectionEnabled=false, chrome={chromedriverVersion=136.0.7103.92 (cb81a4cc5087a8303a6c8827ee2b80b71d26e334-refs/branch-heads/7103@{#1840}), userDataDir=/var/folders/jq/g7t0y59s7lnbqlgfqv3kgyph0000gn/T/.org.chromium.Chromium.4ghxmB}, takesHeapSnapshot=true, pageLoadStrategy=normal, strictFileInteractability=false, databaseEnabled=false, handlesAlerts=true, version=137.0.7151.120, browserConnectionEnabled=false, proxy={}, nativeEvents=true, webauthn:extension:minPinLength=true, webauthn:extension:prf=true, locationContextEnabled=true, cssSelectorsEnabled=true, webauthn:virtualAuthenticators=true}]
Session ID: 4263cd71f313933c75f9d18f57c4bd49
*** Element info: {Using=css selector, value=.unbxd-side-drawer-footer button[type='button']}
	at UnbxdTests.testNG.consoleui.MVinstagramLikeBehaviorTemplateTest.testTemplatesPageElementsInteraction(MVinstagramLikeBehaviorTemplateTest.java:47)
</failure>
    <system-out><![CDATA[Removing the Context userId: 1 , SiteId: 1]]></system-out>
  </testcase>
  <testcase name="testTemplatesPageElementsInteraction" classname="UnbxdTests.testNG.consoleui.MVstandardWidgetTemplateTest" time="126.788">
    <failure message="no such element: Unable to locate element: {&quot;method&quot;:&quot;css selector&quot;,&quot;selector&quot;:&quot;.unbxd-side-drawer-footer button[type=&apos;button&apos;]&quot;}&#10;  (Session info: chrome=137.0.7151.120)&#10;  (Driver info: chromedriver=136.0.7103.92 (cb81a4cc5087a8303a6c8827ee2b80b71d26e334-refs/branch-heads/7103@{#1840}),platform=Mac OS X 14.7.6 x86_64) (WARNING: The server did not provide any stacktrace information)&#10;Command duration or timeout: 20.06 seconds&#10;For documentation on this error, please visit: http://seleniumhq.org/exceptions/no_such_element.html&#10;Build info: version: &apos;2.53.1&apos;, revision: &apos;a36b8b1cd5757287168e54b817830adce9b0158d&apos;, time: &apos;2016-06-30 19:26:09&apos;&#10;System info: host: &apos;akhilsurigi.local&apos;, ip: &apos;127.0.0.1&apos;, os.name: &apos;Mac OS X&apos;, os.arch: &apos;x86_64&apos;, os.version: &apos;14.7.6&apos;, java.version: &apos;17.0.11&apos;&#10;Driver info: org.openqa.selenium.chrome.ChromeDriver&#10;Capabilities [{mobileEmulationEnabled=false, timeouts={implicit=0, pageLoad=300000, script=30000}, hasTouchScreen=false, platform=MAC, acceptSslCerts=false, goog:chromeOptions={debuggerAddress=localhost:61520}, webauthn:extension:credBlob=true, acceptInsecureCerts=false, fedcm:accounts=true, webStorageEnabled=true, browserName=chrome, takesScreenshot=true, javascriptEnabled=true, setWindowRect=true, webauthn:extension:largeBlob=true, unexpectedAlertBehaviour=ignore, rotatable=false, networkConnectionEnabled=false, chrome={chromedriverVersion=136.0.7103.92 (cb81a4cc5087a8303a6c8827ee2b80b71d26e334-refs/branch-heads/7103@{#1840}), userDataDir=/var/folders/jq/g7t0y59s7lnbqlgfqv3kgyph0000gn/T/.org.chromium.Chromium.226xcu}, takesHeapSnapshot=true, pageLoadStrategy=normal, strictFileInteractability=false, databaseEnabled=false, handlesAlerts=true, version=137.0.7151.120, browserConnectionEnabled=false, proxy={}, nativeEvents=true, webauthn:extension:minPinLength=true, webauthn:extension:prf=true, locationContextEnabled=true, cssSelectorsEnabled=true, webauthn:virtualAuthenticators=true}]&#10;Session ID: d77c4cb458aaba8f6c36c150705afd6a&#10;*** Element info: {Using=css selector, value=.unbxd-side-drawer-footer button[type=&apos;button&apos;]}" type="org.openqa.selenium.NoSuchElementException">org.openqa.selenium.NoSuchElementException: 
no such element: Unable to locate element: {"method":"css selector","selector":".unbxd-side-drawer-footer button[type='button']"}
  (Session info: chrome=137.0.7151.120)
  (Driver info: chromedriver=136.0.7103.92 (cb81a4cc5087a8303a6c8827ee2b80b71d26e334-refs/branch-heads/7103@{#1840}),platform=Mac OS X 14.7.6 x86_64) (WARNING: The server did not provide any stacktrace information)
Command duration or timeout: 20.06 seconds
For documentation on this error, please visit: http://seleniumhq.org/exceptions/no_such_element.html
Build info: version: '2.53.1', revision: 'a36b8b1cd5757287168e54b817830adce9b0158d', time: '2016-06-30 19:26:09'
System info: host: 'akhilsurigi.local', ip: '127.0.0.1', os.name: 'Mac OS X', os.arch: 'x86_64', os.version: '14.7.6', java.version: '17.0.11'
Driver info: org.openqa.selenium.chrome.ChromeDriver
Capabilities [{mobileEmulationEnabled=false, timeouts={implicit=0, pageLoad=300000, script=30000}, hasTouchScreen=false, platform=MAC, acceptSslCerts=false, goog:chromeOptions={debuggerAddress=localhost:61520}, webauthn:extension:credBlob=true, acceptInsecureCerts=false, fedcm:accounts=true, webStorageEnabled=true, browserName=chrome, takesScreenshot=true, javascriptEnabled=true, setWindowRect=true, webauthn:extension:largeBlob=true, unexpectedAlertBehaviour=ignore, rotatable=false, networkConnectionEnabled=false, chrome={chromedriverVersion=136.0.7103.92 (cb81a4cc5087a8303a6c8827ee2b80b71d26e334-refs/branch-heads/7103@{#1840}), userDataDir=/var/folders/jq/g7t0y59s7lnbqlgfqv3kgyph0000gn/T/.org.chromium.Chromium.226xcu}, takesHeapSnapshot=true, pageLoadStrategy=normal, strictFileInteractability=false, databaseEnabled=false, handlesAlerts=true, version=137.0.7151.120, browserConnectionEnabled=false, proxy={}, nativeEvents=true, webauthn:extension:minPinLength=true, webauthn:extension:prf=true, locationContextEnabled=true, cssSelectorsEnabled=true, webauthn:virtualAuthenticators=true}]
Session ID: d77c4cb458aaba8f6c36c150705afd6a
*** Element info: {Using=css selector, value=.unbxd-side-drawer-footer button[type='button']}
	at UnbxdTests.testNG.consoleui.MVstandardWidgetTemplateTest.testTemplatesPageElementsInteraction(MVstandardWidgetTemplateTest.java:46)
</failure>
    <system-out><![CDATA[Screenshot saved at: ./target/screenshots/testTemplatesPageElementsInteraction_20250630121619.png | Exists: true
Removing the Context userId: 1 , SiteId: 1]]></system-out>
  </testcase>
  <testcase name="testTemplatesPageElementsInteraction" classname="UnbxdTests.testNG.consoleui.MVboutiqueTemplateTest" time="178.412"/>
  <testcase name="testTemplatesPageElementsInteraction" classname="UnbxdTests.testNG.consoleui.MVtinderLikeBehaviorTemplateTest" time="216.604"/>
</testsuite>