<?xml version="1.0" encoding="UTF-8"?>
<!-- Generated by org.testng.reporters.JUnitReportReporter -->
<testsuite hostname="akhilsurigi.local" failures="0" tests="2" name="UnbxdTests.testNG.consoleui.GBFiltersTest" time="73.992" errors="0" timestamp="2025-06-11T12:03:10 IST" skipped="0">
  <testcase classname="UnbxdTests.testNG.consoleui.GBFiltersTest" name="createGBFilterTest" time="73.992"/>
  <system-out/>
  <testcase classname="UnbxdTests.testNG.consoleui.GBFiltersTest" name="sanityTest" time="0.000"/>
  <system-out/>
</testsuite> <!-- UnbxdTests.testNG.consoleui.GBFiltersTest -->
