<?xml version="1.0" encoding="UTF-8"?>
<!-- Generated by org.testng.reporters.JUnitReportReporter -->
<testsuite hostname="akhilsurigi.local" failures="0" tests="1" name="UnbxdTests.testNG.consoleui.CoreAlgorithmsTest" time="83.118" errors="0" timestamp="2025-06-27T15:34:31 IST" skipped="0">
  <testcase classname="UnbxdTests.testNG.consoleui.CoreAlgorithmsTest" name="testNavigateToCoreAlgorithmsPage" time="83.118"/>
  <system-out/>
</testsuite> <!-- UnbxdTests.testNG.consoleui.CoreAlgorithmsTest -->
