<?xml version="1.0" encoding="UTF-8"?>
<!-- Generated by org.testng.reporters.JUnitReportReporter -->
<testsuite hostname="akhilsurigi.local" failures="0" tests="1" name="UnbxdTests.testNG.consoleui.broadCastPageTest" time="124.014" errors="0" timestamp="2025-06-30T00:17:50 IST" skipped="0">
  <testcase classname="UnbxdTests.testNG.consoleui.broadCastPageTest" name="createBroadCastExperience" time="124.014"/>
  <system-out/>
</testsuite> <!-- UnbxdTests.testNG.consoleui.broadCastPageTest -->
