<?xml version="1.0" encoding="UTF-8"?>
<!-- Generated by org.testng.reporters.JUnitReportReporter -->
<testsuite hostname="akhilsurigi.local" failures="0" tests="5" name="UnbxdTests.testNG.consoleui.ExpTest" time="534.496" errors="0" timestamp="2025-06-27T15:01:13 IST" skipped="0">
  <testcase classname="UnbxdTests.testNG.consoleui.ExpTest" name="createExperienceTest" time="114.419"/>
  <system-out/>
  <testcase classname="UnbxdTests.testNG.consoleui.ExpTest" name="createExperienceTest" time="113.894"/>
  <system-out/>
  <testcase classname="UnbxdTests.testNG.consoleui.ExpTest" name="createExperienceTest" time="76.496"/>
  <system-out/>
  <testcase classname="UnbxdTests.testNG.consoleui.ExpTest" name="createExperienceTest" time="115.184"/>
  <system-out/>
  <testcase classname="UnbxdTests.testNG.consoleui.ExpTest" name="createExperienceTest" time="114.503"/>
  <system-out/>
</testsuite> <!-- UnbxdTests.testNG.consoleui.ExpTest -->
