<?xml version="1.0" encoding="UTF-8"?>
<!-- Generated by org.testng.reporters.JUnitReportReporter -->
<testsuite hostname="akhilsurigi.local" failures="0" tests="1" name="UnbxdTests.testNG.consoleui.DHstandardWidgettemplateTest" time="163.083" errors="0" timestamp="2025-06-27T14:47:45 IST" skipped="0">
  <testcase classname="UnbxdTests.testNG.consoleui.DHstandardWidgettemplateTest" name="testTemplatesPageElementsInteraction" time="163.083"/>
  <system-out/>
</testsuite> <!-- UnbxdTests.testNG.consoleui.DHstandardWidgettemplateTest -->
