<?xml version="1.0" encoding="UTF-8"?>
<!-- Generated by org.testng.reporters.JUnitReportReporter -->
<testsuite hostname="akhilsurigi.local" failures="0" tests="1" name="UnbxdTests.testNG.consoleui.MHboutiqueTemplateTest" time="185.060" errors="0" timestamp="2025-06-30T00:17:50 IST" skipped="0">
  <testcase classname="UnbxdTests.testNG.consoleui.MHboutiqueTemplateTest" name="testTemplatesPageElementsInteraction" time="185.060"/>
  <system-out/>
</testsuite> <!-- UnbxdTests.testNG.consoleui.MHboutiqueTemplateTest -->
