<?xml version="1.0" encoding="UTF-8"?>
<!-- Generated by org.testng.reporters.JUnitReportReporter -->
<testsuite hostname="akhilsurigi.local" failures="0" tests="2" name="UnbxdTests.testNG.consoleui.topsellersCustomAlgoTest" time="112.973" errors="0" timestamp="2025-06-30T00:17:50 IST" skipped="0">
  <testcase classname="UnbxdTests.testNG.consoleui.topsellersCustomAlgoTest" name="testCustomAlgorithm" time="50.595"/>
  <system-out/>
  <testcase classname="UnbxdTests.testNG.consoleui.topsellersCustomAlgoTest" name="testCustomAlgorithm" time="62.378"/>
  <system-out/>
</testsuite> <!-- UnbxdTests.testNG.consoleui.topsellersCustomAlgoTest -->
