<?xml version="1.0" encoding="UTF-8"?>
<!-- Generated by org.testng.reporters.JUnitReportReporter -->
<testsuite hostname="akhilsurigi.local" failures="0" tests="1" name="UnbxdTests.testNG.consoleui.BoutiqueExperienceTest" time="61.109" errors="0" timestamp="2025-06-27T15:45:50 IST" skipped="0">
  <testcase classname="UnbxdTests.testNG.consoleui.BoutiqueExperienceTest" name="createBoutiqueExperience" time="61.109"/>
  <system-out/>
</testsuite> <!-- UnbxdTests.testNG.consoleui.BoutiqueExperienceTest -->
