<?xml version="1.0" encoding="UTF-8"?>
<!-- Generated by org.testng.reporters.JUnitReportReporter -->
<testsuite hostname="akhilsurigi.local" failures="0" tests="1" name="UnbxdTests.testNG.consoleui.MVinstagramLikeBehaviorTemplateTest" time="198.224" errors="0" timestamp="2025-07-16T10:54:20 IST" skipped="0">
  <testcase classname="UnbxdTests.testNG.consoleui.MVinstagramLikeBehaviorTemplateTest" name="testTemplatesPageElementsInteraction" time="198.224"/>
  <system-out/>
</testsuite> <!-- UnbxdTests.testNG.consoleui.MVinstagramLikeBehaviorTemplateTest -->
