<?xml version="1.0" encoding="UTF-8"?>
<!-- Generated by org.testng.reporters.JUnitReportReporter -->
<testsuite hostname="akhilsurigi.local" failures="0" tests="1" name="UnbxdTests.testNG.consoleui.DVexitIntentTemplateTest" time="192.789" errors="0" timestamp="2025-06-30T00:17:50 IST" skipped="0">
  <testcase classname="UnbxdTests.testNG.consoleui.DVexitIntentTemplateTest" name="testTemplatesPageElementsInteraction" time="192.789"/>
  <system-out/>
</testsuite> <!-- UnbxdTests.testNG.consoleui.DVexitIntentTemplateTest -->
