<?xml version="1.0" encoding="UTF-8"?>
<!-- Generated by org.testng.reporters.JUnitReportReporter -->
<testsuite hostname="akhilsurigi.local" failures="0" tests="1" name="UnbxdTests.testNG.consoleui.MHstandardWidgettemplateTest" time="156.826" errors="0" timestamp="2025-07-16T10:54:20 IST" skipped="0">
  <testcase classname="UnbxdTests.testNG.consoleui.MHstandardWidgettemplateTest" name="testTemplatesPageElementsInteraction" time="156.826"/>
  <system-out/>
</testsuite> <!-- UnbxdTests.testNG.consoleui.MHstandardWidgettemplateTest -->
