<?xml version="1.0" encoding="UTF-8"?>
<!-- Generated by org.testng.reporters.JUnitReportReporter -->
<testsuite hostname="akhilsurigi.local" failures="0" tests="5" name="UnbxdTests.testNG.consoleui.ExpTest" time="901.070" errors="1" timestamp="2025-07-16T10:54:20 IST" skipped="0">
  <testcase classname="UnbxdTests.testNG.consoleui.ExpTest" name="createExperienceTest" time="220.520"/>
  <system-out/>
  <testcase classname="UnbxdTests.testNG.consoleui.ExpTest" name="createExperienceTest" time="227.790"/>
  <system-out/>
  <testcase classname="UnbxdTests.testNG.consoleui.ExpTest" name="createExperienceTest" time="215.441"/>
  <system-out/>
  <testcase classname="UnbxdTests.testNG.consoleui.ExpTest" name="createExperienceTest" time="211.703"/>
  <system-out/>
  <testcase classname="UnbxdTests.testNG.consoleui.ExpTest" name="createExperienceTest" time="25.616">
    <error message="Failed to set experience name after retries" type="java.lang.RuntimeException">
      <![CDATA[java.lang.RuntimeException: Failed to set experience name after retries
at core.consoleui.actions.ExpActions.robustSetExperienceName(ExpActions.java:113)
at core.consoleui.actions.ExpActions.enterRandomExperienceName(ExpActions.java:68)
at UnbxdTests.testNG.consoleui.ExpTest.createExperienceTest(ExpTest.java:59)
at java.base/jdk.internal.reflect.NativeMethodAccessorImpl.invoke0(Native Method)
at java.base/jdk.internal.reflect.NativeMethodAccessorImpl.invoke(NativeMethodAccessorImpl.java:77)
at java.base/jdk.internal.reflect.DelegatingMethodAccessorImpl.invoke(DelegatingMethodAccessorImpl.java:43)
at java.base/java.lang.reflect.Method.invoke(Method.java:568)
at org.testng.internal.invokers.MethodInvocationHelper.invokeMethod(MethodInvocationHelper.java:139)
at org.testng.internal.invokers.TestInvoker.invokeMethod(TestInvoker.java:677)
at org.testng.internal.invokers.TestInvoker.invokeTestMethod(TestInvoker.java:221)
at org.testng.internal.invokers.MethodRunner.runInSequence(MethodRunner.java:50)
at org.testng.internal.invokers.TestInvoker$MethodInvocationAgent.invoke(TestInvoker.java:969)
at org.testng.internal.invokers.TestInvoker.invokeTestMethods(TestInvoker.java:194)
at org.testng.internal.invokers.TestMethodWorker.invokeTestMethods(TestMethodWorker.java:148)
at org.testng.internal.invokers.TestMethodWorker.run(TestMethodWorker.java:128)
at java.base/java.util.concurrent.ThreadPoolExecutor.runWorker(ThreadPoolExecutor.java:1136)
at java.base/java.util.concurrent.ThreadPoolExecutor$Worker.run(ThreadPoolExecutor.java:635)
at java.base/java.lang.Thread.run(Thread.java:840)
]]>
    </error>
  </testcase> <!-- createExperienceTest -->
  <system-out/>
</testsuite> <!-- UnbxdTests.testNG.consoleui.ExpTest -->
