<?xml version="1.0" encoding="UTF-8"?>
<!-- Generated by org.testng.reporters.JUnitReportReporter -->
<testsuite hostname="akhilsurigi.local" failures="0" tests="1" name="UnbxdTests.testNG.consoleui.JourneyExperienceTest" time="124.055" errors="0" timestamp="2025-06-30T00:17:50 IST" skipped="0">
  <testcase classname="UnbxdTests.testNG.consoleui.JourneyExperienceTest" name="createJourneyExperience" time="124.055"/>
  <system-out/>
</testsuite> <!-- UnbxdTests.testNG.consoleui.JourneyExperienceTest -->
