<?xml version="1.0" encoding="UTF-8"?>
<!-- Generated by org.testng.reporters.JUnitReportReporter -->
<testsuite hostname="akhilsurigi.local" failures="0" tests="6" name="UnbxdTests.testNG.consoleui.CustomAlgorithmsTest" time="460.594" errors="0" timestamp="2025-06-27T15:43:26 IST" skipped="0">
  <testcase classname="UnbxdTests.testNG.consoleui.CustomAlgorithmsTest" name="testCustomAlgorithm" time="76.955"/>
  <system-out/>
  <testcase classname="UnbxdTests.testNG.consoleui.CustomAlgorithmsTest" name="testCustomAlgorithm" time="60.473"/>
  <system-out/>
  <testcase classname="UnbxdTests.testNG.consoleui.CustomAlgorithmsTest" name="testCustomAlgorithm" time="78.085"/>
  <system-out/>
  <testcase classname="UnbxdTests.testNG.consoleui.CustomAlgorithmsTest" name="testCustomAlgorithm" time="76.978"/>
  <system-out/>
  <testcase classname="UnbxdTests.testNG.consoleui.CustomAlgorithmsTest" name="testCustomAlgorithm" time="76.765"/>
  <system-out/>
  <testcase classname="UnbxdTests.testNG.consoleui.CustomAlgorithmsTest" name="testCustomAlgorithm" time="91.338"/>
  <system-out/>
</testsuite> <!-- UnbxdTests.testNG.consoleui.CustomAlgorithmsTest -->
