<?xml version="1.0" encoding="UTF-8"?>
<!-- Generated by org.testng.reporters.JUnitReportReporter -->
<testsuite hostname="akhilsurigi.local" failures="0" tests="1" name="UnbxdTests.testNG.consoleui.MVboutiqueTemplateTest" time="183.925" errors="0" timestamp="2025-07-16T10:54:20 IST" skipped="0">
  <testcase classname="UnbxdTests.testNG.consoleui.MVboutiqueTemplateTest" name="testTemplatesPageElementsInteraction" time="183.925"/>
  <system-out/>
</testsuite> <!-- UnbxdTests.testNG.consoleui.MVboutiqueTemplateTest -->
